14.11.2021 22:03:53 [JavaFX Application Thread] INFO   r.v.v.f.gameworld.GameField - The field has been created
14.11.2021 22:03:53 [JavaFX Application Thread] INFO   r.v.v.foxAndGeese.view.Pane - The pane is full
14.11.2021 22:04:59 [JavaFX Application Thread] INFO   r.v.v.f.game.GameController - The fox was rearranged from  16 to 23
14.11.2021 22:05:00 [JavaFX Application Thread] INFO   r.v.v.f.game.GameController - The goose was rearranged from  10 to 17
14.11.2021 22:05:01 [JavaFX Application Thread] INFO   r.v.v.f.game.GameController - The fox was rearranged from  23 to 24
14.11.2021 22:05:18 [JavaFX Application Thread] INFO   r.v.v.f.gameworld.GameField - The field has been created
14.11.2021 22:05:18 [JavaFX Application Thread] INFO   r.v.v.foxAndGeese.view.Pane - The pane is full
14.11.2021 22:05:19 [JavaFX Application Thread] INFO   r.v.v.f.game.GameController - The fox was rearranged from  16 to 17
14.11.2021 22:05:21 [JavaFX Application Thread] INFO   r.v.v.f.game.GameController - The goose was rearranged from  9 to 16
14.11.2021 22:05:24 [JavaFX Application Thread] INFO   r.v.v.f.game.GameController - The fox was rearranged from  17 to 18
14.11.2021 22:06:37 [JavaFX Application Thread] INFO   r.v.v.f.gameworld.GameField - The field has been created
14.11.2021 22:06:38 [JavaFX Application Thread] INFO   r.v.v.foxAndGeese.view.Pane - The pane is full
14.11.2021 22:06:40 [JavaFX Application Thread] INFO   r.v.v.f.game.GameController - The fox was rearranged from  16 to 23
14.11.2021 22:06:50 [main] INFO   ru.vsu.vadim.foxAndGeese.Main - Application started.
14.11.2021 22:07:19 [JavaFX Application Thread] INFO   r.v.v.f.gameworld.GameField - The field has been created
14.11.2021 22:07:19 [JavaFX Application Thread] INFO   r.v.v.foxAndGeese.view.Pane - The pane is full
14.11.2021 22:07:21 [JavaFX Application Thread] INFO   r.v.v.f.game.GameController - The fox was rearranged from  16 to 15
14.11.2021 22:07:28 [JavaFX Application Thread] INFO   r.v.v.f.gameworld.GameField - The field has been created
14.11.2021 22:07:29 [JavaFX Application Thread] INFO   r.v.v.foxAndGeese.view.Pane - The pane is full
14.11.2021 22:07:31 [JavaFX Application Thread] INFO   r.v.v.f.game.GameController - The fox was rearranged from  16 to 17
14.11.2021 22:07:32 [JavaFX Application Thread] INFO   r.v.v.f.game.GameController - The goose was rearranged from  8 to 15
14.11.2021 22:07:33 [JavaFX Application Thread] INFO   r.v.v.f.game.GameController - The fox was rearranged from  17 to 24
14.11.2021 22:07:34 [JavaFX Application Thread] INFO   r.v.v.f.game.GameController - The goose was rearranged from  10 to 17
14.11.2021 22:07:35 [JavaFX Application Thread] INFO   r.v.v.f.game.GameController - The fox was rearranged from  24 to 23
14.11.2021 22:07:36 [JavaFX Application Thread] INFO   r.v.v.f.game.GameController - The goose was rearranged from  9 to 16
14.11.2021 22:07:37 [JavaFX Application Thread] INFO   r.v.v.f.game.GameController - The fox was rearranged from  23 to 28
14.11.2021 22:07:38 [JavaFX Application Thread] INFO   r.v.v.f.game.GameController - The goose was rearranged from  17 to 24
14.11.2021 22:07:39 [JavaFX Application Thread] INFO   r.v.v.f.game.GameController - The fox was rearranged from  28 to 23
14.11.2021 22:07:39 [JavaFX Application Thread] INFO   r.v.v.f.game.GameController - The goose was rearranged from  24 to 25
14.11.2021 22:07:41 [JavaFX Application Thread] INFO   r.v.v.f.game.GameController - The fox was rearranged from  23 to 24
14.11.2021 22:07:45 [main] INFO   ru.vsu.vadim.foxAndGeese.Main - Application started.
14.11.2021 22:11:05 [JavaFX Application Thread] INFO   r.v.v.f.gameworld.GameField - The field has been created
14.11.2021 22:11:05 [JavaFX Application Thread] INFO   r.v.v.foxAndGeese.view.Pane - The pane is full
14.11.2021 22:11:07 [JavaFX Application Thread] INFO   r.v.v.f.game.GameController - The fox was rearranged from  16 to 17
14.11.2021 22:11:25 [JavaFX Application Thread] INFO   r.v.v.f.gameworld.GameField - The field has been created
14.11.2021 22:11:25 [JavaFX Application Thread] INFO   r.v.v.foxAndGeese.view.Pane - The pane is full
14.11.2021 22:11:29 [JavaFX Application Thread] INFO   r.v.v.f.game.GameController - The fox was rearranged from  16 to 15
14.11.2021 22:11:30 [JavaFX Application Thread] INFO   r.v.v.f.game.GameController - The goose was rearranged from  10 to 17
14.11.2021 22:11:31 [JavaFX Application Thread] INFO   r.v.v.f.game.GameController - The fox was rearranged from  15 to 14
14.11.2021 22:11:34 [JavaFX Application Thread] INFO   r.v.v.f.game.GameController - The goose was rearranged from  17 to 24
14.11.2021 22:11:35 [JavaFX Application Thread] INFO   r.v.v.f.game.GameController - The fox was rearranged from  14 to 15
14.11.2021 22:11:43 [JavaFX Application Thread] INFO   r.v.v.f.gameworld.GameField - The field has been created
14.11.2021 22:11:43 [JavaFX Application Thread] INFO   r.v.v.foxAndGeese.view.Pane - The pane is full
14.11.2021 22:11:53 [JavaFX Application Thread] INFO   r.v.v.f.game.GameController - The fox was rearranged from  16 to 17
14.11.2021 22:12:01 [main] INFO   ru.vsu.vadim.foxAndGeese.Main - Application started.
14.11.2021 22:12:44 [JavaFX Application Thread] INFO   r.v.v.f.gameworld.GameField - The field has been created
14.11.2021 22:12:44 [JavaFX Application Thread] INFO   r.v.v.foxAndGeese.view.Pane - The pane is full
14.11.2021 22:12:46 [JavaFX Application Thread] INFO   r.v.v.f.game.GameController - The fox was rearranged from  16 to 23
14.11.2021 22:12:47 [JavaFX Application Thread] INFO   r.v.v.f.game.GameController - The goose was rearranged from  8 to 15
14.11.2021 22:12:48 [JavaFX Application Thread] INFO   r.v.v.f.game.GameController - The fox was rearranged from  23 to 16
14.11.2021 22:12:50 [JavaFX Application Thread] INFO   r.v.v.f.game.GameController - The goose was rearranged from  10 to 17
14.11.2021 22:12:51 [JavaFX Application Thread] INFO   r.v.v.f.game.GameController - The fox was rearranged from  16 to 23
14.11.2021 22:12:52 [JavaFX Application Thread] INFO   r.v.v.f.game.GameController - The goose was rearranged from  9 to 10
14.11.2021 22:12:54 [JavaFX Application Thread] INFO   r.v.v.f.game.GameController - The fox was rearranged from  23 to 22
14.11.2021 22:13:21 [JavaFX Application Thread] INFO   r.v.v.f.gameworld.GameField - The field has been created
14.11.2021 22:13:21 [JavaFX Application Thread] INFO   r.v.v.foxAndGeese.view.Pane - The pane is full
14.11.2021 22:15:11 [JavaFX Application Thread] INFO   r.v.v.f.gameworld.GameField - The field has been created
14.11.2021 22:15:11 [JavaFX Application Thread] INFO   r.v.v.foxAndGeese.view.Pane - The pane is full
14.11.2021 22:15:12 [JavaFX Application Thread] INFO   r.v.v.f.game.GameController - The fox was rearranged from  16 to 23
14.11.2021 22:16:43 [JavaFX Application Thread] INFO   r.v.v.f.gameworld.GameField - The field has been created
14.11.2021 22:16:44 [JavaFX Application Thread] INFO   r.v.v.foxAndGeese.view.Pane - The pane is full
14.11.2021 22:16:45 [JavaFX Application Thread] INFO   r.v.v.f.game.GameController - The fox was rearranged from  16 to 17
14.11.2021 22:17:35 [main] INFO   ru.vsu.vadim.foxAndGeese.Main - Application started.
14.11.2021 22:17:56 [JavaFX Application Thread] INFO   r.v.v.f.gameworld.GameField - The field has been created
14.11.2021 22:17:56 [JavaFX Application Thread] INFO   r.v.v.foxAndGeese.view.Pane - The pane is full
14.11.2021 22:17:58 [JavaFX Application Thread] INFO   r.v.v.f.game.GameController - The fox was rearranged from  16 to 15
14.11.2021 22:17:58 [JavaFX Application Thread] INFO   r.v.v.f.game.GameController - The goose was rearranged from  9 to 16
14.11.2021 22:17:59 [JavaFX Application Thread] INFO   r.v.v.f.game.GameController - The fox was rearranged from  15 to 14
14.11.2021 22:18:00 [JavaFX Application Thread] INFO   r.v.v.f.game.GameController - The goose was rearranged from  16 to 23
14.11.2021 22:18:01 [JavaFX Application Thread] INFO   r.v.v.f.game.GameController - The fox was rearranged from  14 to 21
14.11.2021 22:18:02 [JavaFX Application Thread] INFO   r.v.v.f.game.GameController - The goose was rearranged from  23 to 24
14.11.2021 22:18:13 [JavaFX Application Thread] INFO   r.v.v.f.gameworld.GameField - The field has been created
14.11.2021 22:18:13 [JavaFX Application Thread] INFO   r.v.v.foxAndGeese.view.Pane - The pane is full
14.11.2021 22:18:15 [JavaFX Application Thread] INFO   r.v.v.f.game.GameController - The fox was rearranged from  16 to 23
14.11.2021 22:18:16 [JavaFX Application Thread] INFO   r.v.v.f.game.GameController - The goose was rearranged from  10 to 17
14.11.2021 22:18:20 [JavaFX Application Thread] INFO   r.v.v.f.game.GameController - The fox was rearranged from  23 to 22
14.11.2021 22:18:21 [JavaFX Application Thread] INFO   r.v.v.f.game.GameController - The goose was rearranged from  17 to 24
14.11.2021 22:18:23 [JavaFX Application Thread] INFO   r.v.v.f.game.GameController - The fox was rearranged from  22 to 21
14.11.2021 22:18:24 [JavaFX Application Thread] INFO   r.v.v.f.game.GameController - The goose was rearranged from  24 to 29
14.11.2021 22:18:54 [main] INFO   ru.vsu.vadim.foxAndGeese.Main - Application started.
14.11.2021 22:20:15 [JavaFX Application Thread] INFO   r.v.v.f.gameworld.GameField - The field has been created
14.11.2021 22:20:15 [JavaFX Application Thread] INFO   r.v.v.foxAndGeese.view.Pane - The pane is full
14.11.2021 22:20:25 [JavaFX Application Thread] INFO   r.v.v.f.game.GameController - The fox was rearranged from  16 to 23
14.11.2021 22:20:35 [main] INFO   ru.vsu.vadim.foxAndGeese.Main - Application started.
14.11.2021 22:22:24 [JavaFX Application Thread] INFO   r.v.v.f.gameworld.GameField - The field has been created
14.11.2021 22:22:24 [JavaFX Application Thread] INFO   r.v.v.foxAndGeese.view.Pane - The pane is full
14.11.2021 22:22:26 [JavaFX Application Thread] INFO   r.v.v.f.game.GameController - The fox was rearranged from  16 to 23
14.11.2021 22:22:30 [JavaFX Application Thread] INFO   r.v.v.f.game.GameController - The goose was rearranged from  10 to 17
14.11.2021 22:22:31 [JavaFX Application Thread] INFO   r.v.v.f.game.GameController - The fox was rearranged from  23 to 28
14.11.2021 22:22:34 [JavaFX Application Thread] INFO   r.v.v.f.game.GameController - The goose was rearranged from  17 to 16
14.11.2021 22:22:35 [JavaFX Application Thread] INFO   r.v.v.f.game.GameController - The fox was rearranged from  28 to 31
14.11.2021 22:22:38 [JavaFX Application Thread] INFO   r.v.v.f.game.GameController - The goose was rearranged from  16 to 23
14.11.2021 22:22:47 [JavaFX Application Thread] INFO   r.v.v.f.gameworld.GameField - The field has been created
14.11.2021 22:22:47 [JavaFX Application Thread] INFO   r.v.v.foxAndGeese.view.Pane - The pane is full
14.11.2021 22:22:48 [JavaFX Application Thread] INFO   r.v.v.f.game.GameController - The fox was rearranged from  16 to 23
14.11.2021 22:22:49 [JavaFX Application Thread] INFO   r.v.v.f.game.GameController - The goose was rearranged from  9 to 16
14.11.2021 22:22:50 [JavaFX Application Thread] INFO   r.v.v.f.game.GameController - The fox was rearranged from  23 to 28
14.11.2021 22:22:52 [JavaFX Application Thread] INFO   r.v.v.f.game.GameController - The goose was rearranged from  16 to 23
14.11.2021 22:22:53 [JavaFX Application Thread] INFO   r.v.v.f.game.GameController - The fox was rearranged from  28 to 31
14.11.2021 22:23:55 [JavaFX Application Thread] INFO   r.v.v.f.game.GameController - The goose was rearranged from  23 to 28
