09.11.2021 19:30:04 [JavaFX Application Thread] INFO   r.v.v.f.gameworld.GameField - The field has been created
09.11.2021 19:30:04 [JavaFX Application Thread] INFO   r.v.v.foxAndGeeese.view.Pane - The pane was full
09.11.2021 19:30:19 [main] INFO   r.vsu.vadim.foxAndGeeese.Main - Application started.
09.11.2021 21:13:05 [JavaFX Application Thread] INFO   r.v.v.f.gameworld.GameField - The field has been created
09.11.2021 21:13:05 [JavaFX Application Thread] INFO   r.v.v.foxAndGeeese.view.Pane - The pane was full
09.11.2021 21:13:08 [main] INFO   r.vsu.vadim.foxAndGeeese.Main - Application started.
09.11.2021 21:15:38 [JavaFX Application Thread] INFO   r.v.v.f.gameworld.GameField - The field has been created
09.11.2021 21:15:38 [JavaFX Application Thread] INFO   r.v.v.foxAndGeeese.view.Pane - The pane was full
09.11.2021 21:15:42 [main] INFO   r.vsu.vadim.foxAndGeeese.Main - Application started.
09.11.2021 21:16:44 [JavaFX Application Thread] INFO   r.v.v.f.gameworld.GameField - The field has been created
09.11.2021 21:16:44 [JavaFX Application Thread] INFO   r.v.v.foxAndGeeese.view.Pane - The pane was full
09.11.2021 21:16:50 [main] INFO   r.vsu.vadim.foxAndGeeese.Main - Application started.
09.11.2021 21:31:05 [JavaFX Application Thread] INFO   r.v.v.f.gameworld.GameField - The field has been created
09.11.2021 21:31:05 [JavaFX Application Thread] INFO   r.v.v.foxAndGeeese.view.Pane - The pane was full
09.11.2021 21:31:08 [main] INFO   r.vsu.vadim.foxAndGeeese.Main - Application started.
09.11.2021 21:32:48 [JavaFX Application Thread] INFO   r.v.v.f.gameworld.GameField - The field has been created
09.11.2021 21:32:48 [JavaFX Application Thread] INFO   r.v.v.foxAndGeeese.view.Pane - The pane was full
09.11.2021 21:32:51 [main] INFO   r.vsu.vadim.foxAndGeeese.Main - Application started.
09.11.2021 21:34:11 [JavaFX Application Thread] INFO   r.v.v.f.gameworld.GameField - The field has been created
09.11.2021 21:34:11 [JavaFX Application Thread] INFO   r.v.v.foxAndGeeese.view.Pane - The pane was full
09.11.2021 21:34:13 [main] INFO   r.vsu.vadim.foxAndGeeese.Main - Application started.
09.11.2021 21:34:41 [JavaFX Application Thread] INFO   r.v.v.f.gameworld.GameField - The field has been created
09.11.2021 21:34:41 [JavaFX Application Thread] INFO   r.v.v.foxAndGeeese.view.Pane - The pane was full
09.11.2021 21:34:44 [main] INFO   r.vsu.vadim.foxAndGeeese.Main - Application started.
09.11.2021 21:34:56 [JavaFX Application Thread] INFO   r.v.v.f.gameworld.GameField - The field has been created
09.11.2021 21:34:56 [JavaFX Application Thread] INFO   r.v.v.foxAndGeeese.view.Pane - The pane was full
09.11.2021 21:35:07 [main] INFO   r.vsu.vadim.foxAndGeeese.Main - Application started.
09.11.2021 21:35:17 [JavaFX Application Thread] INFO   r.v.v.f.gameworld.GameField - The field has been created
09.11.2021 21:35:17 [JavaFX Application Thread] INFO   r.v.v.foxAndGeeese.view.Pane - The pane was full
09.11.2021 21:35:38 [JavaFX Application Thread] INFO   r.v.v.f.gameworld.GameField - The field has been created
09.11.2021 21:35:38 [JavaFX Application Thread] INFO   r.v.v.foxAndGeeese.view.Pane - The pane was full
09.11.2021 21:47:17 [JavaFX Application Thread] INFO   r.v.v.f.gameworld.GameField - The field has been created
09.11.2021 21:47:17 [JavaFX Application Thread] INFO   r.v.v.foxAndGeeese.view.Pane - The pane was full
09.11.2021 21:47:35 [main] INFO   r.vsu.vadim.foxAndGeeese.Main - Application started.
09.11.2021 21:51:30 [JavaFX Application Thread] INFO   r.v.v.f.gameworld.GameField - The field has been created
09.11.2021 21:51:30 [JavaFX Application Thread] INFO   r.v.v.foxAndGeeese.view.Pane - The pane was full
09.11.2021 21:51:35 [main] INFO   r.vsu.vadim.foxAndGeeese.Main - Application started.
09.11.2021 21:54:40 [JavaFX Application Thread] INFO   r.v.v.f.gameworld.GameField - The field has been created
09.11.2021 21:54:40 [JavaFX Application Thread] INFO   r.v.v.foxAndGeeese.view.Pane - The pane was full
09.11.2021 21:54:43 [JavaFX Application Thread] INFO   r.v.v.f.game.GameController - The figure was rearranged from  8 to 15
09.11.2021 21:55:03 [main] INFO   r.vsu.vadim.foxAndGeeese.Main - Application started.
09.11.2021 21:55:07 [JavaFX Application Thread] INFO   r.v.v.f.gameworld.GameField - The field has been created
09.11.2021 21:55:07 [JavaFX Application Thread] INFO   r.v.v.foxAndGeeese.view.Pane - The pane was full
09.11.2021 21:55:09 [JavaFX Application Thread] INFO   r.v.v.f.game.GameController - The figure was rearranged from  16 to 15
09.11.2021 21:55:30 [main] INFO   r.vsu.vadim.foxAndGeeese.Main - Application started.
09.11.2021 21:57:24 [JavaFX Application Thread] INFO   r.v.v.f.gameworld.GameField - The field has been created
09.11.2021 21:57:25 [JavaFX Application Thread] INFO   r.v.v.foxAndGeeese.view.Pane - The pane was full
09.11.2021 21:57:27 [JavaFX Application Thread] INFO   r.v.v.f.game.GameController - The figure was rearranged from  8 to 15
09.11.2021 21:57:33 [JavaFX Application Thread] INFO   r.v.v.f.game.GameController - The figure was rearranged from  10 to 17
09.11.2021 21:57:36 [JavaFX Application Thread] INFO   r.v.v.f.game.GameController - The figure was rearranged from  11 to 18
09.11.2021 21:57:42 [JavaFX Application Thread] INFO   r.v.v.f.game.GameController - The figure was rearranged from  16 to 23
09.11.2021 21:57:43 [main] INFO   r.vsu.vadim.foxAndGeeese.Main - Application started.
09.11.2021 22:17:13 [JavaFX Application Thread] INFO   r.v.v.f.gameworld.GameField - The field has been created
09.11.2021 22:17:13 [JavaFX Application Thread] INFO   r.v.v.foxAndGeeese.view.Pane - The pane is full
09.11.2021 22:17:37 [JavaFX Application Thread] INFO   r.v.v.f.game.GameController - The figure was rearranged from  7 to 14
09.11.2021 22:17:43 [JavaFX Application Thread] INFO   r.v.v.f.game.GameController - The figure was rearranged from  20 to 21
09.11.2021 22:18:02 [JavaFX Application Thread] INFO   r.v.v.f.game.GameController - The figure was rearranged from  14 to 7
09.11.2021 22:18:15 [main] INFO   r.vsu.vadim.foxAndGeeese.Main - Application started.
09.11.2021 22:20:43 [JavaFX Application Thread] INFO   r.v.v.f.gameworld.GameField - The field has been created
09.11.2021 22:20:43 [JavaFX Application Thread] INFO   r.v.v.foxAndGeeese.view.Pane - The pane is full
09.11.2021 22:20:54 [JavaFX Application Thread] INFO   r.v.v.f.game.GameController - The figure was rearranged from  16 to 23
09.11.2021 22:20:56 [JavaFX Application Thread] INFO   r.v.v.f.game.GameController - The figure was rearranged from  23 to 28
09.11.2021 22:20:57 [JavaFX Application Thread] INFO   r.v.v.f.game.GameController - The figure was rearranged from  28 to 31
09.11.2021 22:20:59 [JavaFX Application Thread] INFO   r.v.v.f.game.GameController - The figure was rearranged from  31 to 30
09.11.2021 22:21:00 [JavaFX Application Thread] INFO   r.v.v.f.game.GameController - The figure was rearranged from  30 to 27
09.11.2021 22:21:01 [JavaFX Application Thread] INFO   r.v.v.f.game.GameController - The figure was rearranged from  27 to 22
09.11.2021 22:21:02 [JavaFX Application Thread] INFO   r.v.v.f.game.GameController - The figure was rearranged from  22 to 15
09.11.2021 22:21:03 [main] INFO   r.vsu.vadim.foxAndGeeese.Main - Application started.
09.11.2021 22:26:23 [JavaFX Application Thread] INFO   r.v.v.f.gameworld.GameField - The field has been created
09.11.2021 22:26:23 [JavaFX Application Thread] INFO   r.v.v.foxAndGeeese.view.Pane - The pane is full
09.11.2021 22:26:25 [JavaFX Application Thread] INFO   r.v.v.f.game.GameController - The figure was rearranged from  8 to 15
09.11.2021 22:26:31 [JavaFX Application Thread] INFO   r.v.v.f.game.GameController - The figure was rearranged from  15 to 22
09.11.2021 22:26:35 [JavaFX Application Thread] INFO   r.v.v.f.game.GameController - The figure was rearranged from  7 to 14
09.11.2021 22:26:38 [JavaFX Application Thread] INFO   r.v.v.f.game.GameController - The figure was rearranged from  10 to 17
09.11.2021 22:26:39 [main] INFO   r.vsu.vadim.foxAndGeeese.Main - Application started.
09.11.2021 22:28:46 [JavaFX Application Thread] INFO   r.v.v.f.gameworld.GameField - The field has been created
09.11.2021 22:28:46 [JavaFX Application Thread] INFO   r.v.v.foxAndGeeese.view.Pane - The pane is full
09.11.2021 22:28:47 [JavaFX Application Thread] INFO   r.v.v.f.game.GameController - The figure was rearranged from  8 to 15
09.11.2021 22:28:49 [JavaFX Application Thread] INFO   r.v.v.f.game.GameController - The figure was rearranged from  7 to 14
09.11.2021 22:28:50 [JavaFX Application Thread] INFO   r.v.v.f.game.GameController - The figure was rearranged from  20 to 21
09.11.2021 22:28:58 [JavaFX Application Thread] INFO   r.v.v.f.game.GameController - The figure was rearranged from  21 to 22
09.11.2021 22:29:00 [JavaFX Application Thread] INFO   r.v.v.f.game.GameController - The figure was rearranged from  14 to 21
09.11.2021 22:29:02 [main] INFO   r.vsu.vadim.foxAndGeeese.Main - Application started.
09.11.2021 22:40:15 [JavaFX Application Thread] INFO   r.v.v.f.gameworld.GameField - The field has been created
09.11.2021 22:40:15 [JavaFX Application Thread] INFO   r.v.v.foxAndGeeese.view.Pane - The pane is full
09.11.2021 22:40:17 [JavaFX Application Thread] INFO   r.v.v.f.game.GameController - The figure was rearranged from  8 to 15
09.11.2021 22:40:53 [JavaFX Application Thread] INFO   r.v.v.f.gameworld.GameField - The field has been created
09.11.2021 22:40:53 [JavaFX Application Thread] INFO   r.v.v.foxAndGeeese.view.Pane - The pane is full
09.11.2021 22:40:55 [JavaFX Application Thread] INFO   r.v.v.f.game.GameController - The figure was rearranged from  16 to 23
09.11.2021 22:40:57 [JavaFX Application Thread] INFO   r.v.v.f.game.GameController - The figure was rearranged from  8 to 15
09.11.2021 22:41:01 [JavaFX Application Thread] INFO   r.v.v.f.game.GameController - The figure was rearranged from  10 to 17
09.11.2021 22:41:03 [JavaFX Application Thread] INFO   r.v.v.f.game.GameController - The figure was rearranged from  11 to 18
09.11.2021 22:41:06 [main] INFO   r.vsu.vadim.foxAndGeeese.Main - Application started.
09.11.2021 22:55:17 [JavaFX Application Thread] INFO   r.v.v.f.gameworld.GameField - The field has been created
09.11.2021 22:55:17 [JavaFX Application Thread] INFO   r.v.v.foxAndGeeese.view.Pane - The pane is full
09.11.2021 22:55:19 [JavaFX Application Thread] INFO   r.v.v.f.game.GameController - The figure was rearranged from  8 to 15
09.11.2021 22:55:22 [JavaFX Application Thread] INFO   r.v.v.f.game.GameController - The figure was rearranged from  11 to 18
09.11.2021 22:55:24 [JavaFX Application Thread] INFO   r.v.v.f.game.GameController - The figure was rearranged from  10 to 17
09.11.2021 22:55:29 [JavaFX Application Thread] INFO   r.v.v.f.game.GameController - The figure was rearranged from  18 to 25
09.11.2021 22:55:31 [JavaFX Application Thread] INFO   r.v.v.f.game.GameController - The figure was rearranged from  25 to 24
09.11.2021 22:55:32 [JavaFX Application Thread] INFO   r.v.v.f.game.GameController - The figure was rearranged from  24 to 23
09.11.2021 22:55:52 [JavaFX Application Thread] INFO   r.v.v.f.game.GameController - The figure was rearranged from  7 to 14
09.11.2021 22:56:01 [JavaFX Application Thread] INFO   r.v.v.f.game.GameController - The figure was rearranged from  20 to 21
09.11.2021 22:56:05 [JavaFX Application Thread] INFO   r.v.v.f.game.GameController - The figure was rearranged from  13 to 20
09.11.2021 22:56:09 [JavaFX Application Thread] INFO   r.v.v.f.game.GameController - The figure was rearranged from  21 to 22
09.11.2021 22:56:15 [JavaFX Application Thread] INFO   r.v.v.f.game.GameController - The figure was rearranged from  22 to 27
09.11.2021 22:56:16 [JavaFX Application Thread] INFO   r.v.v.f.game.GameController - The figure was rearranged from  15 to 22
09.11.2021 22:56:18 [JavaFX Application Thread] INFO   r.v.v.f.game.GameController - The figure was rearranged from  16 to 15
09.11.2021 22:56:19 [main] INFO   r.vsu.vadim.foxAndGeeese.Main - Application started.
09.11.2021 23:09:29 [JavaFX Application Thread] INFO   r.v.v.f.gameworld.GameField - The field has been created
09.11.2021 23:09:29 [JavaFX Application Thread] INFO   r.v.v.foxAndGeeese.view.Pane - The pane is full
09.11.2021 23:10:19 [JavaFX Application Thread] INFO   r.v.v.f.game.GameController - The figure was rearranged from  16 to 23
09.11.2021 23:10:49 [main] INFO   r.vsu.vadim.foxAndGeeese.Main - Application started.
09.11.2021 23:27:04 [JavaFX Application Thread] INFO   r.v.v.f.gameworld.GameField - The field has been created
09.11.2021 23:27:04 [JavaFX Application Thread] INFO   r.v.v.foxAndGeeese.view.Pane - The pane is full
09.11.2021 23:27:07 [JavaFX Application Thread] INFO   r.v.v.f.game.GameController - The figure was rearranged from  8 to 15
09.11.2021 23:27:12 [JavaFX Application Thread] INFO   r.v.v.f.game.GameController - The figure was rearranged from  15 to 8
09.11.2021 23:27:31 [JavaFX Application Thread] INFO   r.v.v.f.gameworld.GameField - The field has been created
09.11.2021 23:27:31 [JavaFX Application Thread] INFO   r.v.v.foxAndGeeese.view.Pane - The pane is full
09.11.2021 23:35:49 [JavaFX Application Thread] INFO   r.v.v.f.game.GameController - The figure was rearranged from  7 to 14
09.11.2021 23:35:52 [main] INFO   r.vsu.vadim.foxAndGeeese.Main - Application started.
