20.11.2021 00:07:02 [JavaFX Application Thread] INFO   r.v.v.f.gameworld.GameField - The field has been created
20.11.2021 00:07:02 [JavaFX Application Thread] INFO   r.v.v.foxAndGeese.view.Pane - The pane is full
20.11.2021 00:07:03 [JavaFX Application Thread] INFO   r.v.v.f.game.GameController - The fox was rearranged from  16 to 23
20.11.2021 00:07:04 [JavaFX Application Thread] INFO   r.v.v.f.gameworld.GameField - The field has been created
20.11.2021 00:07:04 [JavaFX Application Thread] INFO   r.v.v.foxAndGeese.view.Pane - The pane is full
20.11.2021 00:07:06 [main] INFO   ru.vsu.vadim.foxAndGeese.Main - Application started.
20.11.2021 00:08:35 [JavaFX Application Thread] INFO   r.v.v.f.gameworld.GameField - The field has been created
20.11.2021 00:08:35 [JavaFX Application Thread] INFO   r.v.v.foxAndGeese.view.Pane - The pane is full
20.11.2021 00:08:36 [JavaFX Application Thread] INFO   r.v.v.f.game.GameController - The fox was rearranged from  16 to 23
20.11.2021 00:08:38 [JavaFX Application Thread] INFO   r.v.v.f.gameworld.GameField - The field has been created
20.11.2021 00:08:38 [JavaFX Application Thread] INFO   r.v.v.foxAndGeese.view.Pane - The pane is full
20.11.2021 00:08:39 [main] INFO   ru.vsu.vadim.foxAndGeese.Main - Application started.
20.11.2021 00:13:45 [JavaFX Application Thread] INFO   r.v.v.f.gameworld.GameField - The field has been created
20.11.2021 00:13:45 [JavaFX Application Thread] INFO   r.v.v.foxAndGeese.view.Pane - The pane is full
20.11.2021 00:13:47 [JavaFX Application Thread] INFO   r.v.v.f.game.GameController - The fox was rearranged from  16 to 17
20.11.2021 00:13:48 [JavaFX Application Thread] INFO   r.v.v.f.game.GameController - The goose was rearranged from  9 to 16
20.11.2021 00:13:48 [JavaFX Application Thread] INFO   r.v.v.f.game.GameController - The fox was jumped from  17 to 15
20.11.2021 00:13:50 [JavaFX Application Thread] INFO   r.v.v.f.gameworld.GameField - The field has been created
20.11.2021 00:13:50 [JavaFX Application Thread] INFO   r.v.v.foxAndGeese.view.Pane - The pane is full
20.11.2021 00:13:51 [main] INFO   ru.vsu.vadim.foxAndGeese.Main - Application started.
20.11.2021 00:17:59 [JavaFX Application Thread] INFO   r.v.v.f.gameworld.GameField - The field has been created
20.11.2021 00:17:59 [JavaFX Application Thread] INFO   r.v.v.foxAndGeese.view.Pane - The pane is full
20.11.2021 00:18:00 [JavaFX Application Thread] INFO   r.v.v.f.game.GameController - The fox was rearranged from  16 to 17
20.11.2021 00:18:02 [JavaFX Application Thread] INFO   r.v.v.f.game.GameController - The goose was rearranged from  9 to 16
20.11.2021 00:18:02 [JavaFX Application Thread] INFO   r.v.v.f.game.GameController - The fox was jumped from  17 to 15
20.11.2021 00:18:04 [JavaFX Application Thread] INFO   r.v.v.f.game.GameController - The goose was rearranged from  13 to 14
20.11.2021 00:18:05 [JavaFX Application Thread] INFO   r.v.v.f.game.GameController - The fox was jumped from  15 to 13
20.11.2021 00:18:06 [JavaFX Application Thread] INFO   r.v.v.f.gameworld.GameField - The field has been created
20.11.2021 00:18:06 [JavaFX Application Thread] INFO   r.v.v.foxAndGeese.view.Pane - The pane is full
20.11.2021 00:18:12 [main] INFO   ru.vsu.vadim.foxAndGeese.Main - Application started.
20.11.2021 00:24:57 [JavaFX Application Thread] INFO   r.v.v.f.gameworld.GameField - The field has been created
20.11.2021 00:24:57 [JavaFX Application Thread] INFO   r.v.v.foxAndGeese.view.Pane - The pane is full
20.11.2021 00:24:58 [JavaFX Application Thread] INFO   r.v.v.f.game.GameController - The fox was rearranged from  16 to 15
20.11.2021 00:25:00 [JavaFX Application Thread] INFO   r.v.v.f.game.GameController - The goose was rearranged from  9 to 16
20.11.2021 00:25:00 [JavaFX Application Thread] INFO   r.v.v.f.game.GameController - The fox was jumped from  15 to 17
20.11.2021 00:25:02 [JavaFX Application Thread] INFO   r.v.v.f.gameworld.GameField - The field has been created
20.11.2021 00:25:02 [JavaFX Application Thread] INFO   r.v.v.f.gameworld.GameField - The field has been created
20.11.2021 00:25:02 [JavaFX Application Thread] INFO   r.v.v.foxAndGeese.view.Pane - The pane is full
20.11.2021 00:25:03 [main] INFO   ru.vsu.vadim.foxAndGeese.Main - Application started.
20.11.2021 00:28:17 [JavaFX Application Thread] INFO   r.v.v.f.gameworld.GameField - The field has been created
20.11.2021 00:28:17 [JavaFX Application Thread] INFO   r.v.v.foxAndGeese.view.Pane - The pane is full
20.11.2021 00:28:22 [JavaFX Application Thread] INFO   r.v.v.f.game.GameController - The fox was rearranged from  16 to 17
20.11.2021 00:28:23 [JavaFX Application Thread] INFO   r.v.v.f.game.GameController - The goose was rearranged from  9 to 16
20.11.2021 00:28:23 [JavaFX Application Thread] INFO   r.v.v.f.game.GameController - The fox was jumped from  17 to 15
20.11.2021 00:28:26 [JavaFX Application Thread] INFO   r.v.v.f.game.GameController - The goose was rearranged from  13 to 14
20.11.2021 00:28:26 [JavaFX Application Thread] INFO   r.v.v.f.game.GameController - The fox was jumped from  15 to 13
20.11.2021 00:28:28 [JavaFX Application Thread] INFO   r.v.v.f.gameworld.GameField - The field has been created
20.11.2021 00:28:28 [JavaFX Application Thread] INFO   r.v.v.f.gameworld.GameField - The field has been created
20.11.2021 00:28:28 [JavaFX Application Thread] INFO   r.v.v.foxAndGeese.view.Pane - The pane is full
20.11.2021 00:32:25 [JavaFX Application Thread] INFO   r.v.v.f.gameworld.GameField - The field has been created
20.11.2021 00:32:25 [JavaFX Application Thread] INFO   r.v.v.foxAndGeese.view.Pane - The pane is full
20.11.2021 00:32:27 [JavaFX Application Thread] INFO   r.v.v.f.game.GameController - The fox was rearranged from  16 to 15
20.11.2021 00:32:27 [JavaFX Application Thread] INFO   r.v.v.f.game.GameController - The goose was rearranged from  9 to 16
20.11.2021 00:32:28 [JavaFX Application Thread] INFO   r.v.v.f.game.GameController - The fox was jumped from  15 to 17
20.11.2021 00:32:30 [JavaFX Application Thread] INFO   r.v.v.f.gameworld.GameField - The field has been created
20.11.2021 00:32:30 [JavaFX Application Thread] INFO   r.v.v.foxAndGeese.view.Pane - The pane is full
20.11.2021 00:33:27 [main] INFO   ru.vsu.vadim.foxAndGeese.Main - Application started.
20.11.2021 00:41:06 [JavaFX Application Thread] INFO   r.v.v.f.gameworld.GameField - The field has been created
20.11.2021 00:41:06 [JavaFX Application Thread] INFO   r.v.v.foxAndGeese.view.Pane - The pane is full
20.11.2021 00:41:19 [JavaFX Application Thread] INFO   r.v.v.f.gameworld.GameField - The field has been created
20.11.2021 00:41:19 [JavaFX Application Thread] INFO   r.v.v.foxAndGeese.view.Pane - The pane is full
20.11.2021 00:41:21 [JavaFX Application Thread] INFO   r.v.v.f.game.GameController - The fox was rearranged from  16 to 17
20.11.2021 00:41:22 [JavaFX Application Thread] INFO   r.v.v.f.game.GameController - The goose was rearranged from  9 to 16
20.11.2021 00:41:23 [JavaFX Application Thread] INFO   r.v.v.f.game.GameController - The fox was jumped from  17 to 15
20.11.2021 00:41:26 [JavaFX Application Thread] INFO   r.v.v.foxAndGeese.view.Pane - The pane is full
20.11.2021 00:41:32 [JavaFX Application Thread] INFO   r.v.v.foxAndGeese.view.Pane - The pane is full
20.11.2021 00:42:58 [JavaFX Application Thread] INFO   r.v.v.f.gameworld.GameField - The field has been created
20.11.2021 00:42:59 [JavaFX Application Thread] INFO   r.v.v.foxAndGeese.view.Pane - The pane is full
20.11.2021 00:43:01 [JavaFX Application Thread] INFO   r.v.v.f.game.GameController - The fox was rearranged from  16 to 15
20.11.2021 00:43:02 [JavaFX Application Thread] INFO   r.v.v.f.game.GameController - The goose was rearranged from  9 to 16
20.11.2021 00:43:02 [JavaFX Application Thread] INFO   r.v.v.f.game.GameController - The fox was jumped from  15 to 17
20.11.2021 00:43:04 [JavaFX Application Thread] INFO   r.v.v.f.gameworld.GameField - The field has been created
20.11.2021 00:43:04 [JavaFX Application Thread] INFO   r.v.v.foxAndGeese.view.Pane - The pane is full
20.11.2021 00:43:05 [main] INFO   ru.vsu.vadim.foxAndGeese.Main - Application started.
20.11.2021 00:44:24 [JavaFX Application Thread] INFO   r.v.v.f.gameworld.GameField - The field has been created
20.11.2021 00:44:24 [JavaFX Application Thread] INFO   r.v.v.foxAndGeese.view.Pane - The pane is full
20.11.2021 00:44:26 [JavaFX Application Thread] INFO   r.v.v.f.game.GameController - The fox was rearranged from  16 to 15
20.11.2021 00:44:26 [JavaFX Application Thread] INFO   r.v.v.f.game.GameController - The goose was rearranged from  9 to 16
20.11.2021 00:44:27 [JavaFX Application Thread] INFO   r.v.v.f.game.GameController - The fox was jumped from  15 to 17
20.11.2021 00:44:29 [JavaFX Application Thread] INFO   r.v.v.f.gameworld.GameField - The field has been created
20.11.2021 00:44:29 [JavaFX Application Thread] INFO   r.v.v.foxAndGeese.view.Pane - The pane is full
20.11.2021 00:44:30 [main] INFO   ru.vsu.vadim.foxAndGeese.Main - Application started.
20.11.2021 00:58:24 [JavaFX Application Thread] INFO   r.v.v.f.gameworld.GameField - The field has been created
20.11.2021 00:58:24 [JavaFX Application Thread] INFO   r.v.v.foxAndGeese.view.Pane - The pane is full
20.11.2021 00:58:26 [JavaFX Application Thread] INFO   r.v.v.f.game.GameController - The fox was rearranged from  16 to 15
20.11.2021 00:58:27 [JavaFX Application Thread] INFO   r.v.v.f.game.GameController - The goose was rearranged from  9 to 16
20.11.2021 00:58:27 [JavaFX Application Thread] INFO   r.v.v.f.game.GameController - The fox was jumped from  15 to 17
20.11.2021 00:58:31 [JavaFX Application Thread] INFO   r.v.v.f.gameworld.GameField - The field has been created
20.11.2021 00:58:31 [JavaFX Application Thread] INFO   r.v.v.f.game.GameController - Game restarted
20.11.2021 00:58:31 [JavaFX Application Thread] INFO   r.v.v.foxAndGeese.view.Pane - The pane is full
20.11.2021 00:58:36 [JavaFX Application Thread] INFO   r.v.v.f.game.GameController - The fox was rearranged from  16 to 17
20.11.2021 00:58:37 [JavaFX Application Thread] INFO   r.v.v.f.game.GameController - The goose was rearranged from  9 to 16
20.11.2021 00:58:38 [JavaFX Application Thread] INFO   r.v.v.f.game.GameController - The fox was jumped from  17 to 15
20.11.2021 00:58:39 [main] INFO   ru.vsu.vadim.foxAndGeese.Main - Application started.
20.11.2021 14:54:43 [JavaFX Application Thread] INFO   r.v.v.f.gameworld.GameField - The field has been created
20.11.2021 14:54:44 [JavaFX Application Thread] INFO   r.v.v.foxAndGeese.view.Pane - The pane is full
20.11.2021 14:54:50 [JavaFX Application Thread] INFO   r.v.v.f.gameworld.GameField - The field has been created
20.11.2021 14:54:50 [JavaFX Application Thread] INFO   r.v.v.f.game.GameController - Game restarted
20.11.2021 14:54:50 [JavaFX Application Thread] INFO   r.v.v.foxAndGeese.view.Pane - The pane is full
20.11.2021 14:54:52 [JavaFX Application Thread] INFO   r.v.v.f.game.GameController - The fox was rearranged from  16 to 23
20.11.2021 14:54:54 [JavaFX Application Thread] INFO   r.v.v.f.game.GameController - The goose was rearranged from  9 to 16
20.11.2021 14:54:54 [JavaFX Application Thread] INFO   r.v.v.f.game.GameController - The fox was jumped from  23 to 9
20.11.2021 14:54:58 [JavaFX Application Thread] INFO   r.v.v.f.gameworld.GameField - The field has been created
20.11.2021 14:54:58 [JavaFX Application Thread] INFO   r.v.v.f.game.GameController - Game restarted
20.11.2021 14:54:58 [JavaFX Application Thread] INFO   r.v.v.foxAndGeese.view.Pane - The pane is full
20.11.2021 14:55:13 [JavaFX Application Thread] INFO   r.v.v.f.gameworld.GameField - The field has been created
20.11.2021 14:55:13 [JavaFX Application Thread] INFO   r.v.v.foxAndGeese.view.Pane - The pane is full
20.11.2021 14:55:23 [main] INFO   ru.vsu.vadim.foxAndGeese.Main - Application started.
20.11.2021 16:10:31 [JavaFX Application Thread] INFO   r.v.v.f.gameworld.GameField - The field has been created
20.11.2021 16:10:31 [JavaFX Application Thread] INFO   r.v.v.foxAndGeese.view.Pane - The pane is full
20.11.2021 16:10:34 [JavaFX Application Thread] INFO   r.v.v.f.game.GameController - The fox was rearranged from  16 to 23
20.11.2021 16:10:35 [JavaFX Application Thread] INFO   r.v.v.f.game.GameController - The goose was rearranged from  9 to 16
20.11.2021 16:10:35 [JavaFX Application Thread] INFO   r.v.v.f.game.GameController - The fox was jumped from  23 to 9
20.11.2021 16:10:38 [JavaFX Application Thread] INFO   r.v.v.f.game.GameController - The goose was rearranged from  10 to 17
20.11.2021 16:10:39 [JavaFX Application Thread] INFO   r.v.v.f.game.GameController - The fox was rearranged from  9 to 10
20.11.2021 16:10:43 [JavaFX Application Thread] INFO   r.v.v.f.game.GameController - The goose was rearranged from  26 to 25
20.11.2021 16:10:44 [JavaFX Application Thread] INFO   r.v.v.f.game.GameController - The fox was jumped from  10 to 24
20.11.2021 16:10:45 [JavaFX Application Thread] INFO   r.v.v.f.game.GameController - The fox was jumped from  24 to 26
20.11.2021 16:10:52 [JavaFX Application Thread] INFO   r.v.v.f.game.GameController - The goose was rearranged from  11 to 18
20.11.2021 16:10:54 [JavaFX Application Thread] INFO   r.v.v.f.game.GameController - The fox was rearranged from  26 to 25
20.11.2021 16:10:55 [JavaFX Application Thread] INFO   r.v.v.f.game.GameController - The goose was rearranged from  5 to 10
20.11.2021 16:10:58 [JavaFX Application Thread] INFO   r.v.v.f.game.GameController - The fox was jumped from  25 to 11
20.11.2021 16:10:59 [JavaFX Application Thread] INFO   r.v.v.f.game.GameController - The fox was jumped from  11 to 9
20.11.2021 16:11:05 [JavaFX Application Thread] INFO   r.v.v.f.game.GameController - The goose was rearranged from  8 to 15
20.11.2021 16:11:06 [JavaFX Application Thread] INFO   r.v.v.f.game.GameController - The fox was rearranged from  9 to 16
20.11.2021 16:11:07 [JavaFX Application Thread] INFO   r.v.v.f.game.GameController - The goose was rearranged from  20 to 21
20.11.2021 16:11:13 [JavaFX Application Thread] INFO   r.v.v.f.game.GameController - The fox was jumped from  16 to 14
20.11.2021 16:11:15 [JavaFX Application Thread] INFO   r.v.v.f.game.GameController - The goose was rearranged from  21 to 22
20.11.2021 16:11:16 [JavaFX Application Thread] INFO   r.v.v.f.game.GameController - The fox was rearranged from  14 to 21
20.11.2021 16:11:17 [JavaFX Application Thread] INFO   r.v.v.f.game.GameController - The goose was rearranged from  13 to 14
20.11.2021 16:11:18 [JavaFX Application Thread] INFO   r.v.v.f.game.GameController - The fox was rearranged from  21 to 20
20.11.2021 16:11:19 [JavaFX Application Thread] INFO   r.v.v.f.game.GameController - The goose was rearranged from  14 to 15
20.11.2021 16:11:19 [JavaFX Application Thread] INFO   r.v.v.f.game.GameController - The fox was rearranged from  20 to 21
20.11.2021 16:11:20 [JavaFX Application Thread] INFO   r.v.v.f.game.GameController - The goose was rearranged from  15 to 16
20.11.2021 16:11:25 [JavaFX Application Thread] INFO   r.v.v.f.game.GameController - The fox was jumped from  21 to 23
20.11.2021 16:11:26 [JavaFX Application Thread] INFO   r.v.v.f.game.GameController - The fox was jumped from  23 to 9
20.11.2021 16:11:28 [JavaFX Application Thread] INFO   r.v.v.f.game.GameController - The goose was rearranged from  7 to 8
20.11.2021 16:11:29 [JavaFX Application Thread] INFO   r.v.v.f.game.GameController - The fox was jumped from  9 to 7
20.11.2021 16:11:30 [JavaFX Application Thread] INFO   r.v.v.f.game.GameController - The goose was rearranged from  3 to 8
20.11.2021 16:11:31 [JavaFX Application Thread] INFO   r.v.v.f.game.GameController - The fox was jumped from  7 to 9
20.11.2021 16:11:34 [JavaFX Application Thread] INFO   r.v.v.f.game.GameController - The goose was rearranged from  12 to 11
20.11.2021 16:11:35 [JavaFX Application Thread] INFO   r.v.v.f.game.GameController - The fox was rearranged from  9 to 10
20.11.2021 16:11:43 [JavaFX Application Thread] INFO   r.v.v.f.game.GameController - The goose was rearranged from  4 to 9
20.11.2021 16:11:44 [JavaFX Application Thread] INFO   r.v.v.f.game.GameController - The fox was jumped from  10 to 12
20.11.2021 16:11:44 [JavaFX Application Thread] INFO   r.v.v.f.game.GameController - The fox was jumped from  12 to 26
20.11.2021 16:11:55 [JavaFX Application Thread] INFO   r.v.v.f.game.GameController - The goose was rearranged from  9 to 10
20.11.2021 16:11:56 [JavaFX Application Thread] INFO   r.v.v.f.game.GameController - The fox was rearranged from  26 to 19
20.11.2021 16:11:57 [JavaFX Application Thread] INFO   r.v.v.f.game.GameController - The goose was rearranged from  10 to 11
20.11.2021 16:11:58 [JavaFX Application Thread] INFO   r.v.v.f.game.GameController - The fox was rearranged from  19 to 12
20.11.2021 16:11:59 [JavaFX Application Thread] INFO   r.v.v.f.game.GameController - The goose was rearranged from  2 to 5
20.11.2021 16:12:00 [JavaFX Application Thread] INFO   r.v.v.f.game.GameController - The fox was jumped from  12 to 10
20.11.2021 16:12:04 [JavaFX Application Thread] INFO   r.v.v.f.game.GameController - The fox was jumped from  10 to 2
20.11.2021 16:12:13 [JavaFX Application Thread] INFO   r.v.v.f.game.GameController - The goose was rearranged from  1 to 4
20.11.2021 16:12:16 [JavaFX Application Thread] INFO   r.v.v.f.game.GameController - The fox was rearranged from  2 to 1
20.11.2021 16:12:16 [JavaFX Application Thread] INFO   r.v.v.f.game.GameController - The fox won
20.11.2021 16:12:21 [main] INFO   ru.vsu.vadim.foxAndGeese.Main - Application started.
20.11.2021 16:13:03 [JavaFX Application Thread] INFO   r.v.v.f.gameworld.GameField - The field has been created
20.11.2021 16:13:03 [JavaFX Application Thread] INFO   r.v.v.foxAndGeese.view.Pane - The pane is full
20.11.2021 16:13:06 [JavaFX Application Thread] INFO   r.v.v.f.game.GameController - The fox was rearranged from  16 to 17
20.11.2021 16:13:08 [JavaFX Application Thread] INFO   r.v.v.f.game.GameController - The goose was rearranged from  26 to 25
20.11.2021 16:13:09 [JavaFX Application Thread] INFO   r.v.v.f.game.GameController - The fox was rearranged from  17 to 18
20.11.2021 16:13:09 [JavaFX Application Thread] INFO   r.v.v.f.game.GameController - The goose was rearranged from  25 to 24
20.11.2021 16:13:10 [JavaFX Application Thread] INFO   r.v.v.f.game.GameController - The fox was rearranged from  18 to 25
20.11.2021 16:13:11 [JavaFX Application Thread] INFO   r.v.v.f.game.GameController - The goose was rearranged from  11 to 18
20.11.2021 16:13:12 [JavaFX Application Thread] INFO   r.v.v.f.game.GameController - The fox was rearranged from  25 to 26
20.11.2021 16:13:14 [JavaFX Application Thread] INFO   r.v.v.f.game.GameController - The goose was rearranged from  18 to 25
20.11.2021 16:13:14 [JavaFX Application Thread] INFO   r.v.v.f.game.GameController - The geese won
20.11.2021 16:13:17 [JavaFX Application Thread] INFO   r.v.v.f.gameworld.GameField - The field has been created
20.11.2021 16:13:17 [JavaFX Application Thread] INFO   r.v.v.f.game.GameController - Game restarted
20.11.2021 16:13:17 [JavaFX Application Thread] INFO   r.v.v.foxAndGeese.view.Pane - The pane is full
20.11.2021 16:13:23 [JavaFX Application Thread] INFO   r.v.v.f.game.GameController - The fox was rearranged from  16 to 23
20.11.2021 16:13:24 [JavaFX Application Thread] INFO   r.v.v.f.game.GameController - The goose was rearranged from  9 to 16
20.11.2021 16:13:25 [JavaFX Application Thread] INFO   r.v.v.f.game.GameController - The fox was rearranged from  23 to 28
20.11.2021 16:13:28 [JavaFX Application Thread] INFO   r.v.v.f.game.GameController - The goose was rearranged from  4 to 9
20.11.2021 16:13:29 [JavaFX Application Thread] INFO   r.v.v.f.game.GameController - The fox was rearranged from  28 to 31
20.11.2021 16:13:30 [JavaFX Application Thread] INFO   r.v.v.f.game.GameController - The goose was rearranged from  16 to 23
20.11.2021 16:13:39 [JavaFX Application Thread] INFO   r.v.v.f.game.GameController - The fox was rearranged from  31 to 28
20.11.2021 16:13:41 [JavaFX Application Thread] INFO   r.v.v.f.game.GameController - The goose was rearranged from  8 to 15
20.11.2021 16:13:46 [JavaFX Application Thread] INFO   r.v.v.f.game.GameController - The fox was jumped from  28 to 16
20.11.2021 16:13:47 [JavaFX Application Thread] INFO   r.v.v.f.game.GameController - The fox was jumped from  16 to 14
20.11.2021 16:13:51 [JavaFX Application Thread] INFO   r.v.v.f.game.GameController - The goose was rearranged from  9 to 16
20.11.2021 16:13:52 [JavaFX Application Thread] INFO   r.v.v.f.game.GameController - The fox was rearranged from  14 to 15
20.11.2021 16:13:53 [JavaFX Application Thread] INFO   r.v.v.f.game.GameController - The goose was rearranged from  19 to 18
20.11.2021 16:13:54 [JavaFX Application Thread] INFO   r.v.v.f.game.GameController - The fox was jumped from  15 to 17
20.11.2021 16:13:55 [JavaFX Application Thread] INFO   r.v.v.f.game.GameController - The fox was jumped from  17 to 19
20.11.2021 16:13:57 [JavaFX Application Thread] INFO   r.v.v.f.game.GameController - The goose was rearranged from  11 to 18
20.11.2021 16:13:57 [JavaFX Application Thread] INFO   r.v.v.f.game.GameController - The geese won
20.11.2021 16:13:57 [JavaFX Application Thread] INFO   r.v.v.f.game.GameController - The fox was jumped from  19 to 17
20.11.2021 16:14:00 [JavaFX Application Thread] INFO   r.v.v.f.game.GameController - The goose was rearranged from  10 to 9
20.11.2021 16:14:00 [JavaFX Application Thread] INFO   r.v.v.f.game.GameController - The fox was rearranged from  17 to 10
20.11.2021 16:14:04 [JavaFX Application Thread] INFO   r.v.v.f.game.GameController - The goose was rearranged from  13 to 14
20.11.2021 16:14:06 [JavaFX Application Thread] INFO   r.v.v.f.game.GameController - The fox was jumped from  10 to 8
20.11.2021 16:14:09 [JavaFX Application Thread] INFO   r.v.v.f.game.GameController - The goose was rearranged from  5 to 10
20.11.2021 16:14:12 [JavaFX Application Thread] INFO   r.v.v.f.game.GameController - The fox was rearranged from  8 to 9
20.11.2021 16:14:12 [JavaFX Application Thread] INFO   r.v.v.f.game.GameController - The goose was rearranged from  12 to 11
20.11.2021 16:14:14 [JavaFX Application Thread] INFO   r.v.v.f.game.GameController - The fox was rearranged from  9 to 16
20.11.2021 16:14:14 [JavaFX Application Thread] INFO   r.v.v.f.game.GameController - The goose was rearranged from  11 to 18
20.11.2021 16:14:16 [JavaFX Application Thread] INFO   r.v.v.f.game.GameController - The fox was rearranged from  16 to 17
20.11.2021 16:14:18 [JavaFX Application Thread] INFO   r.v.v.f.game.GameController - The goose was rearranged from  26 to 25
20.11.2021 16:14:19 [JavaFX Application Thread] INFO   r.v.v.f.game.GameController - The fox was rearranged from  17 to 16
20.11.2021 16:14:19 [JavaFX Application Thread] INFO   r.v.v.f.game.GameController - The goose was rearranged from  25 to 24
20.11.2021 16:14:22 [JavaFX Application Thread] INFO   r.v.v.f.game.GameController - The fox was rearranged from  16 to 9
20.11.2021 16:14:26 [JavaFX Application Thread] INFO   r.v.v.f.game.GameController - The goose was rearranged from  7 to 8
20.11.2021 16:14:27 [JavaFX Application Thread] INFO   r.v.v.f.game.GameController - The fox was jumped from  9 to 11
20.11.2021 16:14:28 [JavaFX Application Thread] INFO   r.v.v.f.game.GameController - The fox was jumped from  11 to 25
20.11.2021 16:14:29 [JavaFX Application Thread] INFO   r.v.v.f.game.GameController - The fox was jumped from  25 to 23
20.11.2021 16:14:32 [JavaFX Application Thread] INFO   r.v.v.f.game.GameController - The goose was rearranged from  8 to 9
20.11.2021 16:14:43 [JavaFX Application Thread] INFO   r.v.v.f.game.GameController - The fox was rearranged from  23 to 16
20.11.2021 16:14:49 [JavaFX Application Thread] INFO   r.v.v.f.game.GameController - The goose was rearranged from  3 to 8
20.11.2021 16:14:52 [JavaFX Application Thread] INFO   r.v.v.f.game.GameController - The fox was jumped from  16 to 4
20.11.2021 16:14:56 [JavaFX Application Thread] INFO   r.v.v.f.game.GameController - The goose was rearranged from  2 to 5
20.11.2021 16:14:57 [JavaFX Application Thread] INFO   r.v.v.f.game.GameController - The fox was rearranged from  4 to 3
20.11.2021 16:14:58 [JavaFX Application Thread] INFO   r.v.v.f.game.GameController - The goose was rearranged from  5 to 4
20.11.2021 16:14:58 [JavaFX Application Thread] INFO   r.v.v.f.game.GameController - The geese won
20.11.2021 16:15:00 [JavaFX Application Thread] INFO   r.v.v.f.game.GameController - The fox was jumped from  3 to 15
20.11.2021 16:15:00 [JavaFX Application Thread] INFO   r.v.v.f.game.GameController - The fox was jumped from  15 to 13
20.11.2021 16:15:02 [JavaFX Application Thread] INFO   r.v.v.f.game.GameController - The goose was rearranged from  6 to 7
20.11.2021 16:15:03 [JavaFX Application Thread] INFO   r.v.v.f.game.GameController - The fox was rearranged from  13 to 6
20.11.2021 16:15:05 [JavaFX Application Thread] INFO   r.v.v.f.game.GameController - The goose was rearranged from  4 to 9
20.11.2021 16:15:06 [JavaFX Application Thread] INFO   r.v.v.f.game.GameController - The fox was jumped from  6 to 8
20.11.2021 16:15:09 [JavaFX Application Thread] INFO   r.v.v.f.game.GameController - The fox was jumped from  8 to 10
20.11.2021 16:15:18 [JavaFX Application Thread] INFO   r.v.v.f.game.GameController - The fox won
20.11.2021 16:15:24 [main] INFO   ru.vsu.vadim.foxAndGeese.Main - Application started.
20.11.2021 16:40:00 [JavaFX Application Thread] INFO   r.v.v.f.gameworld.GameField - The field has been created
20.11.2021 16:40:00 [JavaFX Application Thread] INFO   r.v.v.foxAndGeese.view.Pane - The pane is full
20.11.2021 16:40:05 [main] INFO   ru.vsu.vadim.foxAndGeese.Main - Application started.
20.11.2021 16:42:36 [JavaFX Application Thread] INFO   r.v.v.f.gameworld.GameField - The field has been created
20.11.2021 16:42:36 [JavaFX Application Thread] INFO   r.v.v.foxAndGeese.view.Pane - The pane is full
20.11.2021 16:42:37 [JavaFX Application Thread] INFO   r.v.v.f.game.GameController - The fox was rearranged from  16 to 23
20.11.2021 16:42:39 [main] INFO   ru.vsu.vadim.foxAndGeese.Main - Application started.
20.11.2021 16:44:13 [JavaFX Application Thread] INFO   r.v.v.f.gameworld.GameField - The field has been created
20.11.2021 16:44:13 [JavaFX Application Thread] INFO   r.v.v.foxAndGeese.view.Pane - The pane is full
20.11.2021 16:44:27 [JavaFX Application Thread] INFO   r.v.v.f.game.GameController - The fox was rearranged from  16 to 17
20.11.2021 16:44:28 [JavaFX Application Thread] INFO   r.v.v.f.game.GameController - The goose was rearranged from  9 to 16
20.11.2021 16:44:29 [JavaFX Application Thread] INFO   r.v.v.f.game.GameController - The fox was jumped from  17 to 15
20.11.2021 18:18:49 [JavaFX Application Thread] INFO   r.v.v.f.gameworld.GameField - The field has been created
20.11.2021 18:18:49 [JavaFX Application Thread] INFO   r.v.v.foxAndGeese.view.Pane - The pane is full
20.11.2021 18:18:51 [JavaFX Application Thread] INFO   r.v.v.f.game.GameController - The fox was rearranged from  16 to 23
20.11.2021 18:18:52 [JavaFX Application Thread] INFO   r.v.v.f.game.GameController - The goose was rearranged from  9 to 16
20.11.2021 18:18:52 [JavaFX Application Thread] INFO   r.v.v.f.game.GameController - The fox was jumped from  23 to 9
20.11.2021 18:18:55 [JavaFX Application Thread] INFO   r.v.v.f.gameworld.GameField - The field has been created
20.11.2021 18:18:55 [JavaFX Application Thread] INFO   r.v.v.f.game.GameController - Game restarted
20.11.2021 18:18:55 [JavaFX Application Thread] INFO   r.v.v.foxAndGeese.view.Pane - The pane is full
20.11.2021 18:32:24 [JavaFX Application Thread] INFO   r.v.v.f.gameworld.GameField - The field has been created
20.11.2021 18:32:24 [JavaFX Application Thread] INFO   r.v.v.foxAndGeese.view.Pane - The pane is full
20.11.2021 18:32:26 [JavaFX Application Thread] INFO   r.v.v.f.game.GameController - The fox was rearranged from  16 to 17
20.11.2021 18:32:27 [JavaFX Application Thread] INFO   r.v.v.f.game.GameController - The goose was rearranged from  9 to 16
20.11.2021 18:32:27 [JavaFX Application Thread] INFO   r.v.v.f.game.GameController - The fox was jumped from  17 to 15
20.11.2021 18:32:29 [JavaFX Application Thread] INFO   r.v.v.f.gameworld.GameField - The field has been created
20.11.2021 18:32:29 [JavaFX Application Thread] INFO   r.v.v.f.game.GameController - Game restarted
20.11.2021 18:32:29 [JavaFX Application Thread] INFO   r.v.v.foxAndGeese.view.Pane - The pane is full
20.11.2021 18:34:04 [JavaFX Application Thread] INFO   r.v.v.f.gameworld.GameField - The field has been created
20.11.2021 18:34:04 [JavaFX Application Thread] INFO   r.v.v.foxAndGeese.view.Pane - The pane is full
20.11.2021 18:34:07 [JavaFX Application Thread] INFO   r.v.v.f.game.GameController - The fox was rearranged from  16 to 15
20.11.2021 18:34:08 [JavaFX Application Thread] INFO   r.v.v.f.game.GameController - The goose was rearranged from  9 to 16
20.11.2021 18:34:09 [JavaFX Application Thread] INFO   r.v.v.f.game.GameController - The fox was jumped from  15 to 17
20.11.2021 18:34:10 [JavaFX Application Thread] INFO   r.v.v.f.view.GuiViewer - The game was completed by the user
20.11.2021 18:35:50 [JavaFX Application Thread] INFO   r.v.v.f.gameworld.GameField - The field has been created
20.11.2021 18:35:50 [JavaFX Application Thread] INFO   r.v.v.foxAndGeese.view.Pane - The pane is full
20.11.2021 18:38:39 [JavaFX Application Thread] INFO   r.v.v.f.gameworld.GameField - The field has been created
20.11.2021 18:38:39 [JavaFX Application Thread] INFO   r.v.v.foxAndGeese.view.Pane - The pane is full
20.11.2021 18:39:05 [main] INFO   ru.vsu.vadim.foxAndGeese.Main - Application started.
20.11.2021 18:42:41 [JavaFX Application Thread] INFO   r.v.v.f.gameworld.GameField - The field has been created
20.11.2021 18:42:41 [JavaFX Application Thread] INFO   r.v.v.foxAndGeese.view.Pane - The pane is full
20.11.2021 18:42:47 [JavaFX Application Thread] INFO   r.v.v.f.view.GuiViewer - The game was completed by the user
20.11.2021 18:43:47 [JavaFX Application Thread] INFO   r.v.v.f.gameworld.GameField - The field has been created
20.11.2021 18:43:47 [JavaFX Application Thread] INFO   r.v.v.foxAndGeese.view.Pane - The pane is full
20.11.2021 18:43:48 [JavaFX Application Thread] INFO   r.v.v.f.game.GameController - The fox was rearranged from  16 to 23
20.11.2021 18:43:49 [JavaFX Application Thread] INFO   r.v.v.f.game.GameController - The goose was rearranged from  9 to 16
20.11.2021 18:43:49 [JavaFX Application Thread] INFO   r.v.v.f.game.GameController - The fox was jumped from  23 to 9
20.11.2021 18:43:51 [JavaFX Application Thread] INFO   r.v.v.f.gameworld.GameField - The field has been created
20.11.2021 18:43:51 [JavaFX Application Thread] INFO   r.v.v.f.game.GameController - Game restarted
20.11.2021 18:43:51 [JavaFX Application Thread] INFO   r.v.v.foxAndGeese.view.Pane - The pane is full
20.11.2021 18:43:52 [JavaFX Application Thread] INFO   r.v.v.f.view.GuiViewer - The game was completed by the user
20.11.2021 18:49:17 [JavaFX Application Thread] INFO   r.v.v.f.gameworld.GameField - The field has been created
20.11.2021 18:49:17 [JavaFX Application Thread] INFO   r.v.v.foxAndGeese.view.Pane - The pane is full
20.11.2021 18:49:19 [JavaFX Application Thread] INFO   r.v.v.f.game.GameController - The fox was rearranged from  16 to 17
20.11.2021 18:49:24 [JavaFX Application Thread] INFO   r.v.v.f.game.GameController - The goose was rearranged from  9 to 16
20.11.2021 18:49:24 [JavaFX Application Thread] INFO   r.v.v.f.game.GameController - The fox was jumped from  17 to 15
20.11.2021 18:49:32 [JavaFX Application Thread] INFO   r.v.v.f.game.GameController - The goose was rearranged from  13 to 14
20.11.2021 18:49:33 [JavaFX Application Thread] INFO   r.v.v.f.game.GameController - The fox was jumped from  15 to 13
20.11.2021 18:49:35 [JavaFX Application Thread] INFO   r.v.v.f.view.GuiViewer - The game was completed by the user
20.11.2021 18:57:53 [JavaFX Application Thread] INFO   r.v.v.f.gameworld.GameField - The field has been created
20.11.2021 18:57:54 [JavaFX Application Thread] INFO   r.v.v.foxAndGeese.view.Pane - The pane is full
20.11.2021 19:18:30 [JavaFX Application Thread] INFO   r.v.v.f.gameworld.GameField - The field has been created
20.11.2021 19:18:30 [JavaFX Application Thread] INFO   r.v.v.foxAndGeese.view.Pane - The pane is full
20.11.2021 19:18:34 [JavaFX Application Thread] INFO   r.v.v.f.game.GameController - The fox was rearranged from  16 to 17
20.11.2021 19:18:35 [JavaFX Application Thread] INFO   r.v.v.f.game.GameController - The goose was rearranged from  9 to 16
20.11.2021 19:18:36 [JavaFX Application Thread] INFO   r.v.v.f.game.GameController - The fox was jumped from  17 to 15
20.11.2021 19:18:42 [JavaFX Application Thread] INFO   r.v.v.f.game.GameController - The goose was rearranged from  13 to 14
20.11.2021 19:18:43 [JavaFX Application Thread] INFO   r.v.v.f.game.GameController - The fox was jumped from  15 to 13
20.11.2021 19:18:46 [main] INFO   ru.vsu.vadim.foxAndGeese.Main - Application started.
20.11.2021 21:08:15 [JavaFX Application Thread] INFO   r.v.v.f.gameworld.GameField - The field has been created
20.11.2021 21:08:15 [JavaFX Application Thread] INFO   r.v.v.foxAndGeese.view.Pane - The pane is full
20.11.2021 21:08:17 [JavaFX Application Thread] INFO   r.v.v.f.game.GameController - The fox was rearranged from  16 to 17
20.11.2021 21:08:17 [JavaFX Application Thread] INFO   r.v.v.f.game.GameController - The goose was rearranged from  9 to 16
20.11.2021 21:08:18 [JavaFX Application Thread] INFO   r.v.v.f.game.GameController - The fox was jumped from  17 to 15
20.11.2021 21:08:20 [JavaFX Application Thread] INFO   r.v.v.f.gameworld.GameField - The field has been created
20.11.2021 21:08:20 [JavaFX Application Thread] INFO   r.v.v.f.game.GameController - Game restarted
20.11.2021 21:08:20 [JavaFX Application Thread] INFO   r.v.v.foxAndGeese.view.Pane - The pane is full
20.11.2021 21:08:21 [JavaFX Application Thread] INFO   r.v.v.f.view.GuiViewer - The game was completed by the user
20.11.2021 23:30:05 [JavaFX Application Thread] INFO   r.v.v.f.gameworld.GameField - The field has been created
20.11.2021 23:30:05 [JavaFX Application Thread] INFO   r.v.v.foxAndGeese.view.Pane - The pane is full
20.11.2021 23:39:34 [JavaFX Application Thread] INFO   r.v.v.f.gameworld.GameField - The field has been created
20.11.2021 23:39:34 [JavaFX Application Thread] INFO   r.v.v.foxAndGeese.view.Pane - The pane is full
20.11.2021 23:39:40 [JavaFX Application Thread] INFO   r.v.v.f.game.GameController - The fox was rearranged from  16 to 17
20.11.2021 23:39:47 [JavaFX Application Thread] INFO   r.v.v.f.game.GameController - The goose was rearranged from  9 to 16
20.11.2021 23:39:49 [JavaFX Application Thread] INFO   r.v.v.f.game.GameController - The fox was jumped from  17 to 15
20.11.2021 23:39:54 [JavaFX Application Thread] INFO   r.v.v.f.view.GuiViewer - The game was completed by the user
20.11.2021 23:51:11 [JavaFX Application Thread] INFO   r.v.v.f.gameworld.GameField - The field has been created
20.11.2021 23:51:11 [JavaFX Application Thread] INFO   r.v.v.foxAndGeese.view.Pane - The pane is full
20.11.2021 23:51:17 [JavaFX Application Thread] INFO   r.v.v.f.game.GameController - The fox was rearranged from  16 to 17
20.11.2021 23:51:19 [JavaFX Application Thread] INFO   r.v.v.f.game.GameController - The goose was rearranged from  9 to 16
20.11.2021 23:51:22 [JavaFX Application Thread] INFO   r.v.v.f.game.GameController - The fox was jumped from  17 to 15
20.11.2021 23:51:25 [JavaFX Application Thread] INFO   r.v.v.f.view.GuiViewer - The game was completed by the user
