15.11.2021 02:00:10 [JavaFX Application Thread] INFO   r.v.v.f.gameworld.GameField - The field has been created
15.11.2021 02:00:10 [JavaFX Application Thread] INFO   r.v.v.foxAndGeese.view.Pane - The pane is full
15.11.2021 02:00:11 [JavaFX Application Thread] INFO   r.v.v.f.game.GameController - The fox was rearranged from  16 to 23
15.11.2021 02:00:12 [JavaFX Application Thread] INFO   r.v.v.f.game.GameController - The goose was rearranged from  26 to 25
15.11.2021 02:00:16 [JavaFX Application Thread] INFO   r.v.v.f.game.GameController - The fox was rearranged from  23 to 28
15.11.2021 02:00:16 [JavaFX Application Thread] INFO   r.v.v.f.game.GameController - The goose was rearranged from  20 to 21
15.11.2021 02:00:17 [JavaFX Application Thread] INFO   r.v.v.f.game.GameController - The fox was rearranged from  28 to 23
15.11.2021 02:00:18 [JavaFX Application Thread] INFO   r.v.v.f.game.GameController - The goose was rearranged from  21 to 22
15.11.2021 02:00:18 [JavaFX Application Thread] INFO   r.v.v.f.game.GameController - The fox was rearranged from  23 to 28
15.11.2021 02:00:19 [JavaFX Application Thread] INFO   r.v.v.f.game.GameController - The goose was rearranged from  22 to 27
15.11.2021 02:00:19 [JavaFX Application Thread] INFO   r.v.v.f.game.GameController - The fox was rearranged from  28 to 29
15.11.2021 02:00:20 [JavaFX Application Thread] INFO   r.v.v.f.game.GameController - The goose was rearranged from  27 to 30
15.11.2021 02:00:21 [JavaFX Application Thread] INFO   r.v.v.f.game.GameController - The fox was rearranged from  29 to 32
15.11.2021 02:00:22 [JavaFX Application Thread] INFO   r.v.v.f.game.GameController - The goose was rearranged from  30 to 31
15.11.2021 02:00:23 [JavaFX Application Thread] INFO   r.v.v.f.game.GameController - The fox was rearranged from  32 to 29
15.11.2021 02:00:23 [JavaFX Application Thread] INFO   r.v.v.f.game.GameController - The goose was rearranged from  31 to 32
15.11.2021 02:00:24 [JavaFX Application Thread] INFO   r.v.v.f.game.GameController - The fox was rearranged from  29 to 28
15.11.2021 02:00:24 [JavaFX Application Thread] INFO   r.v.v.f.game.GameController - The goose was rearranged from  32 to 29
15.11.2021 02:00:25 [JavaFX Application Thread] INFO   r.v.v.f.game.GameController - The fox was rearranged from  28 to 23
15.11.2021 02:00:29 [JavaFX Application Thread] INFO   r.v.v.f.game.GameController - The goose was rearranged from  29 to 24
15.11.2021 02:00:31 [JavaFX Application Thread] INFO   r.v.v.f.game.GameController - The fox was rearranged from  23 to 28
15.11.2021 02:00:31 [JavaFX Application Thread] INFO   r.v.v.f.game.GameController - The goose was rearranged from  24 to 23
15.11.2021 02:00:32 [JavaFX Application Thread] INFO   r.v.v.f.game.GameController - The fox was rearranged from  28 to 29
15.11.2021 02:00:34 [JavaFX Application Thread] INFO   r.v.v.f.game.GameController - The goose was rearranged from  23 to 24
15.11.2021 02:00:35 [JavaFX Application Thread] INFO   r.v.v.f.game.GameController - The fox was rearranged from  29 to 28
15.11.2021 02:00:35 [JavaFX Application Thread] INFO   r.v.v.f.game.GameController - The goose was rearranged from  24 to 23
15.11.2021 02:00:36 [JavaFX Application Thread] INFO   r.v.v.f.game.GameController - The fox was rearranged from  28 to 29
15.11.2021 02:00:58 [main] INFO   ru.vsu.vadim.foxAndGeese.Main - Application started.
15.11.2021 12:18:06 [JavaFX Application Thread] INFO   r.v.v.f.gameworld.GameField - The field has been created
15.11.2021 12:18:06 [JavaFX Application Thread] INFO   r.v.v.foxAndGeese.view.Pane - The pane is full
15.11.2021 12:18:09 [JavaFX Application Thread] INFO   r.v.v.f.game.GameController - The fox was rearranged from  16 to 23
15.11.2021 12:18:11 [JavaFX Application Thread] INFO   r.v.v.f.game.GameController - The goose was rearranged from  26 to 25
15.11.2021 12:18:13 [JavaFX Application Thread] INFO   r.v.v.f.game.GameController - The fox was rearranged from  23 to 28
15.11.2021 12:18:19 [JavaFX Application Thread] INFO   r.v.v.f.game.GameController - The goose was rearranged from  20 to 21
15.11.2021 12:18:20 [JavaFX Application Thread] INFO   r.v.v.f.game.GameController - The fox was rearranged from  28 to 31
15.11.2021 12:18:22 [JavaFX Application Thread] INFO   r.v.v.f.game.GameController - The goose was rearranged from  21 to 22
15.11.2021 12:18:23 [JavaFX Application Thread] INFO   r.v.v.f.game.GameController - The fox was rearranged from  31 to 32
15.11.2021 12:18:24 [JavaFX Application Thread] INFO   r.v.v.f.game.GameController - The goose was rearranged from  22 to 23
15.11.2021 12:18:25 [JavaFX Application Thread] INFO   r.v.v.f.game.GameController - The fox was rearranged from  32 to 29
15.11.2021 12:18:26 [JavaFX Application Thread] INFO   r.v.v.f.game.GameController - The goose was rearranged from  23 to 16
15.11.2021 12:18:27 [JavaFX Application Thread] INFO   r.v.v.f.game.GameController - The fox was rearranged from  29 to 28
15.11.2021 12:18:28 [JavaFX Application Thread] INFO   r.v.v.f.game.GameController - The goose was rearranged from  16 to 17
15.11.2021 12:18:29 [JavaFX Application Thread] INFO   r.v.v.f.game.GameController - The fox was rearranged from  28 to 23
15.11.2021 12:18:30 [JavaFX Application Thread] INFO   r.v.v.f.game.GameController - The goose was rearranged from  17 to 24
15.11.2021 12:18:31 [JavaFX Application Thread] INFO   r.v.v.f.game.GameController - The fox was rearranged from  23 to 16
15.11.2021 12:18:32 [JavaFX Application Thread] INFO   r.v.v.f.game.GameController - The goose was rearranged from  24 to 23
15.11.2021 12:18:33 [JavaFX Application Thread] INFO   r.v.v.f.game.GameController - The fox was rearranged from  16 to 17
15.11.2021 12:18:34 [JavaFX Application Thread] INFO   r.v.v.f.game.GameController - The goose was rearranged from  23 to 28
15.11.2021 12:18:35 [main] INFO   ru.vsu.vadim.foxAndGeese.Main - Application started.
15.11.2021 13:22:14 [JavaFX Application Thread] INFO   r.v.v.f.gameworld.GameField - The field has been created
15.11.2021 13:22:14 [JavaFX Application Thread] INFO   r.v.v.foxAndGeese.view.Pane - The pane is full
15.11.2021 13:22:16 [JavaFX Application Thread] INFO   r.v.v.f.game.GameController - The fox was rearranged from  16 to 23
15.11.2021 13:22:17 [JavaFX Application Thread] INFO   r.v.v.f.game.GameController - The goose was rearranged from  10 to 17
15.11.2021 13:22:19 [JavaFX Application Thread] INFO   r.v.v.f.game.GameController - The fox was rearranged from  23 to 24
15.11.2021 13:22:20 [JavaFX Application Thread] INFO   r.v.v.f.game.GameController - The goose was rearranged from  19 to 18
15.11.2021 13:22:22 [JavaFX Application Thread] INFO   r.v.v.f.game.GameController - The fox was rearranged from  24 to 23
15.11.2021 13:22:23 [JavaFX Application Thread] INFO   r.v.v.f.game.GameController - The goose was rearranged from  8 to 15
15.11.2021 13:22:28 [JavaFX Application Thread] INFO   r.v.v.f.game.GameController - The fox was rearranged from  23 to 24
15.11.2021 13:22:29 [JavaFX Application Thread] INFO   r.v.v.f.game.GameController - The goose was rearranged from  20 to 21
15.11.2021 13:22:30 [main] INFO   ru.vsu.vadim.foxAndGeese.Main - Application started.
15.11.2021 13:23:36 [JavaFX Application Thread] INFO   r.v.v.f.gameworld.GameField - The field has been created
15.11.2021 13:23:36 [JavaFX Application Thread] INFO   r.v.v.foxAndGeese.view.Pane - The pane is full
15.11.2021 13:23:37 [JavaFX Application Thread] INFO   r.v.v.f.game.GameController - The fox was rearranged from  16 to 23
15.11.2021 13:23:39 [JavaFX Application Thread] INFO   r.v.v.f.game.GameController - The goose was rearranged from  8 to 15
15.11.2021 13:23:40 [JavaFX Application Thread] INFO   r.v.v.f.game.GameController - The fox was rearranged from  23 to 24
15.11.2021 13:23:41 [JavaFX Application Thread] INFO   r.v.v.f.game.GameController - The goose was rearranged from  26 to 25
15.11.2021 13:23:42 [JavaFX Application Thread] INFO   r.v.v.f.game.GameController - The fox was rearranged from  24 to 29
15.11.2021 13:23:43 [JavaFX Application Thread] INFO   r.v.v.f.game.GameController - The goose was rearranged from  19 to 18
15.11.2021 13:23:44 [JavaFX Application Thread] INFO   r.v.v.f.game.GameController - The fox was rearranged from  29 to 32
15.11.2021 13:23:49 [JavaFX Application Thread] INFO   r.v.v.f.game.GameController - The goose was rearranged from  15 to 16
15.11.2021 13:23:59 [JavaFX Application Thread] INFO   r.v.v.f.game.GameController - The fox was rearranged from  32 to 31
15.11.2021 13:24:01 [JavaFX Application Thread] INFO   r.v.v.f.game.GameController - The goose was rearranged from  16 to 23
15.11.2021 13:24:02 [JavaFX Application Thread] INFO   r.v.v.f.game.GameController - The fox was rearranged from  31 to 30
15.11.2021 13:24:23 [JavaFX Application Thread] INFO   r.v.v.f.gameworld.GameField - The field has been created
15.11.2021 13:24:23 [JavaFX Application Thread] INFO   r.v.v.foxAndGeese.view.Pane - The pane is full
15.11.2021 13:24:24 [JavaFX Application Thread] INFO   r.v.v.f.game.GameController - The fox was rearranged from  16 to 23
15.11.2021 13:24:25 [JavaFX Application Thread] INFO   r.v.v.f.game.GameController - The goose was rearranged from  8 to 15
15.11.2021 13:24:27 [JavaFX Application Thread] INFO   r.v.v.f.game.GameController - The fox was rearranged from  23 to 24
15.11.2021 13:24:28 [JavaFX Application Thread] INFO   r.v.v.f.game.GameController - The goose was rearranged from  10 to 17
15.11.2021 13:24:29 [JavaFX Application Thread] INFO   r.v.v.f.game.GameController - The fox was rearranged from  24 to 25
15.11.2021 13:24:30 [JavaFX Application Thread] INFO   r.v.v.f.game.GameController - The goose was rearranged from  11 to 10
15.11.2021 13:24:31 [JavaFX Application Thread] INFO   r.v.v.f.game.GameController - The fox was rearranged from  25 to 18
15.11.2021 13:24:32 [JavaFX Application Thread] INFO   r.v.v.f.game.GameController - The goose was rearranged from  9 to 16
15.11.2021 13:24:32 [JavaFX Application Thread] INFO   r.v.v.f.game.GameController - The fox was rearranged from  18 to 25
15.11.2021 13:24:34 [JavaFX Application Thread] INFO   r.v.v.f.game.GameController - The goose was rearranged from  15 to 22
15.11.2021 13:24:34 [JavaFX Application Thread] INFO   r.v.v.f.game.GameController - The fox was rearranged from  25 to 18
15.11.2021 13:24:35 [JavaFX Application Thread] INFO   r.v.v.f.game.GameController - The goose was rearranged from  22 to 27
15.11.2021 13:24:37 [JavaFX Application Thread] INFO   r.v.v.f.game.GameController - The fox was rearranged from  18 to 11
15.11.2021 13:24:38 [JavaFX Application Thread] INFO   r.v.v.f.game.GameController - The goose was rearranged from  27 to 30
15.11.2021 13:24:41 [JavaFX Application Thread] INFO   r.v.v.f.game.GameController - The fox was rearranged from  11 to 18
15.11.2021 13:24:42 [JavaFX Application Thread] INFO   r.v.v.f.game.GameController - The goose was rearranged from  26 to 25
15.11.2021 13:24:50 [JavaFX Application Thread] INFO   r.v.v.f.game.GameController - The fox was rearranged from  18 to 11
15.11.2021 13:24:52 [JavaFX Application Thread] INFO   r.v.v.f.game.GameController - The goose was rearranged from  16 to 23
15.11.2021 13:24:54 [JavaFX Application Thread] INFO   r.v.v.f.game.GameController - The fox was rearranged from  11 to 18
15.11.2021 13:24:55 [JavaFX Application Thread] INFO   r.v.v.f.game.GameController - The goose was rearranged from  23 to 24
15.11.2021 13:24:56 [JavaFX Application Thread] INFO   r.v.v.f.game.GameController - The fox was rearranged from  18 to 11
15.11.2021 13:24:56 [JavaFX Application Thread] INFO   r.v.v.f.game.GameController - The goose was rearranged from  25 to 18
15.11.2021 13:24:59 [main] INFO   ru.vsu.vadim.foxAndGeese.Main - Application started.
15.11.2021 13:28:05 [JavaFX Application Thread] INFO   r.v.v.f.gameworld.GameField - The field has been created
15.11.2021 13:28:05 [JavaFX Application Thread] INFO   r.v.v.foxAndGeese.view.Pane - The pane is full
15.11.2021 13:28:06 [JavaFX Application Thread] INFO   r.v.v.f.game.GameController - The fox was rearranged from  16 to 23
15.11.2021 13:28:12 [JavaFX Application Thread] INFO   r.v.v.f.game.GameController - The goose was rearranged from  9 to 16
15.11.2021 13:28:17 [JavaFX Application Thread] INFO   r.v.v.f.game.GameController - The fox was rearranged from  23 to 24
15.11.2021 13:28:20 [JavaFX Application Thread] INFO   r.v.v.f.game.GameController - The goose was rearranged from  8 to 15
15.11.2021 13:28:25 [JavaFX Application Thread] INFO   r.v.v.f.game.GameController - The fox was rearranged from  24 to 23
15.11.2021 13:28:57 [JavaFX Application Thread] INFO   r.v.v.f.gameworld.GameField - The field has been created
15.11.2021 13:28:57 [JavaFX Application Thread] INFO   r.v.v.foxAndGeese.view.Pane - The pane is full
15.11.2021 13:29:00 [JavaFX Application Thread] INFO   r.v.v.f.game.GameController - The fox was rearranged from  16 to 28
15.11.2021 13:29:01 [main] INFO   ru.vsu.vadim.foxAndGeese.Main - Application started.
15.11.2021 13:48:55 [JavaFX Application Thread] INFO   r.v.v.f.gameworld.GameField - The field has been created
15.11.2021 13:48:55 [JavaFX Application Thread] INFO   r.v.v.foxAndGeese.view.Pane - The pane is full
15.11.2021 13:48:59 [JavaFX Application Thread] INFO   r.v.v.f.game.GameController - The goose was rearranged from  10 to 17
15.11.2021 13:49:00 [JavaFX Application Thread] INFO   r.v.v.f.game.GameController - The fox was rearranged from  16 to 23
15.11.2021 13:49:01 [JavaFX Application Thread] INFO   r.v.v.f.game.GameController - The goose was rearranged from  17 to 18
15.11.2021 13:49:01 [JavaFX Application Thread] INFO   r.v.v.f.game.GameController - The fox was rearranged from  23 to 24
15.11.2021 13:49:03 [JavaFX Application Thread] INFO   r.v.v.f.game.GameController - The goose was rearranged from  18 to 17
15.11.2021 13:51:16 [JavaFX Application Thread] INFO   r.v.v.f.gameworld.GameField - The field has been created
15.11.2021 13:51:16 [JavaFX Application Thread] INFO   r.v.v.foxAndGeese.view.Pane - The pane is full
15.11.2021 13:51:17 [JavaFX Application Thread] INFO   r.v.v.f.game.GameController - The fox was rearranged from  16 to 17
15.11.2021 13:51:18 [JavaFX Application Thread] INFO   r.v.v.f.game.GameController - The goose was rearranged from  9 to 16
15.11.2021 13:51:25 [JavaFX Application Thread] INFO   r.v.v.f.game.GameController - The fox was rearranged from  17 to 18
15.11.2021 13:51:30 [JavaFX Application Thread] INFO   r.v.v.f.game.GameController - The goose was rearranged from  16 to 17
15.11.2021 13:51:32 [JavaFX Application Thread] INFO   r.v.v.f.game.GameController - The fox was rearranged from  18 to 25
15.11.2021 13:51:33 [JavaFX Application Thread] INFO   r.v.v.f.game.GameController - The goose was rearranged from  17 to 24
15.11.2021 13:51:36 [JavaFX Application Thread] INFO   r.v.v.f.game.GameController - The fox was rearranged from  25 to 18
15.11.2021 13:51:37 [JavaFX Application Thread] INFO   r.v.v.f.game.GameController - The goose was rearranged from  24 to 29
15.11.2021 13:51:38 [JavaFX Application Thread] INFO   r.v.v.f.game.GameController - The fox was rearranged from  18 to 17
15.11.2021 13:51:39 [main] INFO   ru.vsu.vadim.foxAndGeese.Main - Application started.
15.11.2021 13:57:41 [JavaFX Application Thread] INFO   r.v.v.f.gameworld.GameField - The field has been created
15.11.2021 13:57:41 [JavaFX Application Thread] INFO   r.v.v.foxAndGeese.view.Pane - The pane is full
15.11.2021 13:57:47 [main] INFO   ru.vsu.vadim.foxAndGeese.Main - Application started.
15.11.2021 13:58:44 [JavaFX Application Thread] INFO   r.v.v.f.gameworld.GameField - The field has been created
15.11.2021 13:58:44 [JavaFX Application Thread] INFO   r.v.v.foxAndGeese.view.Pane - The pane is full
15.11.2021 13:58:51 [main] INFO   ru.vsu.vadim.foxAndGeese.Main - Application started.
15.11.2021 14:00:56 [JavaFX Application Thread] INFO   r.v.v.f.gameworld.GameField - The field has been created
15.11.2021 14:00:56 [JavaFX Application Thread] INFO   r.v.v.foxAndGeese.view.Pane - The pane is full
15.11.2021 14:00:57 [JavaFX Application Thread] INFO   r.v.v.f.game.GameController - The fox was rearranged from  16 to 23
15.11.2021 14:00:58 [JavaFX Application Thread] INFO   r.v.v.f.game.GameController - The goose was rearranged from  9 to 16
15.11.2021 14:01:06 [JavaFX Application Thread] INFO   r.v.v.f.game.GameController - The fox was rearranged from  9 to 10
15.11.2021 14:01:12 [JavaFX Application Thread] INFO   r.v.v.f.game.GameController - The goose was rearranged from  16 to 17
15.11.2021 14:01:13 [JavaFX Application Thread] INFO   r.v.v.f.game.GameController - The fox was rearranged from  10 to 10
15.11.2021 14:01:15 [JavaFX Application Thread] INFO   r.v.v.f.game.GameController - The goose was rearranged from  17 to 10
15.11.2021 14:01:19 [main] INFO   ru.vsu.vadim.foxAndGeese.Main - Application started.
15.11.2021 14:01:26 [JavaFX Application Thread] INFO   r.v.v.f.gameworld.GameField - The field has been created
15.11.2021 14:01:26 [JavaFX Application Thread] INFO   r.v.v.foxAndGeese.view.Pane - The pane is full
15.11.2021 14:01:27 [JavaFX Application Thread] INFO   r.v.v.f.game.GameController - The fox was rearranged from  16 to 23
15.11.2021 14:01:31 [JavaFX Application Thread] INFO   r.v.v.f.game.GameController - The goose was rearranged from  9 to 16
15.11.2021 14:01:31 [JavaFX Application Thread] INFO   r.v.v.f.game.GameController - The fox was rearranged from  23 to 23
15.11.2021 14:01:41 [JavaFX Application Thread] INFO   r.v.v.f.gameworld.GameField - The field has been created
15.11.2021 14:01:41 [JavaFX Application Thread] INFO   r.v.v.foxAndGeese.view.Pane - The pane is full
15.11.2021 14:01:44 [JavaFX Application Thread] INFO   r.v.v.f.game.GameController - The fox was rearranged from  16 to 23
15.11.2021 14:02:11 [JavaFX Application Thread] INFO   r.v.v.f.gameworld.GameField - The field has been created
15.11.2021 14:02:11 [JavaFX Application Thread] INFO   r.v.v.foxAndGeese.view.Pane - The pane is full
15.11.2021 14:02:13 [JavaFX Application Thread] INFO   r.v.v.f.game.GameController - The fox was rearranged from  16 to 23
15.11.2021 14:02:14 [JavaFX Application Thread] INFO   r.v.v.f.game.GameController - The goose was rearranged from  9 to 16
15.11.2021 14:02:16 [JavaFX Application Thread] INFO   r.v.v.f.game.GameController - The fox was rearranged from  23 to 31
15.11.2021 14:02:20 [JavaFX Application Thread] INFO   r.v.v.f.game.GameController - The goose was rearranged from  16 to 17
15.11.2021 14:02:21 [JavaFX Application Thread] INFO   r.v.v.f.game.GameController - The fox was rearranged from  31 to 23
15.11.2021 14:02:23 [JavaFX Application Thread] INFO   r.v.v.f.game.GameController - The goose was rearranged from  17 to 18
15.11.2021 14:02:25 [JavaFX Application Thread] INFO   r.v.v.f.game.GameController - The fox was rearranged from  23 to 9
15.11.2021 14:02:27 [JavaFX Application Thread] INFO   r.v.v.f.game.GameController - The goose was rearranged from  8 to 15
15.11.2021 14:02:28 [JavaFX Application Thread] INFO   r.v.v.f.game.GameController - The fox was rearranged from  9 to 28
15.11.2021 14:02:31 [main] INFO   ru.vsu.vadim.foxAndGeese.Main - Application started.
15.11.2021 14:13:06 [JavaFX Application Thread] INFO   r.v.v.f.gameworld.GameField - The field has been created
15.11.2021 14:13:06 [JavaFX Application Thread] INFO   r.v.v.foxAndGeese.view.Pane - The pane is full
15.11.2021 14:13:39 [JavaFX Application Thread] INFO   r.v.v.f.game.GameController - The fox was rearranged from  16 to 18
15.11.2021 14:14:23 [JavaFX Application Thread] INFO   r.v.v.f.gameworld.GameField - The field has been created
15.11.2021 14:14:23 [JavaFX Application Thread] INFO   r.v.v.foxAndGeese.view.Pane - The pane is full
15.11.2021 14:14:25 [main] INFO   ru.vsu.vadim.foxAndGeese.Main - Application started.
15.11.2021 14:14:42 [JavaFX Application Thread] INFO   r.v.v.f.gameworld.GameField - The field has been created
15.11.2021 14:14:42 [JavaFX Application Thread] INFO   r.v.v.foxAndGeese.view.Pane - The pane is full
15.11.2021 14:14:44 [JavaFX Application Thread] INFO   r.v.v.f.game.GameController - The fox was rearranged from  16 to 28
15.11.2021 14:14:47 [JavaFX Application Thread] INFO   r.v.v.f.game.GameController - The goose was rearranged from  9 to 16
15.11.2021 14:14:49 [JavaFX Application Thread] INFO   r.v.v.f.game.GameController - The fox was rearranged from  28 to 18
15.11.2021 14:14:54 [JavaFX Application Thread] INFO   r.v.v.f.game.GameController - The goose was rearranged from  16 to 17
15.11.2021 14:14:57 [JavaFX Application Thread] INFO   r.v.v.f.game.GameController - The goose was rearranged from  17 to 24
15.11.2021 14:14:58 [JavaFX Application Thread] INFO   r.v.v.f.game.GameController - The fox was rearranged from  16 to 32
15.11.2021 14:15:02 [main] INFO   ru.vsu.vadim.foxAndGeese.Main - Application started.
15.11.2021 14:15:20 [JavaFX Application Thread] INFO   r.v.v.f.gameworld.GameField - The field has been created
15.11.2021 14:15:20 [JavaFX Application Thread] INFO   r.v.v.foxAndGeese.view.Pane - The pane is full
15.11.2021 14:15:47 [JavaFX Application Thread] INFO   r.v.v.f.game.GameController - The fox was rearranged from  16 to 18
15.11.2021 14:15:53 [JavaFX Application Thread] INFO   r.v.v.f.gameworld.GameField - The field has been created
15.11.2021 14:15:53 [JavaFX Application Thread] INFO   r.v.v.foxAndGeese.view.Pane - The pane is full
15.11.2021 14:15:57 [JavaFX Application Thread] INFO   r.v.v.f.game.GameController - The fox was rearranged from  16 to 17
15.11.2021 14:15:58 [JavaFX Application Thread] INFO   r.v.v.f.game.GameController - The goose was rearranged from  9 to 16
15.11.2021 14:16:07 [JavaFX Application Thread] INFO   r.v.v.f.game.GameController - The goose was rearranged from  8 to 9
15.11.2021 14:16:09 [JavaFX Application Thread] INFO   r.v.v.f.game.GameController - The fox was rearranged from  15 to 22
15.11.2021 14:16:10 [JavaFX Application Thread] INFO   r.v.v.f.game.GameController - The goose was rearranged from  16 to 17
15.11.2021 14:16:13 [JavaFX Application Thread] INFO   r.v.v.f.game.GameController - The fox was rearranged from  22 to 23
15.11.2021 14:16:14 [JavaFX Application Thread] INFO   r.v.v.f.game.GameController - The goose was rearranged from  17 to 24
15.11.2021 14:16:15 [JavaFX Application Thread] INFO   r.v.v.f.game.GameController - The fox was rearranged from  23 to 28
15.11.2021 14:16:16 [JavaFX Application Thread] INFO   r.v.v.f.game.GameController - The goose was rearranged from  24 to 23
15.11.2021 14:16:16 [JavaFX Application Thread] INFO   r.v.v.f.game.GameController - The fox was rearranged from  28 to 29
15.11.2021 14:16:17 [JavaFX Application Thread] INFO   r.v.v.f.game.GameController - The goose was rearranged from  23 to 16
15.11.2021 14:16:18 [JavaFX Application Thread] INFO   r.v.v.f.game.GameController - The fox was rearranged from  29 to 24
15.11.2021 14:16:19 [JavaFX Application Thread] INFO   r.v.v.f.game.GameController - The goose was rearranged from  16 to 17
15.11.2021 14:16:20 [JavaFX Application Thread] INFO   r.v.v.f.game.GameController - The fox was rearranged from  24 to 25
15.11.2021 14:16:21 [JavaFX Application Thread] INFO   r.v.v.f.game.GameController - The goose was rearranged from  19 to 18
15.11.2021 14:16:28 [JavaFX Application Thread] INFO   r.v.v.f.game.GameController - The goose was rearranged from  18 to 25
15.11.2021 14:16:29 [JavaFX Application Thread] INFO   r.v.v.f.game.GameController - The fox was rearranged from  11 to 18
15.11.2021 14:16:32 [JavaFX Application Thread] INFO   r.v.v.f.game.GameController - The goose was rearranged from  17 to 24
15.11.2021 14:16:35 [JavaFX Application Thread] INFO   r.v.v.f.game.GameController - The fox was rearranged from  18 to 11
15.11.2021 14:16:43 [JavaFX Application Thread] INFO   r.v.v.f.game.GameController - The goose was rearranged from  12 to 19
15.11.2021 14:17:04 [JavaFX Application Thread] INFO   r.v.v.f.game.GameController - The goose was rearranged from  24 to 17
15.11.2021 14:17:05 [JavaFX Application Thread] INFO   r.v.v.f.game.GameController - The fox was rearranged from  9 to 16
15.11.2021 14:17:10 [JavaFX Application Thread] INFO   r.v.v.f.game.GameController - The goose was rearranged from  7 to 14
15.11.2021 14:17:29 [JavaFX Application Thread] INFO   r.v.v.f.game.GameController - The goose was rearranged from  17 to 24
15.11.2021 14:17:37 [JavaFX Application Thread] INFO   r.v.v.f.game.GameController - The fox was rearranged from  18 to 11
15.11.2021 14:17:38 [JavaFX Application Thread] INFO   r.v.v.f.game.GameController - The goose was rearranged from  19 to 18
15.11.2021 14:19:12 [JavaFX Application Thread] INFO   r.v.v.f.gameworld.GameField - The field has been created
15.11.2021 14:19:12 [JavaFX Application Thread] INFO   r.v.v.foxAndGeese.view.Pane - The pane is full
15.11.2021 14:19:13 [JavaFX Application Thread] INFO   r.v.v.f.game.GameController - The fox was rearranged from  16 to 23
15.11.2021 14:19:14 [JavaFX Application Thread] INFO   r.v.v.f.game.GameController - The goose was rearranged from  9 to 16
15.11.2021 14:19:18 [JavaFX Application Thread] INFO   r.v.v.f.game.GameController - The fox was rearranged from  23 to 24
15.11.2021 14:19:21 [JavaFX Application Thread] INFO   r.v.v.f.game.GameController - The goose was rearranged from  11 to 18
15.11.2021 14:19:22 [JavaFX Application Thread] INFO   r.v.v.f.game.GameController - The fox was rearranged from  24 to 17
15.11.2021 14:19:23 [JavaFX Application Thread] INFO   r.v.v.f.game.GameController - The goose was rearranged from  18 to 25
15.11.2021 14:19:30 [JavaFX Application Thread] INFO   r.v.v.f.game.GameController - The goose was rearranged from  16 to 23
15.11.2021 14:19:31 [JavaFX Application Thread] INFO   r.v.v.f.game.GameController - The fox was rearranged from  15 to 16
15.11.2021 14:19:33 [JavaFX Application Thread] INFO   r.v.v.f.game.GameController - The goose was rearranged from  10 to 9
15.11.2021 14:19:38 [main] INFO   ru.vsu.vadim.foxAndGeese.Main - Application started.
15.11.2021 14:24:21 [JavaFX Application Thread] INFO   r.v.v.f.gameworld.GameField - The field has been created
15.11.2021 14:24:21 [JavaFX Application Thread] INFO   r.v.v.foxAndGeese.view.Pane - The pane is full
15.11.2021 14:24:24 [JavaFX Application Thread] INFO   r.v.v.f.game.GameController - The fox was rearranged from  16 to 23
15.11.2021 14:24:25 [JavaFX Application Thread] INFO   r.v.v.f.game.GameController - The goose was rearranged from  9 to 16
15.11.2021 14:24:32 [JavaFX Application Thread] INFO   r.v.v.f.game.GameController - The goose was rearranged from  8 to 15
15.11.2021 14:24:33 [main] INFO   ru.vsu.vadim.foxAndGeese.Main - Application started.
15.11.2021 14:35:42 [JavaFX Application Thread] INFO   r.v.v.f.gameworld.GameField - The field has been created
15.11.2021 14:35:42 [JavaFX Application Thread] INFO   r.v.v.foxAndGeese.view.Pane - The pane is full
15.11.2021 14:40:21 [JavaFX Application Thread] INFO   r.v.v.f.gameworld.GameField - The field has been created
15.11.2021 14:40:21 [JavaFX Application Thread] INFO   r.v.v.foxAndGeese.view.Pane - The pane is full
15.11.2021 14:40:26 [main] INFO   ru.vsu.vadim.foxAndGeese.Main - Application started.
15.11.2021 14:41:33 [JavaFX Application Thread] INFO   r.v.v.f.gameworld.GameField - The field has been created
15.11.2021 14:41:33 [JavaFX Application Thread] INFO   r.v.v.foxAndGeese.view.Pane - The pane is full
15.11.2021 14:45:16 [JavaFX Application Thread] INFO   r.v.v.f.gameworld.GameField - The field has been created
15.11.2021 14:45:16 [JavaFX Application Thread] INFO   r.v.v.foxAndGeese.view.Pane - The pane is full
15.11.2021 14:45:17 [JavaFX Application Thread] INFO   r.v.v.f.game.GameController - The fox was rearranged from  16 to 23
15.11.2021 14:45:19 [JavaFX Application Thread] INFO   r.v.v.f.game.GameController - The goose was rearranged from  9 to 16
15.11.2021 14:45:21 [JavaFX Application Thread] INFO   r.v.v.f.game.GameController - The goose was rearranged from  10 to 17
15.11.2021 14:45:22 [JavaFX Application Thread] INFO   r.v.v.f.game.GameController - The fox was rearranged from  9 to 10
15.11.2021 14:45:26 [JavaFX Application Thread] INFO   r.v.v.f.game.GameController - The goose was rearranged from  11 to 18
15.11.2021 14:45:29 [JavaFX Application Thread] INFO   r.v.v.f.game.GameController - The goose was rearranged from  18 to 17
15.11.2021 14:45:31 [JavaFX Application Thread] INFO   r.v.v.f.game.GameController - The goose was rearranged from  4 to 9
15.11.2021 14:48:39 [JavaFX Application Thread] INFO   r.v.v.f.gameworld.GameField - The field has been created
15.11.2021 14:48:39 [JavaFX Application Thread] INFO   r.v.v.foxAndGeese.view.Pane - The pane is full
15.11.2021 14:48:41 [JavaFX Application Thread] INFO   r.v.v.f.game.GameController - The fox was rearranged from  16 to 23
15.11.2021 14:48:42 [JavaFX Application Thread] INFO   r.v.v.f.game.GameController - The goose was rearranged from  9 to 16
15.11.2021 14:48:44 [JavaFX Application Thread] INFO   r.v.v.f.game.GameController - The goose was rearranged from  10 to 17
15.11.2021 14:48:44 [JavaFX Application Thread] INFO   r.v.v.f.game.GameController - The fox was rearranged from  9 to 10
15.11.2021 14:48:45 [JavaFX Application Thread] INFO   r.v.v.f.game.GameController - The goose was rearranged from  11 to 18
15.11.2021 14:48:50 [JavaFX Application Thread] INFO   r.v.v.f.game.GameController - The goose was rearranged from  12 to 11
15.11.2021 14:48:51 [JavaFX Application Thread] INFO   r.v.v.f.game.GameController - The fox was rearranged from  24 to 25
15.11.2021 14:48:52 [JavaFX Application Thread] INFO   r.v.v.f.game.GameController - The goose was rearranged from  19 to 12
15.11.2021 14:48:58 [JavaFX Application Thread] INFO   r.v.v.f.game.GameController - The fox was rearranged from  25 to 24
15.11.2021 14:50:06 [JavaFX Application Thread] INFO   r.v.v.f.gameworld.GameField - The field has been created
15.11.2021 14:50:06 [JavaFX Application Thread] INFO   r.v.v.foxAndGeese.view.Pane - The pane is full
15.11.2021 14:50:07 [JavaFX Application Thread] INFO   r.v.v.f.game.GameController - The fox was rearranged from  16 to 23
15.11.2021 14:50:08 [JavaFX Application Thread] INFO   r.v.v.f.game.GameController - The goose was rearranged from  9 to 16
15.11.2021 14:50:14 [JavaFX Application Thread] INFO   r.v.v.f.game.GameController - The goose was rearranged from  10 to 17
15.11.2021 14:50:15 [JavaFX Application Thread] INFO   r.v.v.f.game.GameController - The fox was rearranged from  9 to 10
15.11.2021 14:50:17 [JavaFX Application Thread] INFO   r.v.v.f.game.GameController - The goose was rearranged from  11 to 18
15.11.2021 14:50:19 [JavaFX Application Thread] INFO   r.v.v.f.game.GameController - The goose was rearranged from  18 to 17
15.11.2021 14:50:25 [JavaFX Application Thread] INFO   r.v.v.f.game.GameController - The goose was rearranged from  8 to 9
15.11.2021 14:50:26 [JavaFX Application Thread] INFO   r.v.v.f.game.GameController - The fox was rearranged from  10 to 17
15.11.2021 14:50:27 [JavaFX Application Thread] INFO   r.v.v.f.game.GameController - The goose was rearranged from  5 to 10
15.11.2021 14:50:29 [JavaFX Application Thread] INFO   r.v.v.f.game.GameController - The fox was rearranged from  17 to 16
15.11.2021 14:50:31 [JavaFX Application Thread] INFO   r.v.v.f.game.GameController - The goose was rearranged from  10 to 17
15.11.2021 14:50:39 [JavaFX Application Thread] INFO   r.v.v.f.game.GameController - The goose was rearranged from  9 to 16
15.11.2021 14:50:40 [JavaFX Application Thread] INFO   r.v.v.f.game.GameController - The fox was rearranged from  18 to 17
15.11.2021 14:50:41 [JavaFX Application Thread] INFO   r.v.v.f.game.GameController - The goose was rearranged from  4 to 9
15.11.2021 14:50:45 [JavaFX Application Thread] INFO   r.v.v.f.game.GameController - The fox was rearranged from  17 to 24
15.11.2021 14:50:45 [JavaFX Application Thread] INFO   r.v.v.f.game.GameController - The goose was rearranged from  26 to 25
15.11.2021 14:50:47 [JavaFX Application Thread] INFO   r.v.v.f.game.GameController - The goose was rearranged from  19 to 18
15.11.2021 14:50:48 [JavaFX Application Thread] INFO   r.v.v.f.game.GameController - The fox was rearranged from  26 to 19
15.11.2021 14:50:49 [JavaFX Application Thread] INFO   r.v.v.f.game.GameController - The goose was rearranged from  12 to 11
15.11.2021 14:50:54 [JavaFX Application Thread] INFO   r.v.v.f.game.GameController - The goose was rearranged from  11 to 10
15.11.2021 14:50:56 [JavaFX Application Thread] INFO   r.v.v.f.game.GameController - The goose was rearranged from  3 to 8
15.11.2021 14:50:57 [JavaFX Application Thread] INFO   r.v.v.f.game.GameController - The goose was rearranged from  1 to 4
15.11.2021 14:50:59 [JavaFX Application Thread] INFO   r.v.v.f.game.GameController - The goose was rearranged from  9 to 4
15.11.2021 14:51:05 [JavaFX Application Thread] INFO   r.v.v.f.game.GameController - The goose was rearranged from  2 to 5
15.11.2021 14:51:06 [JavaFX Application Thread] INFO   r.v.v.f.game.GameController - The fox was rearranged from  17 to 10
15.11.2021 14:51:08 [JavaFX Application Thread] INFO   r.v.v.f.game.GameController - The goose was rearranged from  0 to 3
15.11.2021 14:51:09 [JavaFX Application Thread] INFO   r.v.v.f.game.GameController - The goose was rearranged from  4 to 5
15.11.2021 14:51:10 [JavaFX Application Thread] INFO   r.v.v.f.game.GameController - The fox was rearranged from  2 to 1
15.11.2021 14:51:11 [JavaFX Application Thread] INFO   r.v.v.f.game.GameController - The goose was rearranged from  3 to 4
15.11.2021 14:51:12 [JavaFX Application Thread] INFO   r.v.v.f.game.GameController - The goose was rearranged from  5 to 4
15.11.2021 14:51:16 [JavaFX Application Thread] INFO   r.v.v.f.game.GameController - The goose was rearranged from  7 to 8
15.11.2021 14:51:19 [JavaFX Application Thread] INFO   r.v.v.f.game.GameController - The fox was rearranged from  1 to 4
15.11.2021 14:51:24 [JavaFX Application Thread] INFO   r.v.v.f.game.GameController - The goose was rearranged from  13 to 14
15.11.2021 14:51:25 [JavaFX Application Thread] INFO   r.v.v.f.game.GameController - The fox was rearranged from  4 to 9
15.11.2021 14:51:28 [JavaFX Application Thread] INFO   r.v.v.f.game.GameController - The goose was rearranged from  20 to 21
15.11.2021 14:51:30 [JavaFX Application Thread] INFO   r.v.v.f.game.GameController - The goose was rearranged from  14 to 15
15.11.2021 14:51:33 [JavaFX Application Thread] INFO   r.v.v.f.game.GameController - The fox was rearranged from  7 to 14
15.11.2021 14:51:34 [JavaFX Application Thread] INFO   r.v.v.f.game.GameController - The goose was rearranged from  21 to 22
15.11.2021 14:51:35 [JavaFX Application Thread] INFO   r.v.v.f.game.GameController - The goose was rearranged from  6 to 7
15.11.2021 14:51:38 [JavaFX Application Thread] INFO   r.v.v.f.game.GameController - The fox was rearranged from  16 to 15
15.11.2021 14:51:38 [JavaFX Application Thread] INFO   r.v.v.f.game.GameController - The goose was rearranged from  7 to 14
15.11.2021 14:51:40 [JavaFX Application Thread] INFO   r.v.v.f.game.GameController - The goose was rearranged from  22 to 15
15.11.2021 14:51:41 [JavaFX Application Thread] INFO   r.v.v.f.game.GameController - The fox was rearranged from  13 to 14
15.11.2021 14:51:42 [JavaFX Application Thread] INFO   r.v.v.f.game.GameController - The goose was rearranged from  15 to 16
15.11.2021 14:51:43 [JavaFX Application Thread] INFO   r.v.v.f.game.GameController - The fox was rearranged from  14 to 15
15.11.2021 14:51:45 [JavaFX Application Thread] INFO   r.v.v.f.game.GameController - The goose was rearranged from  16 to 9
15.11.2021 14:51:49 [JavaFX Application Thread] INFO   r.v.v.f.game.GameController - The fox was rearranged from  15 to 16
15.11.2021 14:51:54 [JavaFX Application Thread] INFO   r.v.v.f.game.GameController - The goose was rearranged from  9 to 8
15.11.2021 14:51:56 [JavaFX Application Thread] INFO   r.v.v.f.game.GameController - The fox was rearranged from  16 to 15
15.11.2021 14:52:21 [JavaFX Application Thread] INFO   r.v.v.f.gameworld.GameField - The field has been created
15.11.2021 14:52:21 [JavaFX Application Thread] INFO   r.v.v.foxAndGeese.view.Pane - The pane is full
15.11.2021 14:53:09 [JavaFX Application Thread] INFO   r.v.v.f.game.GameController - The fox was rearranged from  16 to 17
