23.11.2021 02:14:58 [JavaFX Application Thread] INFO   r.v.v.f.gameworld.GameField - The field has been created
23.11.2021 02:14:59 [JavaFX Application Thread] INFO   r.v.v.foxAndGeese.view.Pane - The pane is full
23.11.2021 02:17:15 [main] INFO   ru.vsu.vadim.foxAndGeese.Main - Application started.
23.11.2021 02:17:15 [main] INFO   r.v.v.f.gameworld.GameField - The field has been created
23.11.2021 02:21:55 [JavaFX Application Thread] INFO   r.v.v.f.gameworld.GameField - The field has been created
23.11.2021 02:21:55 [JavaFX Application Thread] INFO   r.v.v.foxAndGeese.view.Pane - The pane is full
23.11.2021 02:22:04 [JavaFX Application Thread] INFO   r.v.v.f.view.GuiViewer - The game was completed by the user
23.11.2021 02:25:34 [JavaFX Application Thread] INFO   r.v.v.f.gameworld.GameField - The field has been created
23.11.2021 02:25:34 [JavaFX Application Thread] INFO   r.v.v.foxAndGeese.view.Pane - The pane is full
23.11.2021 02:25:48 [main] INFO   ru.vsu.vadim.foxAndGeese.Main - Application started.
23.11.2021 02:25:48 [main] INFO   r.v.v.f.gameworld.GameField - The field has been created
23.11.2021 02:26:04 [JavaFX Application Thread] INFO   r.v.v.f.gameworld.GameField - The field has been created
23.11.2021 02:26:04 [JavaFX Application Thread] INFO   r.v.v.foxAndGeese.view.Pane - The pane is full
23.11.2021 02:26:15 [JavaFX Application Thread] INFO   r.v.v.f.game.GameController - The fox was rearranged from  16 to 15
23.11.2021 02:26:16 [JavaFX Application Thread] INFO   r.v.v.f.game.GameController - The goose was rearranged from  9 to 16
23.11.2021 02:26:16 [JavaFX Application Thread] INFO   r.v.v.f.game.GameController - The fox was jumped from  15 to 17
23.11.2021 02:26:29 [JavaFX Application Thread] INFO   r.v.v.f.view.GuiViewer - The game was completed by the user
23.11.2021 02:26:35 [JavaFX Application Thread] INFO   r.v.v.f.gameworld.GameField - The field has been created
23.11.2021 02:26:35 [JavaFX Application Thread] INFO   r.v.v.foxAndGeese.view.Pane - The pane is full
23.11.2021 02:27:10 [JavaFX Application Thread] INFO   r.v.v.f.game.GameController - The fox was rearranged from  16 to 17
23.11.2021 02:27:11 [JavaFX Application Thread] INFO   r.v.v.f.game.GameController - The goose was rearranged from  9 to 16
23.11.2021 02:27:17 [JavaFX Application Thread] INFO   r.v.v.f.game.GameController - The fox was jumped from  17 to 15
23.11.2021 02:27:24 [main] INFO   ru.vsu.vadim.foxAndGeese.Main - Application started.
23.11.2021 02:27:24 [main] INFO   r.v.v.f.gameworld.GameField - The field has been created
23.11.2021 02:30:12 [JavaFX Application Thread] INFO   r.v.v.f.gameworld.GameField - The field has been created
23.11.2021 02:30:12 [JavaFX Application Thread] INFO   r.v.v.foxAndGeese.view.Pane - The pane is full
23.11.2021 02:31:56 [main] INFO   ru.vsu.vadim.foxAndGeese.Main - Application started.
23.11.2021 02:31:56 [main] INFO   r.v.v.f.gameworld.GameField - The field has been created
23.11.2021 02:32:18 [JavaFX Application Thread] INFO   r.v.v.f.gameworld.GameField - The field has been created
23.11.2021 02:32:18 [JavaFX Application Thread] INFO   r.v.v.foxAndGeese.view.Pane - The pane is full
23.11.2021 02:32:24 [JavaFX Application Thread] INFO   r.v.v.f.game.GameController - The fox was rearranged from  16 to 23
23.11.2021 02:32:27 [JavaFX Application Thread] INFO   r.v.v.f.game.GameController - The goose was rearranged from  9 to 16
23.11.2021 02:32:28 [JavaFX Application Thread] INFO   r.v.v.f.game.GameController - The fox was rearranged from  23 to 28
23.11.2021 02:32:29 [JavaFX Application Thread] INFO   r.v.v.f.game.GameController - The goose was rearranged from  16 to 23
23.11.2021 02:32:29 [JavaFX Application Thread] INFO   r.v.v.f.game.GameController - The fox was rearranged from  28 to 31
23.11.2021 02:32:59 [JavaFX Application Thread] INFO   r.v.v.f.game.GameController - The goose was rearranged from  23 to 28
23.11.2021 02:33:19 [JavaFX Application Thread] INFO   r.v.v.f.gameworld.GameField - The field has been created
23.11.2021 02:33:19 [JavaFX Application Thread] INFO   r.v.v.foxAndGeese.view.Pane - The pane is full
23.11.2021 02:34:52 [JavaFX Application Thread] INFO   r.v.v.f.gameworld.GameField - The field has been created
23.11.2021 02:34:52 [JavaFX Application Thread] INFO   r.v.v.foxAndGeese.view.Pane - The pane is full
23.11.2021 02:42:54 [JavaFX Application Thread] INFO   r.v.v.f.gameworld.GameField - The field has been created
23.11.2021 02:42:54 [JavaFX Application Thread] INFO   r.v.v.foxAndGeese.view.Pane - The pane is full
23.11.2021 02:46:22 [JavaFX Application Thread] INFO   r.v.v.f.gameworld.GameField - The field has been created
23.11.2021 02:46:22 [JavaFX Application Thread] INFO   r.v.v.foxAndGeese.view.Pane - The pane is full
23.11.2021 02:51:31 [JavaFX Application Thread] INFO   r.v.v.f.gameworld.GameField - The field has been created
23.11.2021 02:51:31 [JavaFX Application Thread] INFO   r.v.v.foxAndGeese.view.Pane - The pane is full
23.11.2021 02:52:24 [JavaFX Application Thread] INFO   r.v.v.f.gameworld.GameField - The field has been created
23.11.2021 02:52:25 [JavaFX Application Thread] INFO   r.v.v.foxAndGeese.view.Pane - The pane is full
23.11.2021 02:52:42 [JavaFX Application Thread] INFO   r.v.v.f.gameworld.GameField - The field has been created
23.11.2021 02:52:42 [JavaFX Application Thread] INFO   r.v.v.foxAndGeese.view.Pane - The pane is full
23.11.2021 02:53:54 [JavaFX Application Thread] INFO   r.v.v.f.gameworld.GameField - The field has been created
23.11.2021 02:53:54 [JavaFX Application Thread] INFO   r.v.v.foxAndGeese.view.Pane - The pane is full
23.11.2021 02:54:13 [JavaFX Application Thread] INFO   r.v.v.f.gameworld.GameField - The field has been created
23.11.2021 02:54:14 [JavaFX Application Thread] INFO   r.v.v.foxAndGeese.view.Pane - The pane is full
23.11.2021 02:54:48 [JavaFX Application Thread] INFO   r.v.v.f.gameworld.GameField - The field has been created
23.11.2021 02:54:48 [JavaFX Application Thread] INFO   r.v.v.foxAndGeese.view.Pane - The pane is full
23.11.2021 02:55:12 [JavaFX Application Thread] INFO   r.v.v.f.gameworld.GameField - The field has been created
23.11.2021 02:55:12 [JavaFX Application Thread] INFO   r.v.v.foxAndGeese.view.Pane - The pane is full
23.11.2021 02:56:53 [JavaFX Application Thread] INFO   r.v.v.f.gameworld.GameField - The field has been created
23.11.2021 02:56:53 [JavaFX Application Thread] INFO   r.v.v.foxAndGeese.view.Pane - The pane is full
23.11.2021 02:57:28 [JavaFX Application Thread] INFO   r.v.v.f.gameworld.GameField - The field has been created
23.11.2021 02:57:28 [JavaFX Application Thread] INFO   r.v.v.foxAndGeese.view.Pane - The pane is full
23.11.2021 02:58:49 [JavaFX Application Thread] INFO   r.v.v.f.gameworld.GameField - The field has been created
23.11.2021 02:58:49 [JavaFX Application Thread] INFO   r.v.v.foxAndGeese.view.Pane - The pane is full
23.11.2021 03:01:26 [JavaFX Application Thread] INFO   r.v.v.f.gameworld.GameField - The field has been created
23.11.2021 03:01:26 [JavaFX Application Thread] INFO   r.v.v.foxAndGeese.view.Pane - The pane is full
23.11.2021 03:04:03 [JavaFX Application Thread] INFO   r.v.v.f.gameworld.GameField - The field has been created
23.11.2021 03:04:03 [JavaFX Application Thread] INFO   r.v.v.foxAndGeese.view.Pane - The pane is full
23.11.2021 03:04:49 [JavaFX Application Thread] INFO   r.v.v.f.gameworld.GameField - The field has been created
23.11.2021 03:04:49 [JavaFX Application Thread] INFO   r.v.v.foxAndGeese.view.Pane - The pane is full
23.11.2021 03:05:12 [main] INFO   ru.vsu.vadim.foxAndGeese.Main - Application started.
23.11.2021 03:05:12 [main] INFO   r.v.v.f.gameworld.GameField - The field has been created
23.11.2021 03:14:55 [JavaFX Application Thread] INFO   r.v.v.f.gameworld.GameField - The field has been created
23.11.2021 03:14:55 [JavaFX Application Thread] INFO   r.v.v.foxAndGeese.view.Pane - The pane is full
23.11.2021 03:20:14 [JavaFX Application Thread] INFO   r.v.v.f.gameworld.GameField - The field has been created
23.11.2021 03:20:14 [JavaFX Application Thread] INFO   r.v.v.foxAndGeese.view.Pane - The pane is full
23.11.2021 03:20:53 [JavaFX Application Thread] INFO   r.v.v.f.gameworld.GameField - The field has been created
23.11.2021 03:20:54 [JavaFX Application Thread] INFO   r.v.v.foxAndGeese.view.Pane - The pane is full
23.11.2021 03:21:15 [JavaFX Application Thread] INFO   r.v.v.f.game.GameController - The fox was rearranged from  16 to 23
23.11.2021 03:22:40 [JavaFX Application Thread] INFO   r.v.v.f.gameworld.GameField - The field has been created
23.11.2021 03:22:40 [JavaFX Application Thread] INFO   r.v.v.foxAndGeese.view.Pane - The pane is full
23.11.2021 03:22:59 [main] INFO   ru.vsu.vadim.foxAndGeese.Main - Application started.
23.11.2021 03:22:59 [main] INFO   r.v.v.f.gameworld.GameField - The field has been created
23.11.2021 03:33:55 [JavaFX Application Thread] INFO   r.v.v.f.gameworld.GameField - The field has been created
23.11.2021 03:33:56 [JavaFX Application Thread] INFO   r.v.v.f.gameworld.GameField - The field has been created
23.11.2021 03:33:56 [JavaFX Application Thread] INFO   r.v.v.foxAndGeese.view.Pane - The pane is full
23.11.2021 03:33:57 [JavaFX Application Thread] INFO   r.v.v.f.game.GameController - The fox was rearranged from  16 to 15
23.11.2021 03:34:12 [JavaFX Application Thread] INFO   r.v.v.f.gameworld.GameField - The field has been created
23.11.2021 03:34:12 [JavaFX Application Thread] INFO   r.v.v.f.gameworld.GameField - The field has been created
23.11.2021 03:34:13 [JavaFX Application Thread] INFO   r.v.v.foxAndGeese.view.Pane - The pane is full
23.11.2021 03:34:16 [JavaFX Application Thread] INFO   r.v.v.f.game.GameController - The fox was rearranged from  16 to 15
23.11.2021 03:34:22 [main] INFO   ru.vsu.vadim.foxAndGeese.Main - Application started.
23.11.2021 03:34:22 [main] INFO   r.v.v.f.gameworld.GameField - The field has been created
23.11.2021 03:54:41 [JavaFX Application Thread] INFO   r.v.v.f.gameworld.GameField - The field has been created
23.11.2021 03:54:41 [JavaFX Application Thread] INFO   r.v.v.f.gameworld.GameField - The field has been created
23.11.2021 03:54:41 [JavaFX Application Thread] INFO   r.v.v.foxAndGeese.view.Pane - The pane is full
23.11.2021 03:54:43 [JavaFX Application Thread] INFO   r.v.v.f.game.GameController - The fox was rearranged from  16 to 17
23.11.2021 03:54:43 [JavaFX Application Thread] INFO   r.v.v.f.game.GameController - The goose was rearranged from  9 to 16
23.11.2021 03:54:45 [JavaFX Application Thread] INFO   r.v.v.f.game.GameController - The fox was jumped from  17 to 15
23.11.2021 03:54:46 [JavaFX Application Thread] INFO   r.v.v.f.game.GameController - The goose was rearranged from  20 to 21
23.11.2021 03:54:48 [JavaFX Application Thread] INFO   r.v.v.f.game.GameController - The fox was rearranged from  15 to 22
23.11.2021 03:54:50 [JavaFX Application Thread] INFO   r.v.v.f.game.GameController - The goose was rearranged from  7 to 14
23.11.2021 03:54:51 [JavaFX Application Thread] INFO   r.v.v.f.game.GameController - The fox was jumped from  22 to 20
23.11.2021 03:55:34 [JavaFX Application Thread] INFO   r.v.v.f.gameworld.GameField - The field has been created
23.11.2021 03:55:34 [JavaFX Application Thread] INFO   r.v.v.f.game.GameController - Game restarted
23.11.2021 03:55:34 [JavaFX Application Thread] INFO   r.v.v.foxAndGeese.view.Pane - The pane is full
23.11.2021 03:55:36 [JavaFX Application Thread] INFO   r.v.v.f.gameworld.GameField - The field has been created
23.11.2021 04:01:29 [JavaFX Application Thread] INFO   r.v.v.f.gameworld.GameField - The field has been created
23.11.2021 04:01:29 [JavaFX Application Thread] INFO   r.v.v.f.gameworld.GameField - The field has been created
23.11.2021 04:01:30 [JavaFX Application Thread] INFO   r.v.v.foxAndGeese.view.Pane - The pane is full
23.11.2021 04:01:31 [JavaFX Application Thread] INFO   r.v.v.f.game.GameController - The fox was rearranged from  16 to 17
23.11.2021 04:01:32 [JavaFX Application Thread] INFO   r.v.v.f.game.GameController - The goose was rearranged from  9 to 16
23.11.2021 04:01:32 [JavaFX Application Thread] INFO   r.v.v.f.game.GameController - The fox was rearranged from  17 to 24
23.11.2021 04:01:33 [JavaFX Application Thread] INFO   r.v.v.f.game.GameController - The goose was rearranged from  16 to 23
23.11.2021 04:01:34 [JavaFX Application Thread] INFO   r.v.v.f.game.GameController - The fox was rearranged from  24 to 29
23.11.2021 04:01:34 [JavaFX Application Thread] INFO   r.v.v.f.game.GameController - The goose was rearranged from  23 to 28
23.11.2021 04:01:35 [JavaFX Application Thread] INFO   r.v.v.f.game.GameController - The fox was rearranged from  29 to 32
23.11.2021 04:01:56 [JavaFX Application Thread] INFO   r.v.v.f.gameworld.GameField - The field has been created
23.11.2021 04:02:34 [JavaFX Application Thread] INFO   r.v.v.f.gameworld.GameField - The field has been created
23.11.2021 04:02:34 [JavaFX Application Thread] INFO   r.v.v.f.gameworld.GameField - The field has been created
23.11.2021 04:02:34 [JavaFX Application Thread] INFO   r.v.v.foxAndGeese.view.Pane - The pane is full
23.11.2021 04:02:36 [JavaFX Application Thread] INFO   r.v.v.f.game.GameController - The fox was rearranged from  16 to 23
23.11.2021 04:02:36 [JavaFX Application Thread] INFO   r.v.v.f.game.GameController - The goose was rearranged from  9 to 16
23.11.2021 04:02:37 [JavaFX Application Thread] INFO   r.v.v.f.game.GameController - The fox was rearranged from  23 to 28
23.11.2021 04:02:38 [JavaFX Application Thread] INFO   r.v.v.f.game.GameController - The goose was rearranged from  16 to 23
23.11.2021 04:02:39 [JavaFX Application Thread] INFO   r.v.v.f.game.GameController - The fox was rearranged from  28 to 29
23.11.2021 04:02:39 [JavaFX Application Thread] INFO   r.v.v.f.game.GameController - The goose was rearranged from  23 to 28
23.11.2021 04:02:40 [JavaFX Application Thread] INFO   r.v.v.f.game.GameController - The fox was rearranged from  29 to 32
23.11.2021 04:26:01 [JavaFX Application Thread] INFO   r.v.v.f.gameworld.GameField - The field has been created
23.11.2021 04:26:01 [JavaFX Application Thread] INFO   r.v.v.f.gameworld.GameField - The field has been created
23.11.2021 04:26:01 [JavaFX Application Thread] INFO   r.v.v.foxAndGeese.view.Pane - The pane is full
23.11.2021 04:26:06 [JavaFX Application Thread] INFO   r.v.v.f.game.GameController - The fox was rearranged from  16 to 23
23.11.2021 04:27:02 [JavaFX Application Thread] INFO   r.v.v.f.gameworld.GameField - The field has been created
23.11.2021 04:27:02 [JavaFX Application Thread] INFO   r.v.v.f.gameworld.GameField - The field has been created
23.11.2021 04:27:02 [JavaFX Application Thread] INFO   r.v.v.foxAndGeese.view.Pane - The pane is full
23.11.2021 04:27:22 [JavaFX Application Thread] INFO   r.v.v.f.game.GameController - The fox was rearranged from  16 to 23
23.11.2021 04:27:31 [JavaFX Application Thread] INFO   r.v.v.f.gameworld.GameField - The field has been created
23.11.2021 04:31:14 [JavaFX Application Thread] INFO   r.v.v.f.gameworld.GameField - The field has been created
23.11.2021 04:31:26 [JavaFX Application Thread] INFO   r.v.v.f.gameworld.GameField - The field has been created
23.11.2021 04:31:26 [JavaFX Application Thread] INFO   r.v.v.foxAndGeese.view.Pane - The pane is full
23.11.2021 04:33:18 [JavaFX Application Thread] INFO   r.v.v.f.gameworld.GameField - The field has been created
23.11.2021 11:20:59 [JavaFX Application Thread] INFO   r.v.v.f.gameworld.GameField - The field has been created
23.11.2021 11:20:59 [JavaFX Application Thread] INFO   r.v.v.f.gameworld.GameField - The field has been created
23.11.2021 11:20:59 [JavaFX Application Thread] INFO   r.v.v.foxAndGeese.view.Pane - The pane is full
23.11.2021 11:21:05 [JavaFX Application Thread] INFO   r.v.v.f.game.GameController - The fox was rearranged from  16 to 23
23.11.2021 11:21:06 [main] INFO   ru.vsu.vadim.foxAndGeese.Main - Application started.
23.11.2021 11:21:06 [main] INFO   r.v.v.f.gameworld.GameField - The field has been created
23.11.2021 11:21:18 [JavaFX Application Thread] INFO   r.v.v.f.gameworld.GameField - The field has been created
23.11.2021 11:21:19 [JavaFX Application Thread] INFO   r.v.v.f.gameworld.GameField - The field has been created
23.11.2021 11:21:19 [JavaFX Application Thread] INFO   r.v.v.foxAndGeese.view.Pane - The pane is full
23.11.2021 11:21:20 [JavaFX Application Thread] INFO   r.v.v.f.game.GameController - The fox was rearranged from  16 to 23
23.11.2021 11:21:28 [JavaFX Application Thread] INFO   r.v.v.f.game.GameController - The goose was rearranged from  9 to 16
23.11.2021 11:21:29 [JavaFX Application Thread] INFO   r.v.v.f.game.GameController - The fox was rearranged from  23 to 24
23.11.2021 11:21:30 [JavaFX Application Thread] INFO   r.v.v.f.game.GameController - The goose was rearranged from  16 to 23
23.11.2021 11:22:19 [main] INFO   ru.vsu.vadim.foxAndGeese.Main - Application started.
23.11.2021 11:22:19 [main] INFO   r.v.v.f.gameworld.GameField - The field has been created
23.11.2021 11:40:56 [JavaFX Application Thread] INFO   r.v.v.f.gameworld.GameField - The field has been created
23.11.2021 11:40:56 [JavaFX Application Thread] INFO   r.v.v.f.gameworld.GameField - The field has been created
23.11.2021 11:40:56 [JavaFX Application Thread] INFO   r.v.v.foxAndGeese.view.Pane - The pane is full
23.11.2021 11:41:06 [JavaFX Application Thread] INFO   r.v.v.f.gameworld.GameField - The field has been created
23.11.2021 11:41:23 [JavaFX Application Thread] INFO   r.v.v.f.gameworld.GameField - The field has been created
23.11.2021 11:41:23 [JavaFX Application Thread] INFO   r.v.v.f.gameworld.GameField - The field has been created
23.11.2021 11:41:23 [JavaFX Application Thread] INFO   r.v.v.foxAndGeese.view.Pane - The pane is full
23.11.2021 11:41:45 [JavaFX Application Thread] INFO   r.v.v.f.game.GameController - The fox was rearranged from  16 to 17
23.11.2021 11:41:47 [JavaFX Application Thread] INFO   r.v.v.f.game.GameController - The goose was rearranged from  9 to 16
23.11.2021 11:41:48 [JavaFX Application Thread] INFO   r.v.v.f.game.GameController - The fox was rearranged from  17 to 24
23.11.2021 11:41:48 [JavaFX Application Thread] INFO   r.v.v.f.game.GameController - The goose was rearranged from  16 to 23
23.11.2021 11:41:49 [JavaFX Application Thread] INFO   r.v.v.f.game.GameController - The fox was rearranged from  24 to 29
23.11.2021 11:41:56 [JavaFX Application Thread] INFO   r.v.v.f.gameworld.GameField - The field has been created
23.11.2021 11:41:56 [JavaFX Application Thread] INFO   r.v.v.f.game.GameController - Game restarted
23.11.2021 11:41:56 [JavaFX Application Thread] INFO   r.v.v.foxAndGeese.view.Pane - The pane is full
23.11.2021 11:42:00 [JavaFX Application Thread] INFO   r.v.v.f.gameworld.GameField - The field has been created
23.11.2021 11:43:03 [main] INFO   ru.vsu.vadim.foxAndGeese.Main - Application started.
23.11.2021 11:43:03 [main] INFO   r.v.v.f.gameworld.GameField - The field has been created
23.11.2021 11:43:12 [JavaFX Application Thread] INFO   r.v.v.f.gameworld.GameField - The field has been created
23.11.2021 11:43:12 [JavaFX Application Thread] INFO   r.v.v.f.gameworld.GameField - The field has been created
23.11.2021 11:43:12 [JavaFX Application Thread] INFO   r.v.v.foxAndGeese.view.Pane - The pane is full
23.11.2021 11:43:15 [JavaFX Application Thread] INFO   r.v.v.f.game.GameController - The fox was rearranged from  16 to 15
23.11.2021 11:43:16 [JavaFX Application Thread] INFO   r.v.v.f.game.GameController - The goose was rearranged from  9 to 16
23.11.2021 11:43:16 [JavaFX Application Thread] INFO   r.v.v.f.game.GameController - The fox was jumped from  15 to 17
23.11.2021 11:43:19 [JavaFX Application Thread] INFO   r.v.v.f.game.GameController - The goose was rearranged from  19 to 18
23.11.2021 11:43:20 [JavaFX Application Thread] INFO   r.v.v.f.game.GameController - The fox was jumped from  17 to 19
23.11.2021 11:43:28 [JavaFX Application Thread] INFO   r.v.v.f.gameworld.GameField - The field has been created
23.11.2021 11:43:28 [JavaFX Application Thread] INFO   r.v.v.f.game.GameController - Game restarted
23.11.2021 11:43:28 [JavaFX Application Thread] INFO   r.v.v.foxAndGeese.view.Pane - The pane is full
23.11.2021 11:43:31 [JavaFX Application Thread] INFO   r.v.v.f.gameworld.GameField - The field has been created
23.11.2021 11:43:32 [main] INFO   ru.vsu.vadim.foxAndGeese.Main - Application started.
23.11.2021 11:43:32 [main] INFO   r.v.v.f.gameworld.GameField - The field has been created
23.11.2021 13:01:25 [JavaFX Application Thread] INFO   r.v.v.f.gameworld.GameField - The field has been created
23.11.2021 13:01:25 [JavaFX Application Thread] INFO   r.v.v.f.gameworld.GameField - The field has been created
23.11.2021 13:01:25 [JavaFX Application Thread] INFO   r.v.v.foxAndGeese.view.Pane - The pane is full
23.11.2021 13:01:27 [JavaFX Application Thread] INFO   r.v.v.f.game.GameController - The fox was rearranged from  16 to 23
23.11.2021 13:01:28 [JavaFX Application Thread] INFO   r.v.v.f.game.GameController - The goose was rearranged from  9 to 16
23.11.2021 13:01:28 [JavaFX Application Thread] INFO   r.v.v.f.game.GameController - The fox was rearranged from  23 to 28
23.11.2021 13:01:34 [JavaFX Application Thread] INFO   r.v.v.f.gameworld.GameField - The field has been created
23.11.2021 13:01:34 [JavaFX Application Thread] INFO   r.v.v.f.game.GameController - Game restarted
23.11.2021 13:01:34 [JavaFX Application Thread] INFO   r.v.v.foxAndGeese.view.Pane - The pane is full
23.11.2021 13:01:37 [JavaFX Application Thread] INFO   r.v.v.f.gameworld.GameField - The field has been created
23.11.2021 13:03:18 [JavaFX Application Thread] INFO   r.v.v.f.gameworld.GameField - The field has been created
23.11.2021 13:03:18 [JavaFX Application Thread] INFO   r.v.v.f.gameworld.GameField - The field has been created
23.11.2021 13:03:18 [JavaFX Application Thread] INFO   r.v.v.foxAndGeese.view.Pane - The pane is full
23.11.2021 13:03:20 [JavaFX Application Thread] INFO   r.v.v.f.game.GameController - The fox was rearranged from  16 to 23
23.11.2021 13:03:21 [JavaFX Application Thread] INFO   r.v.v.f.game.GameController - The goose was rearranged from  9 to 16
23.11.2021 13:03:21 [JavaFX Application Thread] INFO   r.v.v.f.game.GameController - The fox was rearranged from  23 to 28
23.11.2021 13:03:22 [JavaFX Application Thread] INFO   r.v.v.f.game.GameController - The goose was rearranged from  16 to 23
23.11.2021 13:03:22 [JavaFX Application Thread] INFO   r.v.v.f.game.GameController - The fox was rearranged from  28 to 29
23.11.2021 13:03:23 [JavaFX Application Thread] INFO   r.v.v.f.game.GameController - The goose was rearranged from  23 to 28
23.11.2021 13:03:23 [JavaFX Application Thread] INFO   r.v.v.f.game.GameController - The fox was rearranged from  29 to 32
23.11.2021 13:03:30 [JavaFX Application Thread] INFO   r.v.v.f.gameworld.GameField - The field has been created
23.11.2021 13:03:30 [JavaFX Application Thread] INFO   r.v.v.f.game.GameController - Game restarted
23.11.2021 13:03:30 [JavaFX Application Thread] INFO   r.v.v.foxAndGeese.view.Pane - The pane is full
23.11.2021 13:03:34 [JavaFX Application Thread] INFO   r.v.v.f.gameworld.GameField - The field has been created
23.11.2021 13:03:35 [main] INFO   ru.vsu.vadim.foxAndGeese.Main - Application started.
23.11.2021 13:03:35 [main] INFO   r.v.v.f.gameworld.GameField - The field has been created
23.11.2021 13:04:48 [JavaFX Application Thread] INFO   r.v.v.f.gameworld.GameField - The field has been created
23.11.2021 13:04:49 [JavaFX Application Thread] INFO   r.v.v.f.gameworld.GameField - The field has been created
23.11.2021 13:04:49 [JavaFX Application Thread] INFO   r.v.v.foxAndGeese.view.Pane - The pane is full
23.11.2021 13:04:52 [JavaFX Application Thread] INFO   r.v.v.f.game.GameController - The fox was rearranged from  16 to 23
23.11.2021 13:04:53 [JavaFX Application Thread] INFO   r.v.v.f.game.GameController - The goose was rearranged from  9 to 16
23.11.2021 13:04:54 [JavaFX Application Thread] INFO   r.v.v.f.game.GameController - The fox was rearranged from  23 to 28
23.11.2021 13:04:54 [JavaFX Application Thread] INFO   r.v.v.f.game.GameController - The goose was rearranged from  16 to 23
23.11.2021 13:04:55 [JavaFX Application Thread] INFO   r.v.v.f.game.GameController - The fox was rearranged from  28 to 29
23.11.2021 13:04:55 [JavaFX Application Thread] INFO   r.v.v.f.game.GameController - The goose was rearranged from  23 to 28
23.11.2021 13:04:56 [JavaFX Application Thread] INFO   r.v.v.f.game.GameController - The fox was rearranged from  29 to 32
23.11.2021 13:05:04 [JavaFX Application Thread] INFO   r.v.v.f.gameworld.GameField - The field has been created
23.11.2021 13:05:04 [JavaFX Application Thread] INFO   r.v.v.f.game.GameController - Game restarted
23.11.2021 13:05:04 [JavaFX Application Thread] INFO   r.v.v.foxAndGeese.view.Pane - The pane is full
23.11.2021 13:05:08 [JavaFX Application Thread] INFO   r.v.v.f.gameworld.GameField - The field has been created
23.11.2021 13:06:03 [JavaFX Application Thread] INFO   r.v.v.f.game.GameController - The geese won
23.11.2021 13:06:03 [JavaFX Application Thread] INFO   r.v.v.f.game.GameController - The geese won
23.11.2021 13:06:04 [JavaFX Application Thread] INFO   r.v.v.f.game.GameController - The geese won
23.11.2021 13:06:04 [JavaFX Application Thread] INFO   r.v.v.f.game.GameController - The geese won
23.11.2021 13:06:05 [JavaFX Application Thread] INFO   r.v.v.f.game.GameController - The geese won
23.11.2021 13:06:06 [JavaFX Application Thread] INFO   r.v.v.f.game.GameController - The geese won
23.11.2021 13:06:06 [JavaFX Application Thread] INFO   r.v.v.f.game.GameController - The geese won
23.11.2021 13:06:07 [JavaFX Application Thread] INFO   r.v.v.f.game.GameController - The geese won
23.11.2021 13:06:07 [JavaFX Application Thread] INFO   r.v.v.f.game.GameController - The geese won
23.11.2021 13:06:08 [JavaFX Application Thread] INFO   r.v.v.f.game.GameController - The geese won
23.11.2021 13:06:08 [JavaFX Application Thread] INFO   r.v.v.f.game.GameController - The geese won
23.11.2021 13:06:09 [JavaFX Application Thread] INFO   r.v.v.f.game.GameController - The geese won
23.11.2021 13:06:09 [JavaFX Application Thread] INFO   r.v.v.f.game.GameController - The geese won
23.11.2021 13:06:10 [main] INFO   ru.vsu.vadim.foxAndGeese.Main - Application started.
23.11.2021 13:06:10 [main] INFO   r.v.v.f.gameworld.GameField - The field has been created
23.11.2021 13:07:39 [JavaFX Application Thread] INFO   r.v.v.f.gameworld.GameField - The field has been created
23.11.2021 13:07:40 [JavaFX Application Thread] INFO   r.v.v.f.gameworld.GameField - The field has been created
23.11.2021 13:07:40 [JavaFX Application Thread] INFO   r.v.v.foxAndGeese.view.Pane - The pane is full
23.11.2021 13:07:59 [JavaFX Application Thread] INFO   r.v.v.f.game.GameController - The fox was rearranged from  16 to 17
23.11.2021 13:07:59 [JavaFX Application Thread] INFO   r.v.v.f.game.GameController - The goose was rearranged from  9 to 16
23.11.2021 14:07:29 [JavaFX Application Thread] INFO   r.v.v.f.gameworld.GameField - The field has been created
23.11.2021 14:07:29 [JavaFX Application Thread] INFO   r.v.v.f.gameworld.GameField - The field has been created
23.11.2021 14:07:30 [JavaFX Application Thread] INFO   r.v.v.foxAndGeese.view.Pane - The pane is full
23.11.2021 14:08:42 [JavaFX Application Thread] INFO   r.v.v.f.game.GameController - The fox was rearranged from  16 to 23
23.11.2021 14:08:44 [JavaFX Application Thread] INFO   r.v.v.f.game.GameController - The goose was rearranged from  9 to 16
23.11.2021 14:09:17 [main] INFO   ru.vsu.vadim.foxAndGeese.Main - Application started.
23.11.2021 14:09:17 [main] INFO   r.v.v.f.gameworld.GameField - The field has been created
23.11.2021 14:09:31 [JavaFX Application Thread] INFO   r.v.v.f.gameworld.GameField - The field has been created
23.11.2021 14:09:32 [JavaFX Application Thread] INFO   r.v.v.f.gameworld.GameField - The field has been created
23.11.2021 14:09:32 [JavaFX Application Thread] INFO   r.v.v.foxAndGeese.view.Pane - The pane is full
23.11.2021 14:09:33 [JavaFX Application Thread] INFO   r.v.v.f.game.GameController - The fox was rearranged from  16 to 23
23.11.2021 14:09:34 [JavaFX Application Thread] INFO   r.v.v.f.game.GameController - The goose was rearranged from  9 to 16
23.11.2021 14:09:34 [JavaFX Application Thread] INFO   r.v.v.f.game.GameController - The fox was rearranged from  23 to 28
23.11.2021 14:09:35 [JavaFX Application Thread] INFO   r.v.v.f.game.GameController - The goose was rearranged from  16 to 23
23.11.2021 14:09:35 [JavaFX Application Thread] INFO   r.v.v.f.game.GameController - The fox was rearranged from  28 to 31
23.11.2021 14:09:36 [JavaFX Application Thread] INFO   r.v.v.f.game.GameController - The goose was rearranged from  23 to 28
23.11.2021 14:09:37 [JavaFX Application Thread] INFO   r.v.v.f.game.GameController - The fox was rearranged from  31 to 32
23.11.2021 14:09:44 [JavaFX Application Thread] INFO   r.v.v.f.view.GuiViewer - The game was completed by the user
23.11.2021 14:13:02 [JavaFX Application Thread] INFO   r.v.v.f.gameworld.GameField - The field has been created
23.11.2021 14:13:02 [JavaFX Application Thread] INFO   r.v.v.f.gameworld.GameField - The field has been created
23.11.2021 14:13:02 [JavaFX Application Thread] INFO   r.v.v.foxAndGeese.view.Pane - The pane is full
23.11.2021 14:13:04 [JavaFX Application Thread] INFO   r.v.v.f.game.GameController - The fox was rearranged from  16 to 23
23.11.2021 14:13:05 [JavaFX Application Thread] INFO   r.v.v.f.game.GameController - The goose was rearranged from  9 to 16
23.11.2021 14:13:05 [JavaFX Application Thread] INFO   r.v.v.f.game.GameController - The fox was rearranged from  23 to 28
23.11.2021 14:13:06 [JavaFX Application Thread] INFO   r.v.v.f.game.GameController - The goose was rearranged from  16 to 23
23.11.2021 14:13:06 [JavaFX Application Thread] INFO   r.v.v.f.game.GameController - The fox was rearranged from  28 to 31
23.11.2021 14:13:07 [JavaFX Application Thread] INFO   r.v.v.f.game.GameController - The goose was rearranged from  23 to 28
23.11.2021 14:13:08 [JavaFX Application Thread] INFO   r.v.v.f.game.GameController - The fox was rearranged from  31 to 32
23.11.2021 14:13:17 [JavaFX Application Thread] INFO   r.v.v.f.gameworld.GameField - The field has been created
23.11.2021 14:15:34 [JavaFX Application Thread] INFO   r.v.v.f.gameworld.GameField - The field has been created
23.11.2021 14:15:35 [JavaFX Application Thread] INFO   r.v.v.f.gameworld.GameField - The field has been created
23.11.2021 14:15:35 [JavaFX Application Thread] INFO   r.v.v.foxAndGeese.view.Pane - The pane is full
23.11.2021 14:15:41 [JavaFX Application Thread] INFO   r.v.v.f.gameworld.GameField - The field has been created
23.11.2021 14:18:05 [JavaFX Application Thread] INFO   r.v.v.f.gameworld.GameField - The field has been created
23.11.2021 14:18:05 [JavaFX Application Thread] INFO   r.v.v.f.gameworld.GameField - The field has been created
23.11.2021 14:18:05 [JavaFX Application Thread] INFO   r.v.v.foxAndGeese.view.Pane - The pane is full
23.11.2021 14:18:10 [JavaFX Application Thread] INFO   r.v.v.f.gameworld.GameField - The field has been created
23.11.2021 14:18:10 [JavaFX Application Thread] INFO   r.v.v.foxAndGeese.view.Pane - The pane is full
23.11.2021 14:18:14 [JavaFX Application Thread] INFO   r.v.v.f.game.GameController - The goose was rearranged from  28 to 31
23.11.2021 14:18:15 [JavaFX Application Thread] INFO   r.v.v.f.game.GameController - The fox was rearranged from  32 to 29
23.11.2021 14:18:16 [JavaFX Application Thread] INFO   r.v.v.f.game.GameController - The goose was rearranged from  31 to 28
23.11.2021 14:18:17 [JavaFX Application Thread] INFO   r.v.v.f.game.GameController - The fox was jumped from  29 to 27
23.11.2021 14:18:20 [JavaFX Application Thread] INFO   r.v.v.f.game.GameController - The goose was rearranged from  20 to 21
23.11.2021 14:18:26 [JavaFX Application Thread] INFO   r.v.v.f.gameworld.GameField - The field has been created
23.11.2021 14:18:26 [JavaFX Application Thread] INFO   r.v.v.f.game.GameController - Game restarted
23.11.2021 14:18:26 [JavaFX Application Thread] INFO   r.v.v.foxAndGeese.view.Pane - The pane is full
23.11.2021 14:18:29 [JavaFX Application Thread] INFO   r.v.v.f.gameworld.GameField - The field has been created
23.11.2021 14:18:29 [JavaFX Application Thread] INFO   r.v.v.foxAndGeese.view.Pane - The pane is full
23.11.2021 14:18:32 [JavaFX Application Thread] INFO   r.v.v.f.game.GameController - The fox was rearranged from  27 to 22
23.11.2021 14:19:29 [JavaFX Application Thread] INFO   r.v.v.f.gameworld.GameField - The field has been created
23.11.2021 14:19:30 [JavaFX Application Thread] INFO   r.v.v.f.gameworld.GameField - The field has been created
23.11.2021 14:19:30 [JavaFX Application Thread] INFO   r.v.v.foxAndGeese.view.Pane - The pane is full
23.11.2021 14:19:32 [JavaFX Application Thread] INFO   r.v.v.f.game.GameController - The fox was rearranged from  16 to 23
23.11.2021 14:19:36 [JavaFX Application Thread] INFO   r.v.v.f.game.GameController - The goose was rearranged from  9 to 16
23.11.2021 14:19:38 [JavaFX Application Thread] INFO   r.v.v.f.game.GameController - The fox was rearranged from  23 to 28
23.11.2021 14:19:40 [JavaFX Application Thread] INFO   r.v.v.f.game.GameController - The goose was rearranged from  16 to 23
23.11.2021 14:19:41 [JavaFX Application Thread] INFO   r.v.v.f.game.GameController - The fox was jumped from  28 to 16
23.11.2021 14:20:54 [JavaFX Application Thread] INFO   r.v.v.f.gameworld.GameField - The field has been created
23.11.2021 14:20:54 [JavaFX Application Thread] INFO   r.v.v.f.game.GameController - Game restarted
23.11.2021 14:20:54 [JavaFX Application Thread] INFO   r.v.v.foxAndGeese.view.Pane - The pane is full
23.11.2021 14:20:58 [JavaFX Application Thread] INFO   r.v.v.f.gameworld.GameField - The field has been created
23.11.2021 14:20:58 [JavaFX Application Thread] INFO   r.v.v.foxAndGeese.view.Pane - The pane is full
23.11.2021 14:21:01 [JavaFX Application Thread] INFO   r.v.v.f.game.GameController - The goose was rearranged from  8 to 15
23.11.2021 14:21:03 [JavaFX Application Thread] INFO   r.v.v.f.game.GameController - The fox was jumped from  16 to 14
23.11.2021 14:21:06 [JavaFX Application Thread] INFO   r.v.v.f.game.GameController - The goose was rearranged from  20 to 21
23.11.2021 14:22:47 [JavaFX Application Thread] INFO   r.v.v.f.gameworld.GameField - The field has been created
23.11.2021 14:22:47 [JavaFX Application Thread] INFO   r.v.v.f.gameworld.GameField - The field has been created
23.11.2021 14:22:47 [JavaFX Application Thread] INFO   r.v.v.foxAndGeese.view.Pane - The pane is full
23.11.2021 14:23:14 [JavaFX Application Thread] INFO   r.v.v.f.game.GameController - The fox was rearranged from  16 to 23
23.11.2021 14:23:14 [JavaFX Application Thread] INFO   r.v.v.f.game.GameController - The goose was rearranged from  9 to 16
23.11.2021 14:23:16 [JavaFX Application Thread] INFO   r.v.v.f.game.GameController - The fox was jumped from  23 to 9
23.11.2021 14:23:18 [JavaFX Application Thread] INFO   r.v.v.f.game.GameController - The goose was rearranged from  8 to 15
23.11.2021 14:23:19 [JavaFX Application Thread] INFO   r.v.v.f.game.GameController - The fox was rearranged from  9 to 8
23.11.2021 14:23:21 [JavaFX Application Thread] INFO   r.v.v.f.game.GameController - The goose was rearranged from  13 to 14
23.11.2021 14:23:21 [JavaFX Application Thread] INFO   r.v.v.f.game.GameController - The fox was jumped from  8 to 22
23.11.2021 14:23:27 [JavaFX Application Thread] INFO   r.v.v.f.game.GameController - The goose was rearranged from  20 to 21
23.11.2021 14:23:27 [JavaFX Application Thread] INFO   r.v.v.f.game.GameController - The fox was jumped from  22 to 20
23.11.2021 14:26:18 [JavaFX Application Thread] INFO   r.v.v.f.gameworld.GameField - The field has been created
23.11.2021 14:26:18 [JavaFX Application Thread] INFO   r.v.v.f.gameworld.GameField - The field has been created
23.11.2021 14:26:18 [JavaFX Application Thread] INFO   r.v.v.foxAndGeese.view.Pane - The pane is full
23.11.2021 14:26:19 [JavaFX Application Thread] INFO   r.v.v.f.game.GameController - The fox was rearranged from  16 to 17
23.11.2021 14:26:20 [JavaFX Application Thread] INFO   r.v.v.f.game.GameController - The goose was rearranged from  9 to 16
23.11.2021 14:26:21 [JavaFX Application Thread] INFO   r.v.v.f.game.GameController - The fox was jumped from  17 to 15
23.11.2021 14:26:22 [main] INFO   ru.vsu.vadim.foxAndGeese.Main - Application started.
23.11.2021 14:26:22 [main] INFO   r.v.v.f.gameworld.GameField - The field has been created
23.11.2021 15:24:57 [JavaFX Application Thread] INFO   r.v.v.f.gameworld.GameField - The field has been created
23.11.2021 15:24:58 [JavaFX Application Thread] INFO   r.v.v.f.gameworld.GameField - The field has been created
23.11.2021 15:24:58 [JavaFX Application Thread] INFO   r.v.v.foxAndGeese.view.Pane - The pane is full
23.11.2021 15:25:21 [main] INFO   ru.vsu.vadim.foxAndGeese.Main - Application started.
23.11.2021 15:25:21 [main] INFO   r.v.v.f.gameworld.GameField - The field has been created
23.11.2021 15:25:34 [JavaFX Application Thread] INFO   r.v.v.f.gameworld.GameField - The field has been created
23.11.2021 15:25:34 [JavaFX Application Thread] INFO   r.v.v.f.gameworld.GameField - The field has been created
23.11.2021 15:25:34 [JavaFX Application Thread] INFO   r.v.v.foxAndGeese.view.Pane - The pane is full
23.11.2021 15:25:45 [JavaFX Application Thread] INFO   r.v.v.f.game.GameController - The fox was rearranged from  16 to 15
23.11.2021 15:25:46 [JavaFX Application Thread] INFO   r.v.v.f.game.GameController - The goose was rearranged from  9 to 16
23.11.2021 15:25:47 [JavaFX Application Thread] INFO   r.v.v.f.game.GameController - The fox was jumped from  15 to 17
23.11.2021 15:25:49 [main] INFO   ru.vsu.vadim.foxAndGeese.Main - Application started.
23.11.2021 15:25:49 [main] INFO   r.v.v.f.gameworld.GameField - The field has been created
23.11.2021 16:17:25 [JavaFX Application Thread] INFO   r.v.v.f.gameworld.GameField - The field has been created
23.11.2021 16:17:25 [JavaFX Application Thread] INFO   r.v.v.foxAndGeese.view.Pane - The pane is full
23.11.2021 16:17:27 [JavaFX Application Thread] INFO   r.v.v.f.game.GameController - The fox was rearranged from  16 to 23
23.11.2021 16:17:27 [JavaFX Application Thread] INFO   r.v.v.f.game.GameController - The goose was rearranged from  9 to 16
23.11.2021 16:17:28 [JavaFX Application Thread] INFO   r.v.v.f.game.GameController - The fox was rearranged from  23 to 28
23.11.2021 16:17:29 [JavaFX Application Thread] INFO   r.v.v.f.game.GameController - The goose was rearranged from  16 to 23
23.11.2021 16:17:30 [JavaFX Application Thread] INFO   r.v.v.f.game.GameController - The fox was rearranged from  28 to 31
23.11.2021 16:17:31 [JavaFX Application Thread] INFO   r.v.v.f.game.GameController - The goose was rearranged from  23 to 28
23.11.2021 16:17:32 [JavaFX Application Thread] INFO   r.v.v.f.game.GameController - The fox was rearranged from  31 to 32
23.11.2021 16:18:06 [JavaFX Application Thread] INFO   r.v.v.f.gameworld.GameField - The field has been created
23.11.2021 16:18:06 [JavaFX Application Thread] INFO   r.v.v.f.game.GameController - Game restarted
23.11.2021 16:18:06 [JavaFX Application Thread] INFO   r.v.v.foxAndGeese.view.Pane - The pane is full
23.11.2021 16:18:10 [JavaFX Application Thread] INFO   r.v.v.f.gameworld.GameField - The field has been created
23.11.2021 16:18:44 [JavaFX Application Thread] INFO   r.v.v.f.gameworld.GameField - The field has been created
23.11.2021 16:18:45 [JavaFX Application Thread] INFO   r.v.v.foxAndGeese.view.Pane - The pane is full
23.11.2021 16:19:02 [JavaFX Application Thread] INFO   r.v.v.f.gameworld.GameField - The field has been created
23.11.2021 16:21:42 [JavaFX Application Thread] INFO   r.v.v.f.gameworld.GameField - The field has been created
23.11.2021 16:21:42 [JavaFX Application Thread] INFO   r.v.v.foxAndGeese.view.Pane - The pane is full
23.11.2021 16:22:15 [JavaFX Application Thread] INFO   r.v.v.f.gameworld.GameField - The field has been created
23.11.2021 16:36:00 [JavaFX Application Thread] INFO   r.v.v.f.gameworld.GameField - The field has been created
23.11.2021 16:36:00 [JavaFX Application Thread] INFO   r.v.v.foxAndGeese.view.Pane - The pane is full
23.11.2021 16:36:24 [JavaFX Application Thread] INFO   r.v.v.f.gameworld.GameField - The field has been created
23.11.2021 16:37:02 [JavaFX Application Thread] INFO   r.v.v.f.gameworld.GameField - The field has been created
23.11.2021 16:37:03 [JavaFX Application Thread] INFO   r.v.v.foxAndGeese.view.Pane - The pane is full
23.11.2021 16:37:07 [JavaFX Application Thread] INFO   r.v.v.f.gameworld.GameField - The field has been created
23.11.2021 16:40:42 [JavaFX Application Thread] INFO   r.v.v.f.gameworld.GameField - The field has been created
23.11.2021 16:40:42 [JavaFX Application Thread] INFO   r.v.v.foxAndGeese.view.Pane - The pane is full
23.11.2021 16:40:48 [JavaFX Application Thread] INFO   r.v.v.f.gameworld.GameField - The field has been created
23.11.2021 16:52:48 [JavaFX Application Thread] INFO   r.v.v.f.gameworld.GameField - The field has been created
23.11.2021 16:52:49 [JavaFX Application Thread] INFO   r.v.v.foxAndGeese.view.Pane - The pane is full
23.11.2021 16:52:50 [JavaFX Application Thread] INFO   r.v.v.f.game.GameController - The fox was rearranged from  16 to 23
23.11.2021 16:52:52 [JavaFX Application Thread] INFO   r.v.v.f.game.GameController - The goose was rearranged from  9 to 16
23.11.2021 16:52:53 [JavaFX Application Thread] INFO   r.v.v.f.game.GameController - The fox was rearranged from  23 to 28
23.11.2021 16:52:54 [JavaFX Application Thread] INFO   r.v.v.f.game.GameController - The goose was rearranged from  16 to 23
23.11.2021 16:52:55 [JavaFX Application Thread] INFO   r.v.v.f.game.GameController - The fox was jumped from  28 to 16
23.11.2021 16:52:57 [JavaFX Application Thread] INFO   r.v.v.f.game.GameController - The goose was rearranged from  10 to 17
23.11.2021 16:52:58 [JavaFX Application Thread] INFO   r.v.v.f.game.GameController - The fox was jumped from  16 to 18
23.11.2021 16:53:05 [JavaFX Application Thread] INFO   r.v.v.f.view.GuiViewer - The game was completed by the user
23.11.2021 16:53:10 [JavaFX Application Thread] INFO   r.v.v.f.gameworld.GameField - The field has been created
23.11.2021 16:53:10 [JavaFX Application Thread] INFO   r.v.v.foxAndGeese.view.Pane - The pane is full
23.11.2021 16:53:15 [JavaFX Application Thread] INFO   r.v.v.f.gameworld.GameField - The field has been created
23.11.2021 16:53:15 [JavaFX Application Thread] INFO   r.v.v.foxAndGeese.view.Pane - The pane is full
23.11.2021 16:53:20 [JavaFX Application Thread] INFO   r.v.v.f.game.GameController - The goose was rearranged from  26 to 25
23.11.2021 16:53:21 [JavaFX Application Thread] INFO   r.v.v.f.game.GameController - The fox was rearranged from  18 to 17
23.11.2021 16:53:22 [JavaFX Application Thread] INFO   r.v.v.f.game.GameController - The goose was rearranged from  19 to 18
23.11.2021 16:53:22 [JavaFX Application Thread] INFO   r.v.v.f.game.GameController - The fox was jumped from  17 to 19
23.11.2021 16:53:25 [JavaFX Application Thread] INFO   r.v.v.f.game.GameController - The goose was rearranged from  11 to 18
23.11.2021 16:53:26 [JavaFX Application Thread] INFO   r.v.v.f.game.GameController - The fox was rearranged from  19 to 26
23.11.2021 16:53:28 [JavaFX Application Thread] INFO   r.v.v.f.game.GameController - The goose was rearranged from  18 to 17
23.11.2021 16:53:29 [JavaFX Application Thread] INFO   r.v.v.f.game.GameController - The fox was jumped from  26 to 24
23.11.2021 16:53:29 [JavaFX Application Thread] INFO   r.v.v.f.game.GameController - The fox was jumped from  24 to 10
23.11.2021 16:53:37 [JavaFX Application Thread] INFO   r.v.v.f.gameworld.GameField - The field has been created
23.11.2021 16:53:37 [JavaFX Application Thread] INFO   r.v.v.f.game.GameController - Game restarted
23.11.2021 16:53:37 [JavaFX Application Thread] INFO   r.v.v.foxAndGeese.view.Pane - The pane is full
23.11.2021 16:53:41 [JavaFX Application Thread] INFO   r.v.v.f.gameworld.GameField - The field has been created
23.11.2021 16:53:41 [JavaFX Application Thread] INFO   r.v.v.foxAndGeese.view.Pane - The pane is full
23.11.2021 16:53:52 [JavaFX Application Thread] INFO   r.v.v.f.game.GameController - The goose was rearranged from  12 to 11
23.11.2021 16:53:54 [JavaFX Application Thread] INFO   r.v.v.f.game.GameController - The fox was jumped from  10 to 12
23.11.2021 16:53:56 [JavaFX Application Thread] INFO   r.v.v.f.game.GameController - The goose was rearranged from  5 to 10
23.11.2021 16:53:57 [JavaFX Application Thread] INFO   r.v.v.f.game.GameController - The fox was rearranged from  12 to 11
23.11.2021 16:53:58 [JavaFX Application Thread] INFO   r.v.v.f.game.GameController - The goose was rearranged from  8 to 15
23.11.2021 16:54:00 [JavaFX Application Thread] INFO   r.v.v.f.game.GameController - The fox was jumped from  11 to 9
23.11.2021 16:54:02 [JavaFX Application Thread] INFO   r.v.v.f.game.GameController - The goose was rearranged from  15 to 16
23.11.2021 16:54:03 [JavaFX Application Thread] INFO   r.v.v.f.game.GameController - The fox was jumped from  9 to 23
23.11.2021 16:54:05 [JavaFX Application Thread] INFO   r.v.v.f.game.GameController - The goose was rearranged from  20 to 21
23.11.2021 16:54:05 [JavaFX Application Thread] INFO   r.v.v.f.game.GameController - The fox was rearranged from  23 to 22
23.11.2021 16:54:10 [JavaFX Application Thread] INFO   r.v.v.f.game.GameController - The goose was rearranged from  13 to 14
23.11.2021 16:54:11 [JavaFX Application Thread] INFO   r.v.v.f.game.GameController - The fox was jumped from  22 to 20
23.11.2021 16:54:13 [JavaFX Application Thread] INFO   r.v.v.f.game.GameController - The goose was rearranged from  14 to 21
23.11.2021 16:54:13 [JavaFX Application Thread] INFO   r.v.v.f.game.GameController - The fox was jumped from  20 to 22
23.11.2021 16:54:15 [JavaFX Application Thread] INFO   r.v.v.f.game.GameController - The goose was rearranged from  7 to 14
23.11.2021 16:54:21 [JavaFX Application Thread] INFO   r.v.v.f.game.GameController - The fox was rearranged from  22 to 21
23.11.2021 16:54:22 [JavaFX Application Thread] INFO   r.v.v.f.game.GameController - The goose was rearranged from  6 to 7
23.11.2021 16:54:23 [JavaFX Application Thread] INFO   r.v.v.f.game.GameController - The fox was rearranged from  21 to 20
23.11.2021 16:54:24 [JavaFX Application Thread] INFO   r.v.v.f.game.GameController - The goose was rearranged from  7 to 8
23.11.2021 16:54:28 [JavaFX Application Thread] INFO   r.v.v.f.game.GameController - The fox was rearranged from  20 to 13
23.11.2021 16:54:29 [JavaFX Application Thread] INFO   r.v.v.f.game.GameController - The goose was rearranged from  4 to 9
23.11.2021 16:54:31 [JavaFX Application Thread] INFO   r.v.v.f.game.GameController - The fox was jumped from  13 to 15
23.11.2021 16:54:33 [JavaFX Application Thread] INFO   r.v.v.f.game.GameController - The goose was rearranged from  9 to 16
23.11.2021 16:54:33 [JavaFX Application Thread] INFO   r.v.v.f.game.GameController - The fox was jumped from  15 to 17
23.11.2021 16:54:36 [JavaFX Application Thread] INFO   r.v.v.f.game.GameController - The goose was rearranged from  8 to 9
23.11.2021 16:54:37 [JavaFX Application Thread] INFO   r.v.v.f.game.GameController - The fox was rearranged from  17 to 16
23.11.2021 16:54:39 [JavaFX Application Thread] INFO   r.v.v.f.game.GameController - The goose was rearranged from  2 to 5
23.11.2021 16:54:40 [JavaFX Application Thread] INFO   r.v.v.f.game.GameController - The fox was jumped from  16 to 4
23.11.2021 16:54:40 [JavaFX Application Thread] INFO   r.v.v.f.game.GameController - The fox won
23.11.2021 16:54:47 [JavaFX Application Thread] INFO   r.v.v.f.view.GuiViewer - The game was completed by the user
