10.11.2021 01:10:52 [JavaFX Application Thread] INFO   r.v.v.f.gameworld.GameField - The field has been created
10.11.2021 01:10:52 [JavaFX Application Thread] INFO   r.v.v.foxAndGeeese.view.Pane - The pane is full
10.11.2021 01:11:07 [main] INFO   r.vsu.vadim.foxAndGeeese.Main - Application started.
10.11.2021 01:11:23 [JavaFX Application Thread] INFO   r.v.v.f.gameworld.GameField - The field has been created
10.11.2021 01:11:23 [JavaFX Application Thread] INFO   r.v.v.foxAndGeeese.view.Pane - The pane is full
10.11.2021 01:11:28 [JavaFX Application Thread] INFO   r.v.v.f.game.GameController - The figure was rearranged from  8 to 15
10.11.2021 01:11:33 [main] INFO   r.vsu.vadim.foxAndGeeese.Main - Application started.
10.11.2021 01:30:47 [JavaFX Application Thread] INFO   r.v.v.f.gameworld.GameField - The field has been created
10.11.2021 01:30:47 [JavaFX Application Thread] INFO   r.v.v.foxAndGeeese.view.Pane - The pane is full
10.11.2021 01:30:49 [JavaFX Application Thread] INFO   r.v.v.f.game.GameController - The figure was rearranged from  8 to 15
10.11.2021 01:30:51 [JavaFX Application Thread] INFO   r.v.v.f.game.GameController - The figure was rearranged from  7 to 14
10.11.2021 01:30:54 [JavaFX Application Thread] INFO   r.v.v.f.game.GameController - The figure was rearranged from  10 to 17
10.11.2021 01:30:56 [main] INFO   r.vsu.vadim.foxAndGeeese.Main - Application started.
10.11.2021 01:36:07 [JavaFX Application Thread] INFO   r.v.v.f.gameworld.GameField - The field has been created
10.11.2021 01:36:07 [JavaFX Application Thread] INFO   r.v.v.foxAndGeeese.view.Pane - The pane is full
10.11.2021 01:36:09 [JavaFX Application Thread] INFO   r.v.v.f.game.GameController - The figure was rearranged from  8 to 15
10.11.2021 01:36:25 [main] INFO   r.vsu.vadim.foxAndGeeese.Main - Application started.
10.11.2021 01:39:24 [JavaFX Application Thread] INFO   r.v.v.f.gameworld.GameField - The field has been created
10.11.2021 01:39:24 [JavaFX Application Thread] INFO   r.v.v.foxAndGeeese.view.Pane - The pane is full
10.11.2021 01:39:26 [JavaFX Application Thread] INFO   r.v.v.f.game.GameController - The figure was rearranged from  8 to 15
10.11.2021 01:44:16 [main] INFO   r.vsu.vadim.foxAndGeeese.Main - Application started.
10.11.2021 02:02:07 [JavaFX Application Thread] INFO   r.v.v.f.gameworld.GameField - The field has been created
10.11.2021 02:02:07 [JavaFX Application Thread] INFO   r.v.v.foxAndGeeese.view.Pane - The pane is full
10.11.2021 02:02:25 [main] INFO   r.vsu.vadim.foxAndGeeese.Main - Application started.
10.11.2021 02:02:28 [JavaFX Application Thread] INFO   r.v.v.f.gameworld.GameField - The field has been created
10.11.2021 02:02:28 [JavaFX Application Thread] INFO   r.v.v.foxAndGeeese.view.Pane - The pane is full
10.11.2021 02:02:30 [JavaFX Application Thread] INFO   r.v.v.f.game.GameController - The figure was rearranged from  8 to 15
10.11.2021 02:02:31 [JavaFX Application Thread] INFO   r.v.v.f.game.GameController - The figure was rearranged from  7 to 14
10.11.2021 02:02:33 [JavaFX Application Thread] INFO   r.v.v.f.game.GameController - The figure was rearranged from  16 to 23
10.11.2021 02:02:33 [JavaFX Application Thread] INFO   r.v.v.f.game.GameController - The figure was rearranged from  20 to 21
10.11.2021 02:02:34 [JavaFX Application Thread] INFO   r.v.v.f.game.GameController - The figure was rearranged from  10 to 17
10.11.2021 02:02:36 [main] INFO   r.vsu.vadim.foxAndGeeese.Main - Application started.
10.11.2021 08:51:57 [JavaFX Application Thread] INFO   r.v.v.f.gameworld.GameField - The field has been created
10.11.2021 08:51:58 [JavaFX Application Thread] INFO   r.v.v.foxAndGeeese.view.Pane - The pane is full
10.11.2021 08:53:20 [JavaFX Application Thread] INFO   r.v.v.f.game.GameController - The figure was rearranged from  8 to 15
10.11.2021 08:53:22 [JavaFX Application Thread] INFO   r.v.v.f.game.GameController - The figure was rearranged from  7 to 14
10.11.2021 08:53:25 [main] INFO   r.vsu.vadim.foxAndGeeese.Main - Application started.
10.11.2021 18:57:04 [JavaFX Application Thread] INFO   r.v.v.f.gameworld.GameField - The field has been created
10.11.2021 18:57:04 [JavaFX Application Thread] INFO   r.v.v.foxAndGeeese.view.Pane - The pane is full
10.11.2021 18:57:06 [JavaFX Application Thread] INFO   r.v.v.f.game.GameController - The figure was rearranged from  8 to 15
10.11.2021 18:57:11 [JavaFX Application Thread] INFO   r.v.v.f.game.GameController - The figure was rearranged from  7 to 14
10.11.2021 18:57:13 [JavaFX Application Thread] INFO   r.v.v.f.game.GameController - The figure was rearranged from  20 to 21
10.11.2021 18:57:15 [main] INFO   r.vsu.vadim.foxAndGeeese.Main - Application started.
10.11.2021 19:08:13 [JavaFX Application Thread] INFO   r.v.v.f.gameworld.GameField - The field has been created
10.11.2021 19:08:13 [JavaFX Application Thread] INFO   r.v.v.foxAndGeeese.view.Pane - The pane is full
10.11.2021 19:08:35 [JavaFX Application Thread] INFO   r.v.v.f.game.GameController - The figure was rearranged from  8 to 15
10.11.2021 19:08:45 [JavaFX Application Thread] INFO   r.v.v.f.game.GameController - The figure was rearranged from  7 to 14
10.11.2021 19:22:00 [JavaFX Application Thread] INFO   r.v.v.f.gameworld.GameField - The field has been created
10.11.2021 19:22:00 [JavaFX Application Thread] INFO   r.v.v.foxAndGeeese.view.Pane - The pane is full
10.11.2021 19:22:02 [JavaFX Application Thread] INFO   r.v.v.f.game.GameController - The figure was rearranged from  8 to 15
10.11.2021 19:22:06 [JavaFX Application Thread] INFO   r.v.v.f.game.GameController - The figure was rearranged from  7 to 14
10.11.2021 19:22:16 [main] INFO   r.vsu.vadim.foxAndGeeese.Main - Application started.
10.11.2021 19:34:08 [JavaFX Application Thread] INFO   r.v.v.f.gameworld.GameField - The field has been created
10.11.2021 19:34:08 [JavaFX Application Thread] INFO   r.v.v.foxAndGeeese.view.Pane - The pane is full
10.11.2021 19:34:11 [JavaFX Application Thread] INFO   r.v.v.f.game.GameController - The figure was rearranged from  8 to 15
10.11.2021 19:34:26 [JavaFX Application Thread] INFO   r.v.v.f.gameworld.GameField - The field has been created
10.11.2021 19:34:26 [JavaFX Application Thread] INFO   r.v.v.foxAndGeeese.view.Pane - The pane is full
10.11.2021 19:34:29 [JavaFX Application Thread] INFO   r.v.v.f.game.GameController - The figure was rearranged from  16 to 23
10.11.2021 19:34:30 [JavaFX Application Thread] INFO   r.v.v.f.game.GameController - The figure was rearranged from  10 to 17
10.11.2021 19:34:31 [JavaFX Application Thread] INFO   r.v.v.f.game.GameController - The figure was rearranged from  11 to 18
10.11.2021 19:34:34 [JavaFX Application Thread] INFO   r.v.v.f.game.GameController - The figure was rearranged from  13 to 14
10.11.2021 19:34:35 [JavaFX Application Thread] INFO   r.v.v.f.game.GameController - The figure was rearranged from  20 to 21
10.11.2021 19:34:37 [main] INFO   r.vsu.vadim.foxAndGeeese.Main - Application started.
10.11.2021 19:36:31 [JavaFX Application Thread] INFO   r.v.v.f.gameworld.GameField - The field has been created
10.11.2021 19:36:31 [JavaFX Application Thread] INFO   r.v.v.foxAndGeeese.view.Pane - The pane is full
10.11.2021 19:36:37 [JavaFX Application Thread] INFO   r.v.v.f.game.GameController - The figure was rearranged from  7 to 14
10.11.2021 19:36:38 [JavaFX Application Thread] INFO   r.v.v.f.game.GameController - The figure was rearranged from  16 to 15
10.11.2021 19:36:45 [JavaFX Application Thread] INFO   r.v.v.f.game.GameController - The figure was rearranged from  15 to 16
10.11.2021 19:39:49 [JavaFX Application Thread] INFO   r.v.v.f.gameworld.GameField - The field has been created
10.11.2021 19:39:49 [JavaFX Application Thread] INFO   r.v.v.foxAndGeeese.view.Pane - The pane is full
10.11.2021 19:39:52 [JavaFX Application Thread] INFO   r.v.v.f.game.GameController - The figure was rearranged from  8 to 15
10.11.2021 19:39:59 [JavaFX Application Thread] INFO   r.v.v.f.game.GameController - The figure was rearranged from  10 to 17
10.11.2021 19:40:05 [main] INFO   r.vsu.vadim.foxAndGeeese.Main - Application started.
10.11.2021 19:42:10 [JavaFX Application Thread] INFO   r.v.v.f.gameworld.GameField - The field has been created
10.11.2021 19:42:10 [JavaFX Application Thread] INFO   r.v.v.foxAndGeeese.view.Pane - The pane is full
10.11.2021 19:42:11 [JavaFX Application Thread] INFO   r.v.v.f.game.GameController - The figure was rearranged from  8 to 15
10.11.2021 19:42:13 [JavaFX Application Thread] INFO   r.v.v.f.game.GameController - The figure was rearranged from  7 to 14
10.11.2021 19:42:14 [JavaFX Application Thread] INFO   r.v.v.f.game.GameController - The figure was rearranged from  16 to 17
10.11.2021 19:43:11 [JavaFX Application Thread] INFO   r.v.v.f.gameworld.GameField - The field has been created
10.11.2021 19:43:11 [JavaFX Application Thread] INFO   r.v.v.foxAndGeeese.view.Pane - The pane is full
10.11.2021 19:44:14 [JavaFX Application Thread] INFO   r.v.v.f.gameworld.GameField - The field has been created
10.11.2021 19:44:14 [JavaFX Application Thread] INFO   r.v.v.foxAndGeeese.view.Pane - The pane is full
10.11.2021 19:47:56 [JavaFX Application Thread] INFO   r.v.v.f.gameworld.GameField - The field has been created
10.11.2021 19:47:56 [JavaFX Application Thread] INFO   r.v.v.foxAndGeeese.view.Pane - The pane is full
10.11.2021 19:48:01 [JavaFX Application Thread] INFO   r.v.v.f.game.GameController - The figure was rearranged from  8 to 15
10.11.2021 19:48:04 [JavaFX Application Thread] INFO   r.v.v.f.game.GameController - The figure was rearranged from  7 to 14
10.11.2021 19:48:18 [JavaFX Application Thread] INFO   r.v.v.f.game.GameController - The figure was rearranged from  10 to 17
10.11.2021 20:19:28 [JavaFX Application Thread] INFO   r.v.v.f.gameworld.GameField - The field has been created
10.11.2021 20:19:28 [JavaFX Application Thread] INFO   r.v.v.foxAndGeeese.view.Pane - The pane is full
10.11.2021 20:19:29 [JavaFX Application Thread] INFO   r.v.v.f.game.GameController - The figure was rearranged from  8 to 15
10.11.2021 20:19:30 [JavaFX Application Thread] INFO   r.v.v.f.game.GameController - The figure was rearranged from  7 to 14
10.11.2021 20:20:12 [JavaFX Application Thread] INFO   r.v.v.f.gameworld.GameField - The field has been created
10.11.2021 20:20:12 [JavaFX Application Thread] INFO   r.v.v.foxAndGeeese.view.Pane - The pane is full
10.11.2021 20:20:13 [JavaFX Application Thread] INFO   r.v.v.f.game.GameController - The figure was rearranged from  8 to 15
10.11.2021 20:20:15 [JavaFX Application Thread] INFO   r.v.v.f.game.GameController - The figure was rearranged from  7 to 14
10.11.2021 20:20:21 [JavaFX Application Thread] INFO   r.v.v.f.game.GameController - The figure was rearranged from  20 to 21
10.11.2021 20:20:21 [JavaFX Application Thread] INFO   r.v.v.f.game.GameController - The figure was rearranged from  16 to 23
10.11.2021 20:20:24 [JavaFX Application Thread] INFO   r.v.v.f.game.GameController - The figure was rearranged from  23 to 24
10.11.2021 20:20:26 [main] INFO   r.vsu.vadim.foxAndGeeese.Main - Application started.
10.11.2021 20:22:20 [JavaFX Application Thread] INFO   r.v.v.f.gameworld.GameField - The field has been created
10.11.2021 20:22:20 [JavaFX Application Thread] INFO   r.v.v.foxAndGeeese.view.Pane - The pane is full
10.11.2021 20:22:21 [JavaFX Application Thread] INFO   r.v.v.f.game.GameController - The figure was rearranged from  8 to 15
10.11.2021 20:22:26 [JavaFX Application Thread] INFO   r.v.v.f.game.GameController - The figure was rearranged from  10 to 17
10.11.2021 20:22:29 [JavaFX Application Thread] INFO   r.v.v.f.game.GameController - The figure was rearranged from  15 to 14
10.11.2021 20:22:32 [JavaFX Application Thread] INFO   r.v.v.f.game.GameController - The figure was rearranged from  26 to 25
10.11.2021 20:22:33 [JavaFX Application Thread] INFO   r.v.v.f.game.GameController - The figure was rearranged from  20 to 21
10.11.2021 20:22:34 [main] INFO   r.vsu.vadim.foxAndGeeese.Main - Application started.
10.11.2021 20:34:06 [JavaFX Application Thread] INFO   r.v.v.f.gameworld.GameField - The field has been created
10.11.2021 20:34:06 [JavaFX Application Thread] INFO   r.v.v.foxAndGeeese.view.Pane - The pane is full
10.11.2021 20:34:08 [JavaFX Application Thread] INFO   r.v.v.f.game.GameController - The figure was rearranged from  8 to 15
10.11.2021 20:34:09 [JavaFX Application Thread] INFO   r.v.v.f.game.GameController - The figure was rearranged from  7 to 14
10.11.2021 20:34:12 [JavaFX Application Thread] INFO   r.v.v.f.game.GameController - The figure was rearranged from  10 to 17
10.11.2021 20:34:15 [JavaFX Application Thread] INFO   r.v.v.f.game.GameController - The figure was rearranged from  16 to 23
10.11.2021 20:34:18 [main] INFO   r.vsu.vadim.foxAndGeeese.Main - Application started.
10.11.2021 20:35:37 [JavaFX Application Thread] INFO   r.v.v.f.gameworld.GameField - The field has been created
10.11.2021 20:35:37 [JavaFX Application Thread] INFO   r.v.v.foxAndGeeese.view.Pane - The pane is full
10.11.2021 20:35:39 [JavaFX Application Thread] INFO   r.v.v.f.game.GameController - The figure was rearranged from  8 to 15
10.11.2021 20:35:40 [JavaFX Application Thread] INFO   r.v.v.f.game.GameController - The figure was rearranged from  7 to 14
10.11.2021 20:35:41 [JavaFX Application Thread] INFO   r.v.v.f.game.GameController - The figure was rearranged from  20 to 21
10.11.2021 20:35:45 [main] INFO   r.vsu.vadim.foxAndGeeese.Main - Application started.
10.11.2021 20:39:26 [JavaFX Application Thread] INFO   r.v.v.f.gameworld.GameField - The field has been created
10.11.2021 20:39:26 [JavaFX Application Thread] INFO   r.v.v.foxAndGeeese.view.Pane - The pane is full
10.11.2021 20:39:28 [JavaFX Application Thread] INFO   r.v.v.f.game.GameController - The figure was rearranged from  8 to 15
10.11.2021 20:39:29 [JavaFX Application Thread] INFO   r.v.v.f.game.GameController - The figure was rearranged from  7 to 14
10.11.2021 20:40:54 [JavaFX Application Thread] INFO   r.v.v.f.gameworld.GameField - The field has been created
10.11.2021 20:40:54 [JavaFX Application Thread] INFO   r.v.v.foxAndGeeese.view.Pane - The pane is full
10.11.2021 20:41:40 [JavaFX Application Thread] INFO   r.v.v.f.gameworld.GameField - The field has been created
10.11.2021 20:41:40 [JavaFX Application Thread] INFO   r.v.v.foxAndGeeese.view.Pane - The pane is full
10.11.2021 20:41:55 [JavaFX Application Thread] INFO   r.v.v.f.gameworld.GameField - The field has been created
10.11.2021 20:41:55 [JavaFX Application Thread] INFO   r.v.v.foxAndGeeese.view.Pane - The pane is full
10.11.2021 20:44:45 [JavaFX Application Thread] INFO   r.v.v.f.gameworld.GameField - The field has been created
10.11.2021 20:45:05 [JavaFX Application Thread] INFO   r.v.v.foxAndGeeese.view.Pane - The pane is full
10.11.2021 20:45:12 [JavaFX Application Thread] INFO   r.v.v.f.gameworld.GameField - The field has been created
10.11.2021 20:45:12 [JavaFX Application Thread] INFO   r.v.v.foxAndGeeese.view.Pane - The pane is full
10.11.2021 20:45:14 [JavaFX Application Thread] INFO   r.v.v.f.game.GameController - The figure was rearranged from  8 to 15
10.11.2021 20:45:15 [JavaFX Application Thread] INFO   r.v.v.f.game.GameController - The figure was rearranged from  7 to 14
10.11.2021 20:45:16 [JavaFX Application Thread] INFO   r.v.v.f.game.GameController - The figure was rearranged from  20 to 21
10.11.2021 20:45:19 [main] INFO   r.vsu.vadim.foxAndGeeese.Main - Application started.
10.11.2021 20:45:24 [JavaFX Application Thread] INFO   r.v.v.f.gameworld.GameField - The field has been created
10.11.2021 20:45:24 [JavaFX Application Thread] INFO   r.v.v.foxAndGeeese.view.Pane - The pane is full
10.11.2021 20:45:51 [JavaFX Application Thread] INFO   r.v.v.f.game.GameController - The figure was rearranged from  8 to 15
10.11.2021 20:46:09 [JavaFX Application Thread] INFO   r.v.v.f.gameworld.GameField - The field has been created
10.11.2021 20:46:09 [JavaFX Application Thread] INFO   r.v.v.foxAndGeeese.view.Pane - The pane is full
10.11.2021 20:46:58 [main] INFO   r.vsu.vadim.foxAndGeeese.Main - Application started.
10.11.2021 20:47:02 [JavaFX Application Thread] INFO   r.v.v.f.gameworld.GameField - The field has been created
10.11.2021 20:47:02 [JavaFX Application Thread] INFO   r.v.v.foxAndGeeese.view.Pane - The pane is full
10.11.2021 20:47:04 [JavaFX Application Thread] INFO   r.v.v.f.game.GameController - The figure was rearranged from  8 to 15
10.11.2021 20:47:24 [main] INFO   r.vsu.vadim.foxAndGeeese.Main - Application started.
10.11.2021 20:47:56 [JavaFX Application Thread] INFO   r.v.v.f.gameworld.GameField - The field has been created
10.11.2021 20:47:56 [JavaFX Application Thread] INFO   r.v.v.foxAndGeeese.view.Pane - The pane is full
10.11.2021 20:47:58 [JavaFX Application Thread] INFO   r.v.v.f.game.GameController - The figure was rearranged from  10 to 17
10.11.2021 20:48:20 [JavaFX Application Thread] INFO   r.v.v.f.gameworld.GameField - The field has been created
10.11.2021 20:48:20 [JavaFX Application Thread] INFO   r.v.v.foxAndGeeese.view.Pane - The pane is full
10.11.2021 20:48:26 [JavaFX Application Thread] INFO   r.v.v.f.game.GameController - The figure was rearranged from  10 to 17
10.11.2021 20:49:00 [JavaFX Application Thread] INFO   r.v.v.f.gameworld.GameField - The field has been created
10.11.2021 20:49:00 [JavaFX Application Thread] INFO   r.v.v.foxAndGeeese.view.Pane - The pane is full
10.11.2021 20:49:05 [JavaFX Application Thread] INFO   r.v.v.f.game.GameController - The figure was rearranged from  10 to 17
10.11.2021 20:49:14 [JavaFX Application Thread] INFO   r.v.v.f.gameworld.GameField - The field has been created
10.11.2021 20:49:15 [JavaFX Application Thread] INFO   r.v.v.foxAndGeeese.view.Pane - The pane is full
10.11.2021 20:49:18 [JavaFX Application Thread] INFO   r.v.v.f.game.GameController - The figure was rearranged from  10 to 17
10.11.2021 20:52:50 [JavaFX Application Thread] INFO   r.v.v.f.gameworld.GameField - The field has been created
10.11.2021 20:52:50 [JavaFX Application Thread] INFO   r.v.v.foxAndGeeese.view.Pane - The pane is full
10.11.2021 20:52:56 [JavaFX Application Thread] INFO   r.v.v.f.game.GameController - The figure was rearranged from  10 to 17
10.11.2021 20:54:02 [JavaFX Application Thread] INFO   r.v.v.f.gameworld.GameField - The field has been created
10.11.2021 20:54:02 [JavaFX Application Thread] INFO   r.v.v.foxAndGeeese.view.Pane - The pane is full
10.11.2021 20:54:17 [JavaFX Application Thread] INFO   r.v.v.f.gameworld.GameField - The field has been created
10.11.2021 20:54:17 [JavaFX Application Thread] INFO   r.v.v.foxAndGeeese.view.Pane - The pane is full
10.11.2021 20:54:19 [JavaFX Application Thread] INFO   r.v.v.f.game.GameController - The figure was rearranged from  10 to 17
10.11.2021 20:54:20 [JavaFX Application Thread] INFO   r.v.v.f.game.GameController - The figure was rearranged from  11 to 18
10.11.2021 20:54:21 [main] INFO   r.vsu.vadim.foxAndGeeese.Main - Application started.
10.11.2021 20:54:23 [JavaFX Application Thread] INFO   r.v.v.f.gameworld.GameField - The field has been created
10.11.2021 20:54:23 [JavaFX Application Thread] INFO   r.v.v.foxAndGeeese.view.Pane - The pane is full
10.11.2021 20:54:42 [JavaFX Application Thread] INFO   r.v.v.f.game.GameController - The figure was rearranged from  19 to 18
10.11.2021 20:56:07 [JavaFX Application Thread] INFO   r.v.v.f.gameworld.GameField - The field has been created
10.11.2021 20:56:08 [JavaFX Application Thread] INFO   r.v.v.foxAndGeeese.view.Pane - The pane is full
10.11.2021 20:56:11 [JavaFX Application Thread] INFO   r.v.v.f.game.GameController - The figure was rearranged from  10 to 17
10.11.2021 20:56:21 [JavaFX Application Thread] INFO   r.v.v.f.gameworld.GameField - The field has been created
10.11.2021 20:56:21 [JavaFX Application Thread] INFO   r.v.v.foxAndGeeese.view.Pane - The pane is full
10.11.2021 20:56:23 [JavaFX Application Thread] INFO   r.v.v.f.game.GameController - The figure was rearranged from  10 to 17
10.11.2021 20:56:27 [JavaFX Application Thread] INFO   r.v.v.f.gameworld.GameField - The field has been created
10.11.2021 20:56:27 [JavaFX Application Thread] INFO   r.v.v.foxAndGeeese.view.Pane - The pane is full
10.11.2021 20:56:31 [JavaFX Application Thread] INFO   r.v.v.f.game.GameController - The figure was rearranged from  10 to 17
10.11.2021 21:00:44 [JavaFX Application Thread] INFO   r.v.v.f.gameworld.GameField - The field has been created
10.11.2021 21:00:44 [JavaFX Application Thread] INFO   r.v.v.foxAndGeeese.view.Pane - The pane is full
10.11.2021 21:00:45 [JavaFX Application Thread] INFO   r.v.v.f.game.GameController - The figure was rearranged from  10 to 17
10.11.2021 21:00:46 [JavaFX Application Thread] INFO   r.v.v.f.game.GameController - The figure was rearranged from  11 to 18
10.11.2021 21:00:47 [main] INFO   r.vsu.vadim.foxAndGeeese.Main - Application started.
10.11.2021 21:05:33 [JavaFX Application Thread] INFO   r.v.v.f.gameworld.GameField - The field has been created
10.11.2021 21:05:33 [JavaFX Application Thread] INFO   r.v.v.foxAndGeeese.view.Pane - The pane is full
10.11.2021 21:05:35 [JavaFX Application Thread] INFO   r.v.v.f.game.GameController - The figure was rearranged from  10 to 17
10.11.2021 21:05:38 [JavaFX Application Thread] INFO   r.v.v.f.game.GameController - The figure was rearranged from  11 to 18
10.11.2021 21:05:39 [JavaFX Application Thread] INFO   r.v.v.f.game.GameController - The figure was rearranged from  26 to 25
10.11.2021 21:05:40 [JavaFX Application Thread] INFO   r.v.v.f.game.GameController - The figure was rearranged from  25 to 24
10.11.2021 21:05:41 [JavaFX Application Thread] INFO   r.v.v.f.game.GameController - The figure was rearranged from  24 to 29
10.11.2021 21:05:42 [JavaFX Application Thread] INFO   r.v.v.f.game.GameController - The figure was rearranged from  16 to 23
10.11.2021 21:05:43 [JavaFX Application Thread] INFO   r.v.v.f.game.GameController - The figure was rearranged from  23 to 22
10.11.2021 21:05:47 [JavaFX Application Thread] INFO   r.v.v.f.game.GameController - The figure was rearranged from  17 to 16
10.11.2021 21:05:49 [JavaFX Application Thread] INFO   r.v.v.f.game.GameController - The figure was rearranged from  22 to 15
10.11.2021 21:05:54 [JavaFX Application Thread] INFO   r.v.v.f.game.GameController - The figure was rearranged from  20 to 21
10.11.2021 21:05:57 [JavaFX Application Thread] INFO   r.v.v.f.game.GameController - The figure was rearranged from  18 to 25
10.11.2021 21:05:58 [JavaFX Application Thread] INFO   r.v.v.f.game.GameController - The figure was rearranged from  19 to 26
10.11.2021 21:05:59 [JavaFX Application Thread] INFO   r.v.v.f.game.GameController - The figure was rearranged from  12 to 11
10.11.2021 21:06:40 [main] INFO   r.vsu.vadim.foxAndGeeese.Main - Application started.
10.11.2021 21:07:12 [JavaFX Application Thread] INFO   r.v.v.f.gameworld.GameField - The field has been created
10.11.2021 21:07:12 [JavaFX Application Thread] INFO   r.v.v.foxAndGeeese.view.Pane - The pane is full
10.11.2021 21:07:15 [JavaFX Application Thread] INFO   r.v.v.f.game.GameController - The figure was rearranged from  16 to 17
10.11.2021 21:07:16 [JavaFX Application Thread] INFO   r.v.v.f.game.GameController - The figure was rearranged from  17 to 18
10.11.2021 21:07:19 [JavaFX Application Thread] INFO   r.v.v.f.game.GameController - The figure was rearranged from  18 to 25
10.11.2021 21:07:19 [JavaFX Application Thread] INFO   r.v.v.f.game.GameController - The figure was rearranged from  25 to 24
10.11.2021 21:07:20 [JavaFX Application Thread] INFO   r.v.v.f.game.GameController - The figure was rearranged from  24 to 29
10.11.2021 21:07:20 [JavaFX Application Thread] INFO   r.v.v.f.game.GameController - The figure was rearranged from  29 to 32
10.11.2021 21:07:21 [JavaFX Application Thread] INFO   r.v.v.f.game.GameController - The figure was rearranged from  32 to 31
10.11.2021 21:07:21 [JavaFX Application Thread] INFO   r.v.v.f.game.GameController - The figure was rearranged from  31 to 28
10.11.2021 21:07:27 [JavaFX Application Thread] INFO   r.v.v.f.game.GameController - The figure was rearranged from  28 to 27
10.11.2021 21:07:39 [JavaFX Application Thread] INFO   r.v.v.f.game.GameController - The figure was rearranged from  20 to 21
10.11.2021 21:07:43 [JavaFX Application Thread] INFO   r.v.v.f.game.GameController - The figure was rearranged from  27 to 28
10.11.2021 21:07:44 [JavaFX Application Thread] INFO   r.v.v.f.game.GameController - The figure was rearranged from  21 to 22
10.11.2021 21:07:45 [JavaFX Application Thread] INFO   r.v.v.f.game.GameController - The figure was rearranged from  28 to 23
10.11.2021 21:07:46 [JavaFX Application Thread] INFO   r.v.v.f.game.GameController - The figure was rearranged from  23 to 24
10.11.2021 21:07:46 [JavaFX Application Thread] INFO   r.v.v.f.game.GameController - The figure was rearranged from  24 to 29
10.11.2021 21:07:47 [JavaFX Application Thread] INFO   r.v.v.f.game.GameController - The figure was rearranged from  9 to 16
10.11.2021 21:07:49 [JavaFX Application Thread] INFO   r.v.v.f.game.GameController - The figure was rearranged from  11 to 18
10.11.2021 21:07:50 [JavaFX Application Thread] INFO   r.v.v.f.game.GameController - The figure was rearranged from  26 to 25
10.11.2021 21:07:51 [JavaFX Application Thread] INFO   r.v.v.f.game.GameController - The figure was rearranged from  29 to 28
10.11.2021 21:07:55 [JavaFX Application Thread] INFO   r.v.v.f.game.GameController - The figure was rearranged from  16 to 23
10.11.2021 21:07:57 [JavaFX Application Thread] INFO   r.v.v.f.game.GameController - The figure was rearranged from  22 to 15
10.11.2021 21:07:59 [main] INFO   r.vsu.vadim.foxAndGeeese.Main - Application started.
10.11.2021 21:10:50 [JavaFX Application Thread] INFO   r.v.v.f.gameworld.GameField - The field has been created
10.11.2021 21:10:50 [JavaFX Application Thread] INFO   r.v.v.foxAndGeeese.view.Pane - The pane is full
10.11.2021 21:10:52 [JavaFX Application Thread] INFO   r.v.v.f.gameworld.GameField - The field has been created
10.11.2021 21:10:52 [JavaFX Application Thread] INFO   r.v.v.foxAndGeeese.view.Pane - The pane is full
10.11.2021 21:10:59 [main] INFO   r.vsu.vadim.foxAndGeeese.Main - Application started.
10.11.2021 21:11:38 [JavaFX Application Thread] INFO   r.v.v.f.gameworld.GameField - The field has been created
10.11.2021 21:11:38 [JavaFX Application Thread] INFO   r.v.v.foxAndGeeese.view.Pane - The pane is full
10.11.2021 21:11:40 [JavaFX Application Thread] INFO   r.v.v.f.game.GameController - The figure was rearranged from  16 to 17
10.11.2021 21:11:41 [JavaFX Application Thread] INFO   r.v.v.f.game.GameController - The figure was rearranged from  11 to 18
10.11.2021 21:12:07 [JavaFX Application Thread] INFO   r.v.v.f.gameworld.GameField - The field has been created
10.11.2021 21:12:07 [JavaFX Application Thread] INFO   r.v.v.foxAndGeeese.view.Pane - The pane is full
10.11.2021 21:12:09 [JavaFX Application Thread] INFO   r.v.v.f.game.GameController - The figure was rearranged from  10 to 17
10.11.2021 21:12:11 [JavaFX Application Thread] INFO   r.v.v.f.game.GameController - The figure was rearranged from  17 to 24
10.11.2021 21:12:12 [JavaFX Application Thread] INFO   r.v.v.f.game.GameController - The figure was rearranged from  24 to 23
10.11.2021 21:12:12 [JavaFX Application Thread] INFO   r.v.v.f.game.GameController - The figure was rearranged from  23 to 22
10.11.2021 21:12:13 [JavaFX Application Thread] INFO   r.v.v.f.game.GameController - The figure was rearranged from  22 to 15
10.11.2021 21:12:14 [JavaFX Application Thread] INFO   r.v.v.f.game.GameController - The figure was rearranged from  5 to 10
10.11.2021 21:12:15 [JavaFX Application Thread] INFO   r.v.v.f.game.GameController - The figure was rearranged from  10 to 17
10.11.2021 21:12:17 [JavaFX Application Thread] INFO   r.v.v.f.game.GameController - The figure was rearranged from  17 to 24
10.11.2021 21:12:17 [JavaFX Application Thread] INFO   r.v.v.f.game.GameController - The figure was rearranged from  24 to 23
10.11.2021 21:12:18 [JavaFX Application Thread] INFO   r.v.v.f.game.GameController - The figure was rearranged from  23 to 28
10.11.2021 21:12:18 [JavaFX Application Thread] INFO   r.v.v.f.game.GameController - The figure was rearranged from  28 to 29
10.11.2021 21:12:19 [JavaFX Application Thread] INFO   r.v.v.f.game.GameController - The figure was rearranged from  29 to 24
10.11.2021 21:12:20 [JavaFX Application Thread] INFO   r.v.v.f.game.GameController - The figure was rearranged from  26 to 25
10.11.2021 21:12:21 [JavaFX Application Thread] INFO   r.v.v.f.game.GameController - The figure was rearranged from  19 to 18
10.11.2021 21:12:21 [JavaFX Application Thread] INFO   r.v.v.f.game.GameController - The figure was rearranged from  11 to 10
10.11.2021 21:12:22 [JavaFX Application Thread] INFO   r.v.v.f.game.GameController - The figure was rearranged from  10 to 17
10.11.2021 21:12:22 [JavaFX Application Thread] INFO   r.v.v.f.game.GameController - The figure was rearranged from  12 to 19
10.11.2021 21:12:23 [JavaFX Application Thread] INFO   r.v.v.f.game.GameController - The figure was rearranged from  19 to 26
10.11.2021 21:12:24 [main] INFO   r.vsu.vadim.foxAndGeeese.Main - Application started.
10.11.2021 21:12:42 [JavaFX Application Thread] INFO   r.v.v.f.gameworld.GameField - The field has been created
10.11.2021 21:12:42 [JavaFX Application Thread] INFO   r.v.v.foxAndGeeese.view.Pane - The pane is full
10.11.2021 21:12:43 [JavaFX Application Thread] INFO   r.v.v.f.game.GameController - The figure was rearranged from  10 to 17
10.11.2021 21:12:44 [JavaFX Application Thread] INFO   r.v.v.f.game.GameController - The figure was rearranged from  17 to 24
10.11.2021 21:12:45 [JavaFX Application Thread] INFO   r.v.v.f.game.GameController - The figure was rearranged from  24 to 23
10.11.2021 21:12:46 [JavaFX Application Thread] INFO   r.v.v.f.game.GameController - The figure was rearranged from  23 to 28
10.11.2021 21:12:47 [JavaFX Application Thread] INFO   r.v.v.f.game.GameController - The figure was rearranged from  16 to 17
10.11.2021 21:12:48 [JavaFX Application Thread] INFO   r.v.v.f.game.GameController - The figure was rearranged from  17 to 10
10.11.2021 21:12:48 [JavaFX Application Thread] INFO   r.v.v.f.game.GameController - The figure was rearranged from  19 to 18
10.11.2021 21:12:49 [JavaFX Application Thread] INFO   r.v.v.f.game.GameController - The figure was rearranged from  18 to 17
10.11.2021 21:13:21 [JavaFX Application Thread] INFO   r.v.v.f.game.GameController - The figure was rearranged from  28 to 27
10.11.2021 21:13:23 [JavaFX Application Thread] INFO   r.v.v.f.game.GameController - The figure was rearranged from  11 to 18
10.11.2021 21:13:27 [JavaFX Application Thread] INFO   r.v.v.f.game.GameController - The figure was rearranged from  12 to 19
10.11.2021 21:13:29 [JavaFX Application Thread] INFO   r.v.v.f.game.GameController - The figure was rearranged from  10 to 11
10.11.2021 21:13:30 [JavaFX Application Thread] INFO   r.v.v.f.game.GameController - The figure was rearranged from  17 to 24
10.11.2021 21:13:31 [JavaFX Application Thread] INFO   r.v.v.f.game.GameController - The figure was rearranged from  18 to 17
10.11.2021 21:13:32 [JavaFX Application Thread] INFO   r.v.v.f.game.GameController - The figure was rearranged from  17 to 16
10.11.2021 21:13:33 [JavaFX Application Thread] INFO   r.v.v.f.game.GameController - The figure was rearranged from  9 to 10
10.11.2021 21:13:34 [JavaFX Application Thread] INFO   r.v.v.f.game.GameController - The figure was rearranged from  10 to 17
10.11.2021 21:13:35 [JavaFX Application Thread] INFO   r.v.v.f.game.GameController - The figure was rearranged from  26 to 25
10.11.2021 21:13:36 [JavaFX Application Thread] INFO   r.v.v.f.game.GameController - The figure was rearranged from  24 to 29
10.11.2021 21:13:37 [JavaFX Application Thread] INFO   r.v.v.f.game.GameController - The figure was rearranged from  27 to 28
10.11.2021 21:13:40 [JavaFX Application Thread] INFO   r.v.v.f.game.GameController - The figure was rearranged from  4 to 9
10.11.2021 21:13:41 [JavaFX Application Thread] INFO   r.v.v.f.game.GameController - The figure was rearranged from  8 to 15
10.11.2021 21:13:41 [JavaFX Application Thread] INFO   r.v.v.f.game.GameController - The figure was rearranged from  15 to 22
10.11.2021 21:13:42 [JavaFX Application Thread] INFO   r.v.v.f.game.GameController - The figure was rearranged from  16 to 23
10.11.2021 21:13:43 [JavaFX Application Thread] INFO   r.v.v.f.game.GameController - The figure was rearranged from  17 to 24
10.11.2021 21:13:44 [main] INFO   r.vsu.vadim.foxAndGeeese.Main - Application started.
10.11.2021 21:14:13 [JavaFX Application Thread] INFO   r.v.v.f.gameworld.GameField - The field has been created
10.11.2021 21:14:13 [JavaFX Application Thread] INFO   r.v.v.foxAndGeeese.view.Pane - The pane is full
10.11.2021 21:14:17 [JavaFX Application Thread] INFO   r.v.v.f.game.GameController - The figure was rearranged from  10 to 17
10.11.2021 21:14:17 [JavaFX Application Thread] INFO   r.v.v.f.game.GameController - The figure was rearranged from  17 to 24
10.11.2021 21:14:18 [JavaFX Application Thread] INFO   r.v.v.f.game.GameController - The figure was rearranged from  24 to 23
10.11.2021 21:14:24 [JavaFX Application Thread] INFO   r.v.v.f.game.GameController - The figure was rearranged from  16 to 17
10.11.2021 21:14:31 [JavaFX Application Thread] INFO   r.v.v.f.game.GameController - The figure was rearranged from  9 to 16
10.11.2021 21:14:33 [JavaFX Application Thread] INFO   r.v.v.f.game.GameController - The figure was rearranged from  8 to 15
10.11.2021 21:14:34 [JavaFX Application Thread] INFO   r.v.v.f.game.GameController - The figure was rearranged from  13 to 14
10.11.2021 21:14:35 [JavaFX Application Thread] INFO   r.v.v.f.game.GameController - The figure was rearranged from  20 to 21
10.11.2021 21:14:36 [JavaFX Application Thread] INFO   r.v.v.f.game.GameController - The figure was rearranged from  23 to 28
10.11.2021 21:14:40 [JavaFX Application Thread] INFO   r.v.v.f.game.GameController - The figure was rearranged from  28 to 29
10.11.2021 21:14:41 [JavaFX Application Thread] INFO   r.v.v.f.game.GameController - The figure was rearranged from  29 to 24
10.11.2021 21:14:43 [JavaFX Application Thread] INFO   r.v.v.f.game.GameController - The figure was rearranged from  26 to 25
10.11.2021 21:14:44 [JavaFX Application Thread] INFO   r.v.v.f.game.GameController - The figure was rearranged from  19 to 18
10.11.2021 21:14:45 [JavaFX Application Thread] INFO   r.v.v.f.game.GameController - The figure was rearranged from  5 to 10
10.11.2021 21:14:46 [JavaFX Application Thread] INFO   r.v.v.f.game.GameController - The figure was rearranged from  12 to 19
10.11.2021 21:14:54 [JavaFX Application Thread] INFO   r.v.v.f.game.GameController - The figure was rearranged from  4 to 9
10.11.2021 21:14:55 [JavaFX Application Thread] INFO   r.v.v.f.game.GameController - The figure was rearranged from  21 to 22
10.11.2021 21:14:56 [JavaFX Application Thread] INFO   r.v.v.f.game.GameController - The figure was rearranged from  22 to 23
10.11.2021 21:14:57 [main] INFO   r.vsu.vadim.foxAndGeeese.Main - Application started.
10.11.2021 21:24:36 [JavaFX Application Thread] INFO   r.v.v.f.gameworld.GameField - The field has been created
10.11.2021 21:24:36 [JavaFX Application Thread] INFO   r.v.v.foxAndGeeese.view.Pane - The pane is full
10.11.2021 21:24:38 [JavaFX Application Thread] INFO   r.v.v.f.game.GameController - The goose was rearranged from  10 to 17
10.11.2021 21:24:41 [JavaFX Application Thread] INFO   r.v.v.f.game.GameController - The goose was rearranged from  17 to 24
10.11.2021 21:24:42 [JavaFX Application Thread] INFO   r.v.v.f.game.GameController - The goose was rearranged from  24 to 29
10.11.2021 21:24:43 [JavaFX Application Thread] INFO   r.v.v.f.game.GameController - The goose was rearranged from  29 to 28
10.11.2021 21:24:44 [main] INFO   r.vsu.vadim.foxAndGeeese.Main - Application started.
10.11.2021 21:25:12 [JavaFX Application Thread] INFO   r.v.v.f.gameworld.GameField - The field has been created
10.11.2021 21:25:12 [JavaFX Application Thread] INFO   r.v.v.foxAndGeeese.view.Pane - The pane is full
10.11.2021 21:25:13 [JavaFX Application Thread] INFO   r.v.v.f.game.GameController - The goose was rearranged from  10 to 17
10.11.2021 21:25:17 [JavaFX Application Thread] INFO   r.v.v.f.game.GameController - The fox was rearranged from  16 to 23
10.11.2021 21:25:20 [JavaFX Application Thread] INFO   r.v.v.f.game.GameController - The goose was rearranged from  17 to 24
10.11.2021 21:25:23 [JavaFX Application Thread] INFO   r.v.v.f.game.GameController - The fox was rearranged from  23 to 22
10.11.2021 21:25:27 [JavaFX Application Thread] INFO   r.v.v.f.gameworld.GameField - The field has been created
10.11.2021 21:25:27 [JavaFX Application Thread] INFO   r.v.v.foxAndGeeese.view.Pane - The pane is full
10.11.2021 21:25:43 [JavaFX Application Thread] INFO   r.v.v.f.gameworld.GameField - The field has been created
10.11.2021 21:25:43 [JavaFX Application Thread] INFO   r.v.v.foxAndGeeese.view.Pane - The pane is full
10.11.2021 21:25:47 [JavaFX Application Thread] INFO   r.v.v.f.game.GameController - The goose was rearranged from  10 to 17
10.11.2021 21:25:51 [JavaFX Application Thread] INFO   r.v.v.f.game.GameController - The fox was rearranged from  16 to 23
10.11.2021 21:25:52 [main] INFO   r.vsu.vadim.foxAndGeeese.Main - Application started.
10.11.2021 21:26:04 [JavaFX Application Thread] INFO   r.v.v.f.gameworld.GameField - The field has been created
10.11.2021 21:26:04 [JavaFX Application Thread] INFO   r.v.v.foxAndGeeese.view.Pane - The pane is full
10.11.2021 21:26:07 [JavaFX Application Thread] INFO   r.v.v.f.game.GameController - The fox was rearranged from  16 to 23
10.11.2021 21:26:12 [JavaFX Application Thread] INFO   r.v.v.f.game.GameController - The goose was rearranged from  8 to 15
10.11.2021 21:26:14 [JavaFX Application Thread] INFO   r.v.v.f.game.GameController - The fox was rearranged from  23 to 24
10.11.2021 21:26:15 [JavaFX Application Thread] INFO   r.v.v.f.game.GameController - The goose was rearranged from  10 to 17
10.11.2021 21:26:17 [JavaFX Application Thread] INFO   r.v.v.f.game.GameController - The fox was rearranged from  24 to 23
10.11.2021 21:26:17 [JavaFX Application Thread] INFO   r.v.v.f.game.GameController - The goose was rearranged from  17 to 18
10.11.2021 21:26:18 [JavaFX Application Thread] INFO   r.v.v.f.game.GameController - The fox was rearranged from  23 to 28
10.11.2021 21:26:20 [JavaFX Application Thread] INFO   r.v.v.f.game.GameController - The goose was rearranged from  26 to 25
10.11.2021 21:26:21 [JavaFX Application Thread] INFO   r.v.v.f.game.GameController - The fox was rearranged from  28 to 29
10.11.2021 21:26:21 [JavaFX Application Thread] INFO   r.v.v.f.game.GameController - The goose was rearranged from  25 to 24
10.11.2021 21:26:23 [JavaFX Application Thread] INFO   r.v.v.f.game.GameController - The fox was rearranged from  29 to 28
10.11.2021 21:26:23 [JavaFX Application Thread] INFO   r.v.v.f.game.GameController - The goose was rearranged from  24 to 17
10.11.2021 21:26:26 [JavaFX Application Thread] INFO   r.v.v.f.game.GameController - The fox was rearranged from  28 to 23
10.11.2021 21:26:27 [JavaFX Application Thread] INFO   r.v.v.f.game.GameController - The goose was rearranged from  15 to 22
10.11.2021 21:26:28 [JavaFX Application Thread] INFO   r.v.v.f.game.GameController - The fox was rearranged from  23 to 24
10.11.2021 21:26:29 [JavaFX Application Thread] INFO   r.v.v.f.game.GameController - The goose was rearranged from  22 to 27
10.11.2021 21:26:30 [JavaFX Application Thread] INFO   r.v.v.f.game.GameController - The fox was rearranged from  24 to 25
10.11.2021 21:26:31 [JavaFX Application Thread] INFO   r.v.v.f.game.GameController - The goose was rearranged from  19 to 26
10.11.2021 21:26:43 [JavaFX Application Thread] INFO   r.v.v.f.game.GameController - The fox was rearranged from  25 to 24
10.11.2021 21:26:45 [JavaFX Application Thread] INFO   r.v.v.f.game.GameController - The goose was rearranged from  18 to 25
10.11.2021 21:26:55 [main] INFO   r.vsu.vadim.foxAndGeeese.Main - Application started.
11.11.2021 18:01:12 [JavaFX Application Thread] INFO   r.v.v.f.gameworld.GameField - The field has been created
11.11.2021 18:01:12 [JavaFX Application Thread] INFO   r.v.v.foxAndGeeese.view.Pane - The pane is full
11.11.2021 18:01:14 [JavaFX Application Thread] INFO   r.v.v.f.game.GameController - The fox was rearranged from  16 to 23
11.11.2021 18:03:52 [JavaFX Application Thread] INFO   r.v.v.f.gameworld.GameField - The field has been created
11.11.2021 18:03:52 [JavaFX Application Thread] INFO   r.v.v.foxAndGeeese.view.Pane - The pane is full
